2018-08-22 09:53:03.490 [main] INFO  o.s.c.c.client.ConfigServicePropertySourceLocator -
				Fetching config from server at: http://localhost:8888
2018-08-22 09:53:04.662 [main] WARN  o.s.c.c.client.ConfigServicePropertySourceLocator -
				Could not locate PropertySource: I/O error on GET request for "http://localhost:8888/test-service/test": Connection refused: connect; nested exception is java.net.ConnectException: Connection refused: connect
2018-08-22 09:53:04.670 [main] INFO  com.springboot.TestSpringbootApplication -
				The following profiles are active: test
2018-08-22 09:53:04.685 [main] INFO  o.s.b.c.e.AnnotationConfigEmbeddedWebApplicationContext -
				Refreshing org.springframework.boot.context.embedded.AnnotationConfigEmbeddedWebApplicationContext@27b45ea: startup date [Wed Aug 22 09:53:04 CST 2018]; parent: org.springframework.context.annotation.AnnotationConfigApplicationContext@704f1591
2018-08-22 09:53:05.920 [main] INFO  o.s.d.r.config.RepositoryConfigurationDelegate -
				Multiple Spring Data modules found, entering strict repository configuration mode!
2018-08-22 09:53:06.668 [main] INFO  o.springframework.cloud.context.scope.GenericScope -
				BeanFactory id=9699cad5-f2c2-3367-8d15-b6752fd98e9e
2018-08-22 09:53:06.699 [main] INFO  o.s.b.f.a.AutowiredAnnotationBeanPostProcessor -
				JSR-330 'javax.inject.Inject' annotation found and supported for autowiring
2018-08-22 09:53:06.793 [main] INFO  o.s.c.s.PostProcessorRegistrationDelegate$BeanPostProcessorChecker -
				Bean 'org.springframework.amqp.rabbit.annotation.RabbitBootstrapConfiguration' of type [org.springframework.amqp.rabbit.annotation.RabbitBootstrapConfiguration$$EnhancerBySpringCGLIB$$faa3fa17] is not eligible for getting processed by all BeanPostProcessors (for example: not eligible for auto-proxying)
2018-08-22 09:53:06.949 [main] INFO  o.s.c.s.PostProcessorRegistrationDelegate$BeanPostProcessorChecker -
				Bean 'org.springframework.transaction.annotation.ProxyTransactionManagementConfiguration' of type [org.springframework.transaction.annotation.ProxyTransactionManagementConfiguration$$EnhancerBySpringCGLIB$$34383be9] is not eligible for getting processed by all BeanPostProcessors (for example: not eligible for auto-proxying)
2018-08-22 09:53:07.170 [main] INFO  o.s.c.s.PostProcessorRegistrationDelegate$BeanPostProcessorChecker -
				Bean 'org.springframework.cloud.autoconfigure.ConfigurationPropertiesRebinderAutoConfiguration' of type [org.springframework.cloud.autoconfigure.ConfigurationPropertiesRebinderAutoConfiguration$$EnhancerBySpringCGLIB$$50523ee6] is not eligible for getting processed by all BeanPostProcessors (for example: not eligible for auto-proxying)
2018-08-22 09:53:07.592 [main] INFO  o.s.b.c.e.tomcat.TomcatEmbeddedServletContainer -
				Tomcat initialized with port(s): 8084 (http)
2018-08-22 09:53:07.608 [main] INFO  org.apache.coyote.http11.Http11NioProtocol -
				Initializing ProtocolHandler ["http-nio-8084"]
2018-08-22 09:53:07.623 [main] INFO  org.apache.catalina.core.StandardService -
				Starting service [Tomcat]
2018-08-22 09:53:07.639 [main] INFO  org.apache.catalina.core.StandardEngine -
				Starting Servlet Engine: Apache Tomcat/8.5.31
2018-08-22 09:53:08.030 [localhost-startStop-1] INFO  o.a.c.core.ContainerBase.[Tomcat].[localhost].[/] -
				Initializing Spring embedded WebApplicationContext
2018-08-22 09:53:08.035 [localhost-startStop-1] INFO  org.springframework.web.context.ContextLoader -
				Root WebApplicationContext: initialization completed in 3350 ms
2018-08-22 09:53:08.443 [localhost-startStop-1] INFO  o.s.boot.web.servlet.ServletRegistrationBean -
				Mapping servlet: 'dispatcherServlet' to [/]
2018-08-22 09:53:08.443 [localhost-startStop-1] INFO  o.s.boot.web.servlet.ServletRegistrationBean -
				Mapping servlet: 'statViewServlet' to [/druid/*]
2018-08-22 09:53:08.459 [localhost-startStop-1] INFO  o.s.boot.web.servlet.FilterRegistrationBean -
				Mapping filter: 'characterEncodingFilter' to: [/*]
2018-08-22 09:53:08.459 [localhost-startStop-1] INFO  o.s.boot.web.servlet.FilterRegistrationBean -
				Mapping filter: 'hiddenHttpMethodFilter' to: [/*]
2018-08-22 09:53:08.459 [localhost-startStop-1] INFO  o.s.boot.web.servlet.FilterRegistrationBean -
				Mapping filter: 'httpPutFormContentFilter' to: [/*]
2018-08-22 09:53:08.459 [localhost-startStop-1] INFO  o.s.boot.web.servlet.FilterRegistrationBean -
				Mapping filter: 'requestContextFilter' to: [/*]
2018-08-22 09:53:08.459 [localhost-startStop-1] INFO  o.s.boot.web.servlet.FilterRegistrationBean -
				Mapping filter: 'webStatFilter' to urls: [/*]
2018-08-22 09:53:10.116 [main] INFO  o.s.w.s.m.m.a.RequestMappingHandlerMapping -
				Mapped "{[/err/error]}" onto public java.lang.String com.springboot.controller.ErrorController.error(java.util.Map<java.lang.String, java.lang.String>)
2018-08-22 09:53:10.119 [main] INFO  o.s.w.s.m.m.a.RequestMappingHandlerMapping -
				Mapped "{[/index/hello],methods=[GET]}" onto public java.lang.String com.springboot.controller.HelloController.hello()
2018-08-22 09:53:10.119 [main] INFO  o.s.w.s.m.m.a.RequestMappingHandlerMapping -
				Mapped "{[/index/thymeleaf],methods=[GET]}" onto public org.springframework.web.servlet.ModelAndView com.springboot.controller.HelloController.testThymeleaf(java.lang.String)
2018-08-22 09:53:10.119 [main] INFO  o.s.w.s.m.m.a.RequestMappingHandlerMapping -
				Mapped "{[/index/freemarker],methods=[GET]}" onto public org.springframework.web.servlet.ModelAndView com.springboot.controller.HelloController.getFreemarker(java.lang.String)
2018-08-22 09:53:10.119 [main] INFO  o.s.w.s.m.m.a.RequestMappingHandlerMapping -
				Mapped "{[/index/eureka-server],methods=[GET]}" onto public java.lang.String com.springboot.controller.HelloController.serviceUrl()
2018-08-22 09:53:10.119 [main] INFO  o.s.w.s.m.m.a.RequestMappingHandlerMapping -
				Mapped "{[/swgger/{id}],methods=[GET]}" onto public java.util.Map<java.lang.String, java.lang.String> com.springboot.controller.SwaggerController.getInfo(java.lang.String)
2018-08-22 09:53:10.119 [main] INFO  o.s.w.s.m.m.a.RequestMappingHandlerMapping -
				Mapped "{[/swagger-resources]}" onto public org.springframework.http.ResponseEntity<java.util.List<springfox.documentation.swagger.web.SwaggerResource>> springfox.documentation.swagger.web.ApiResourceController.swaggerResources()
2018-08-22 09:53:10.119 [main] INFO  o.s.w.s.m.m.a.RequestMappingHandlerMapping -
				Mapped "{[/swagger-resources/configuration/ui]}" onto public org.springframework.http.ResponseEntity<springfox.documentation.swagger.web.UiConfiguration> springfox.documentation.swagger.web.ApiResourceController.uiConfiguration()
2018-08-22 09:53:10.119 [main] INFO  o.s.w.s.m.m.a.RequestMappingHandlerMapping -
				Mapped "{[/swagger-resources/configuration/security]}" onto public org.springframework.http.ResponseEntity<springfox.documentation.swagger.web.SecurityConfiguration> springfox.documentation.swagger.web.ApiResourceController.securityConfiguration()
2018-08-22 09:53:10.135 [main] INFO  o.s.w.s.m.m.a.RequestMappingHandlerMapping -
				Mapped "{[/error]}" onto public org.springframework.http.ResponseEntity<java.util.Map<java.lang.String, java.lang.Object>> org.springframework.boot.autoconfigure.web.BasicErrorController.error(javax.servlet.http.HttpServletRequest)
2018-08-22 09:53:10.135 [main] INFO  o.s.w.s.m.m.a.RequestMappingHandlerMapping -
				Mapped "{[/error],produces=[text/html]}" onto public org.springframework.web.servlet.ModelAndView org.springframework.boot.autoconfigure.web.BasicErrorController.errorHtml(javax.servlet.http.HttpServletRequest,javax.servlet.http.HttpServletResponse)
2018-08-22 09:53:10.478 [main] INFO  s.d.s.w.PropertySourcedRequestMappingHandlerMapping -
				Mapped URL path [/v2/api-docs] onto method [public org.springframework.http.ResponseEntity<springfox.documentation.spring.web.json.Json> springfox.documentation.swagger2.web.Swagger2Controller.getDocumentation(java.lang.String,javax.servlet.http.HttpServletRequest)]
2018-08-22 09:53:10.853 [main] WARN  com.netflix.config.sources.URLConfigurationSource -
				No URLs will be polled as dynamic configuration sources.
2018-08-22 09:53:10.853 [main] INFO  com.netflix.config.sources.URLConfigurationSource -
				To enable URLs as dynamic configuration sources, define System property archaius.configurationSource.additionalUrls or make config.properties available on classpath.
2018-08-22 09:53:10.853 [main] WARN  com.netflix.config.sources.URLConfigurationSource -
				No URLs will be polled as dynamic configuration sources.
2018-08-22 09:53:10.853 [main] INFO  com.netflix.config.sources.URLConfigurationSource -
				To enable URLs as dynamic configuration sources, define System property archaius.configurationSource.additionalUrls or make config.properties available on classpath.
2018-08-22 09:53:11.166 [main] INFO  o.s.w.s.m.m.a.RequestMappingHandlerAdapter -
				Looking for @ControllerAdvice: org.springframework.boot.context.embedded.AnnotationConfigEmbeddedWebApplicationContext@27b45ea: startup date [Wed Aug 22 09:53:04 CST 2018]; parent: org.springframework.context.annotation.AnnotationConfigApplicationContext@704f1591
2018-08-22 09:53:11.303 [main] INFO  o.s.web.servlet.handler.SimpleUrlHandlerMapping -
				Mapped URL path [/webjars/**] onto handler of type [class org.springframework.web.servlet.resource.ResourceHttpRequestHandler]
2018-08-22 09:53:11.303 [main] INFO  o.s.web.servlet.handler.SimpleUrlHandlerMapping -
				Mapped URL path [/**] onto handler of type [class org.springframework.web.servlet.resource.ResourceHttpRequestHandler]
2018-08-22 09:53:11.366 [main] INFO  o.s.w.s.m.m.a.ExceptionHandlerExceptionResolver -
				Detected @ExceptionHandler methods in myExceptionHandler
2018-08-22 09:53:11.444 [main] INFO  o.s.web.servlet.handler.SimpleUrlHandlerMapping -
				Mapped URL path [/**/favicon.ico] onto handler of type [class org.springframework.web.servlet.resource.ResourceHttpRequestHandler]
2018-08-22 09:53:13.772 [main] INFO  o.s.w.servlet.view.freemarker.FreeMarkerConfigurer -
				ClassTemplateLoader for Spring macros added to FreeMarker configuration
2018-08-22 09:53:14.693 [main] INFO  o.s.jmx.export.annotation.AnnotationMBeanExporter -
				Registering beans for JMX exposure on startup
2018-08-22 09:53:14.693 [main] INFO  o.s.jmx.export.annotation.AnnotationMBeanExporter -
				Bean with name 'dataSource' has been autodetected for JMX exposure
2018-08-22 09:53:14.709 [main] INFO  o.s.jmx.export.annotation.AnnotationMBeanExporter -
				Bean with name 'environmentManager' has been autodetected for JMX exposure
2018-08-22 09:53:14.709 [main] INFO  o.s.jmx.export.annotation.AnnotationMBeanExporter -
				Bean with name 'rabbitConnectionFactory' has been autodetected for JMX exposure
2018-08-22 09:53:14.725 [main] INFO  o.s.jmx.export.annotation.AnnotationMBeanExporter -
				Bean with name 'configurationPropertiesRebinder' has been autodetected for JMX exposure
2018-08-22 09:53:14.725 [main] INFO  o.s.jmx.export.annotation.AnnotationMBeanExporter -
				Bean with name 'refreshScope' has been autodetected for JMX exposure
2018-08-22 09:53:14.725 [main] INFO  o.s.jmx.export.annotation.AnnotationMBeanExporter -
				Located managed bean 'environmentManager': registering with JMX server as MBean [org.springframework.cloud.context.environment:name=environmentManager,type=EnvironmentManager]
2018-08-22 09:53:14.740 [main] INFO  o.s.jmx.export.annotation.AnnotationMBeanExporter -
				Located managed bean 'refreshScope': registering with JMX server as MBean [org.springframework.cloud.context.scope.refresh:name=refreshScope,type=RefreshScope]
2018-08-22 09:53:14.756 [main] INFO  o.s.jmx.export.annotation.AnnotationMBeanExporter -
				Located managed bean 'configurationPropertiesRebinder': registering with JMX server as MBean [org.springframework.cloud.context.properties:name=configurationPropertiesRebinder,context=27b45ea,type=ConfigurationPropertiesRebinder]
2018-08-22 09:53:14.771 [main] INFO  o.s.jmx.export.annotation.AnnotationMBeanExporter -
				Located MBean 'dataSource': registering with JMX server as MBean [com.alibaba.druid.pool:name=dataSource,type=DruidDataSource]
2018-08-22 09:53:14.787 [main] INFO  o.s.jmx.export.annotation.AnnotationMBeanExporter -
				Located managed bean 'rabbitConnectionFactory': registering with JMX server as MBean [org.springframework.amqp.rabbit.connection:name=rabbitConnectionFactory,type=CachingConnectionFactory]
2018-08-22 09:53:15.243 [main] INFO  o.s.context.support.DefaultLifecycleProcessor -
				Starting beans in phase 0
2018-08-22 09:53:15.259 [main] INFO  o.s.cloud.netflix.eureka.InstanceInfoFactory -
				Setting initial instance status as: STARTING
2018-08-22 09:53:15.321 [main] INFO  com.netflix.discovery.DiscoveryClient -
				Initializing Eureka in region us-east-1
2018-08-22 09:53:15.884 [main] INFO  c.n.discovery.provider.DiscoveryJerseyProvider -
				Using JSON encoding codec LegacyJacksonJson
2018-08-22 09:53:15.899 [main] INFO  c.n.discovery.provider.DiscoveryJerseyProvider -
				Using JSON decoding codec LegacyJacksonJson
2018-08-22 09:53:16.041 [main] INFO  c.n.discovery.provider.DiscoveryJerseyProvider -
				Using XML encoding codec XStreamXml
2018-08-22 09:53:16.041 [main] INFO  c.n.discovery.provider.DiscoveryJerseyProvider -
				Using XML decoding codec XStreamXml
2018-08-22 09:53:16.447 [main] INFO  c.n.d.shared.resolver.aws.ConfigClusterResolver -
				Resolving eureka endpoints via configuration
2018-08-22 09:53:16.760 [main] INFO  com.netflix.discovery.DiscoveryClient -
				Disable delta property : false
2018-08-22 09:53:16.760 [main] INFO  com.netflix.discovery.DiscoveryClient -
				Single vip registry refresh property : null
2018-08-22 09:53:16.760 [main] INFO  com.netflix.discovery.DiscoveryClient -
				Force full registry fetch : false
2018-08-22 09:53:16.760 [main] INFO  com.netflix.discovery.DiscoveryClient -
				Application is null : false
2018-08-22 09:53:16.760 [main] INFO  com.netflix.discovery.DiscoveryClient -
				Registered Applications size is zero : true
2018-08-22 09:53:16.760 [main] INFO  com.netflix.discovery.DiscoveryClient -
				Application version is -1: true
2018-08-22 09:53:16.760 [main] INFO  com.netflix.discovery.DiscoveryClient -
				Getting all instance registry info from the eureka server
2018-08-22 09:53:17.222 [main] INFO  com.netflix.discovery.DiscoveryClient -
				The response status is 200
2018-08-22 09:53:17.226 [main] INFO  com.netflix.discovery.DiscoveryClient -
				Starting heartbeat executor: renew interval is: 30
2018-08-22 09:53:17.226 [main] INFO  com.netflix.discovery.InstanceInfoReplicator -
				InstanceInfoReplicator onDemand update allowed rate per min is 4
2018-08-22 09:53:17.226 [main] INFO  com.netflix.discovery.DiscoveryClient -
				Discovery Client initialized at timestamp 1534902797226 with initial instances count: 0
2018-08-22 09:53:17.289 [main] INFO  o.s.c.n.e.serviceregistry.EurekaServiceRegistry -
				Registering application test-service with eureka with status UP
2018-08-22 09:53:17.289 [main] INFO  com.netflix.discovery.DiscoveryClient -
				Saw local status change event StatusChangeEvent [timestamp=1534902797289, current=UP, previous=STARTING]
2018-08-22 09:53:17.289 [DiscoveryClient-InstanceInfoReplicator-0] INFO  com.netflix.discovery.DiscoveryClient -
				DiscoveryClient_TEST-SERVICE/test-service.172.21.140.48.8084: registering service...
2018-08-22 09:53:17.289 [main] INFO  o.s.context.support.DefaultLifecycleProcessor -
				Starting beans in phase 2147483647
2018-08-22 09:53:17.289 [main] INFO  s.d.s.web.plugins.DocumentationPluginsBootstrapper -
				Context refreshed
2018-08-22 09:53:17.320 [main] INFO  s.d.s.web.plugins.DocumentationPluginsBootstrapper -
				Found 1 custom documentation plugin(s)
2018-08-22 09:53:17.414 [main] INFO  s.d.spring.web.scanners.ApiListingReferenceScanner -
				Scanning for api listing references
2018-08-22 09:53:17.539 [main] WARN  s.d.s.w.readers.parameter.ParameterDataTypeReader -
				Trying to infer dataType java.util.Map<java.lang.String,java.lang.String>
2018-08-22 09:53:17.570 [DiscoveryClient-InstanceInfoReplicator-0] INFO  com.netflix.discovery.DiscoveryClient -
				DiscoveryClient_TEST-SERVICE/test-service.172.21.140.48.8084 - registration status: 204
2018-08-22 09:53:17.617 [main] WARN  s.d.s.w.readers.parameter.ParameterDataTypeReader -
				Trying to infer dataType java.util.Map<java.lang.String,java.lang.String>
2018-08-22 09:53:17.633 [main] WARN  s.d.s.w.readers.parameter.ParameterDataTypeReader -
				Trying to infer dataType java.util.Map<java.lang.String,java.lang.String>
2018-08-22 09:53:17.648 [main] WARN  s.d.s.w.readers.parameter.ParameterDataTypeReader -
				Trying to infer dataType java.util.Map<java.lang.String,java.lang.String>
2018-08-22 09:53:17.664 [main] WARN  s.d.s.w.readers.parameter.ParameterDataTypeReader -
				Trying to infer dataType java.util.Map<java.lang.String,java.lang.String>
2018-08-22 09:53:17.679 [main] WARN  s.d.s.w.readers.parameter.ParameterDataTypeReader -
				Trying to infer dataType java.util.Map<java.lang.String,java.lang.String>
2018-08-22 09:53:17.679 [main] WARN  s.d.s.w.readers.parameter.ParameterDataTypeReader -
				Trying to infer dataType java.util.Map<java.lang.String,java.lang.String>
2018-08-22 09:53:17.695 [main] WARN  s.d.s.w.readers.parameter.ParameterDataTypeReader -
				Trying to infer dataType java.util.Map<java.lang.String,java.lang.String>
2018-08-22 09:53:18.277 [SimpleAsyncTaskExecutor-1] INFO  o.s.a.rabbit.connection.CachingConnectionFactory -
				Attempting to connect to: [localhost:5672]
2018-08-22 09:53:20.335 [SimpleAsyncTaskExecutor-1] ERROR o.s.a.r.listener.SimpleMessageListenerContainer -
				Failed to check/redeclare auto-delete queue(s).
org.springframework.amqp.AmqpConnectException: java.net.ConnectException: Connection refused: connect
	at org.springframework.amqp.rabbit.support.RabbitExceptionTranslator.convertRabbitAccessException(RabbitExceptionTranslator.java:62)
	at org.springframework.amqp.rabbit.connection.AbstractConnectionFactory.createBareConnection(AbstractConnectionFactory.java:376)
	at org.springframework.amqp.rabbit.connection.CachingConnectionFactory.createConnection(CachingConnectionFactory.java:573)
	at org.springframework.amqp.rabbit.core.RabbitTemplate.doExecute(RabbitTemplate.java:1436)
	at org.springframework.amqp.rabbit.core.RabbitTemplate.execute(RabbitTemplate.java:1417)
	at org.springframework.amqp.rabbit.core.RabbitTemplate.execute(RabbitTemplate.java:1393)
	at org.springframework.amqp.rabbit.core.RabbitAdmin.getQueueProperties(RabbitAdmin.java:368)
	at org.springframework.amqp.rabbit.listener.SimpleMessageListenerContainer.redeclareElementsIfNecessary(SimpleMessageListenerContainer.java:1241)
	at org.springframework.amqp.rabbit.listener.SimpleMessageListenerContainer$AsyncMessageProcessingConsumer.run(SimpleMessageListenerContainer.java:1502)
	at java.lang.Thread.run(Thread.java:748)
Caused by: java.net.ConnectException: Connection refused: connect
	at java.net.DualStackPlainSocketImpl.waitForConnect(Native Method)
	at java.net.DualStackPlainSocketImpl.socketConnect(DualStackPlainSocketImpl.java:85)
	at java.net.AbstractPlainSocketImpl.doConnect(AbstractPlainSocketImpl.java:350)
	at java.net.AbstractPlainSocketImpl.connectToAddress(AbstractPlainSocketImpl.java:206)
	at java.net.AbstractPlainSocketImpl.connect(AbstractPlainSocketImpl.java:188)
	at java.net.PlainSocketImpl.connect(PlainSocketImpl.java:172)
	at java.net.SocksSocketImpl.connect(SocksSocketImpl.java:392)
	at java.net.Socket.connect(Socket.java:589)
	at com.rabbitmq.client.impl.SocketFrameHandlerFactory.create(SocketFrameHandlerFactory.java:50)
	at com.rabbitmq.client.ConnectionFactory.newConnection(ConnectionFactory.java:907)
	at com.rabbitmq.client.ConnectionFactory.newConnection(ConnectionFactory.java:859)
	at com.rabbitmq.client.ConnectionFactory.newConnection(ConnectionFactory.java:799)
	at org.springframework.amqp.rabbit.connection.AbstractConnectionFactory.createBareConnection(AbstractConnectionFactory.java:356)
	... 8 common frames omitted
2018-08-22 09:53:20.348 [SimpleAsyncTaskExecutor-1] INFO  o.s.a.rabbit.connection.CachingConnectionFactory -
				Attempting to connect to: [localhost:5672]
2018-08-22 09:53:22.442 [main] INFO  org.apache.coyote.http11.Http11NioProtocol -
				Starting ProtocolHandler ["http-nio-8084"]
2018-08-22 09:53:22.465 [main] INFO  org.apache.tomcat.util.net.NioSelectorPool -
				Using a shared selector for servlet write/read
2018-08-22 09:53:22.512 [main] INFO  o.s.b.c.e.tomcat.TomcatEmbeddedServletContainer -
				Tomcat started on port(s): 8084 (http)
2018-08-22 09:53:22.512 [main] INFO  o.s.c.n.e.s.EurekaAutoServiceRegistration -
				Updating port to 8084
2018-08-22 09:53:22.528 [main] INFO  com.springboot.TestSpringbootApplication -
				Started TestSpringbootApplication in 22.053 seconds (JVM running for 23.601)
2018-08-22 09:53:27.517 [SimpleAsyncTaskExecutor-1] WARN  o.s.a.r.listener.SimpleMessageListenerContainer -
				Consumer raised exception, processing can restart if the connection factory supports it. Exception summary: org.springframework.amqp.AmqpConnectException: java.net.ConnectException: Connection refused: connect
2018-08-22 09:53:27.528 [SimpleAsyncTaskExecutor-1] INFO  o.s.a.r.listener.SimpleMessageListenerContainer -
				Restarting Consumer@6cb59aa: tags=[{}], channel=null, acknowledgeMode=AUTO local queue size=0
2018-08-22 09:53:27.528 [SimpleAsyncTaskExecutor-2] INFO  o.s.a.rabbit.connection.CachingConnectionFactory -
				Attempting to connect to: [localhost:5672]
2018-08-22 09:53:29.571 [SimpleAsyncTaskExecutor-2] ERROR o.s.a.r.listener.SimpleMessageListenerContainer -
				Failed to check/redeclare auto-delete queue(s).
org.springframework.amqp.AmqpConnectException: java.net.ConnectException: Connection refused: connect
	at org.springframework.amqp.rabbit.support.RabbitExceptionTranslator.convertRabbitAccessException(RabbitExceptionTranslator.java:62)
	at org.springframework.amqp.rabbit.connection.AbstractConnectionFactory.createBareConnection(AbstractConnectionFactory.java:376)
	at org.springframework.amqp.rabbit.connection.CachingConnectionFactory.createConnection(CachingConnectionFactory.java:573)
	at org.springframework.amqp.rabbit.core.RabbitTemplate.doExecute(RabbitTemplate.java:1436)
	at org.springframework.amqp.rabbit.core.RabbitTemplate.execute(RabbitTemplate.java:1417)
	at org.springframework.amqp.rabbit.core.RabbitTemplate.execute(RabbitTemplate.java:1393)
	at org.springframework.amqp.rabbit.core.RabbitAdmin.getQueueProperties(RabbitAdmin.java:368)
	at org.springframework.amqp.rabbit.listener.SimpleMessageListenerContainer.redeclareElementsIfNecessary(SimpleMessageListenerContainer.java:1241)
	at org.springframework.amqp.rabbit.listener.SimpleMessageListenerContainer$AsyncMessageProcessingConsumer.run(SimpleMessageListenerContainer.java:1502)
	at java.lang.Thread.run(Thread.java:748)
Caused by: java.net.ConnectException: Connection refused: connect
	at java.net.DualStackPlainSocketImpl.waitForConnect(Native Method)
	at java.net.DualStackPlainSocketImpl.socketConnect(DualStackPlainSocketImpl.java:85)
	at java.net.AbstractPlainSocketImpl.doConnect(AbstractPlainSocketImpl.java:350)
	at java.net.AbstractPlainSocketImpl.connectToAddress(AbstractPlainSocketImpl.java:206)
	at java.net.AbstractPlainSocketImpl.connect(AbstractPlainSocketImpl.java:188)
	at java.net.PlainSocketImpl.connect(PlainSocketImpl.java:172)
	at java.net.SocksSocketImpl.connect(SocksSocketImpl.java:392)
	at java.net.Socket.connect(Socket.java:589)
	at com.rabbitmq.client.impl.SocketFrameHandlerFactory.create(SocketFrameHandlerFactory.java:50)
	at com.rabbitmq.client.ConnectionFactory.newConnection(ConnectionFactory.java:907)
	at com.rabbitmq.client.ConnectionFactory.newConnection(ConnectionFactory.java:859)
	at com.rabbitmq.client.ConnectionFactory.newConnection(ConnectionFactory.java:799)
	at org.springframework.amqp.rabbit.connection.AbstractConnectionFactory.createBareConnection(AbstractConnectionFactory.java:356)
	... 8 common frames omitted
2018-08-22 09:53:29.572 [SimpleAsyncTaskExecutor-2] INFO  o.s.a.rabbit.connection.CachingConnectionFactory -
				Attempting to connect to: [localhost:5672]
2018-08-22 09:53:36.695 [SimpleAsyncTaskExecutor-2] WARN  o.s.a.r.listener.SimpleMessageListenerContainer -
				Consumer raised exception, processing can restart if the connection factory supports it. Exception summary: org.springframework.amqp.AmqpConnectException: java.net.ConnectException: Connection refused: connect
2018-08-22 09:53:36.696 [SimpleAsyncTaskExecutor-2] INFO  o.s.a.r.listener.SimpleMessageListenerContainer -
				Restarting Consumer@37fc7c4: tags=[{}], channel=null, acknowledgeMode=AUTO local queue size=0
2018-08-22 09:53:36.696 [SimpleAsyncTaskExecutor-3] INFO  o.s.a.rabbit.connection.CachingConnectionFactory -
				Attempting to connect to: [localhost:5672]
2018-08-22 09:53:38.748 [SimpleAsyncTaskExecutor-3] ERROR o.s.a.r.listener.SimpleMessageListenerContainer -
				Failed to check/redeclare auto-delete queue(s).
org.springframework.amqp.AmqpConnectException: java.net.ConnectException: Connection refused: connect
	at org.springframework.amqp.rabbit.support.RabbitExceptionTranslator.convertRabbitAccessException(RabbitExceptionTranslator.java:62)
	at org.springframework.amqp.rabbit.connection.AbstractConnectionFactory.createBareConnection(AbstractConnectionFactory.java:376)
	at org.springframework.amqp.rabbit.connection.CachingConnectionFactory.createConnection(CachingConnectionFactory.java:573)
	at org.springframework.amqp.rabbit.core.RabbitTemplate.doExecute(RabbitTemplate.java:1436)
	at org.springframework.amqp.rabbit.core.RabbitTemplate.execute(RabbitTemplate.java:1417)
	at org.springframework.amqp.rabbit.core.RabbitTemplate.execute(RabbitTemplate.java:1393)
	at org.springframework.amqp.rabbit.core.RabbitAdmin.getQueueProperties(RabbitAdmin.java:368)
	at org.springframework.amqp.rabbit.listener.SimpleMessageListenerContainer.redeclareElementsIfNecessary(SimpleMessageListenerContainer.java:1241)
	at org.springframework.amqp.rabbit.listener.SimpleMessageListenerContainer$AsyncMessageProcessingConsumer.run(SimpleMessageListenerContainer.java:1502)
	at java.lang.Thread.run(Thread.java:748)
Caused by: java.net.ConnectException: Connection refused: connect
	at java.net.DualStackPlainSocketImpl.waitForConnect(Native Method)
	at java.net.DualStackPlainSocketImpl.socketConnect(DualStackPlainSocketImpl.java:85)
	at java.net.AbstractPlainSocketImpl.doConnect(AbstractPlainSocketImpl.java:350)
	at java.net.AbstractPlainSocketImpl.connectToAddress(AbstractPlainSocketImpl.java:206)
	at java.net.AbstractPlainSocketImpl.connect(AbstractPlainSocketImpl.java:188)
	at java.net.PlainSocketImpl.connect(PlainSocketImpl.java:172)
	at java.net.SocksSocketImpl.connect(SocksSocketImpl.java:392)
	at java.net.Socket.connect(Socket.java:589)
	at com.rabbitmq.client.impl.SocketFrameHandlerFactory.create(SocketFrameHandlerFactory.java:50)
	at com.rabbitmq.client.ConnectionFactory.newConnection(ConnectionFactory.java:907)
	at com.rabbitmq.client.ConnectionFactory.newConnection(ConnectionFactory.java:859)
	at com.rabbitmq.client.ConnectionFactory.newConnection(ConnectionFactory.java:799)
	at org.springframework.amqp.rabbit.connection.AbstractConnectionFactory.createBareConnection(AbstractConnectionFactory.java:356)
	... 8 common frames omitted
2018-08-22 09:53:38.751 [SimpleAsyncTaskExecutor-3] INFO  o.s.a.rabbit.connection.CachingConnectionFactory -
				Attempting to connect to: [localhost:5672]
2018-08-22 09:53:45.883 [SimpleAsyncTaskExecutor-3] WARN  o.s.a.r.listener.SimpleMessageListenerContainer -
				Consumer raised exception, processing can restart if the connection factory supports it. Exception summary: org.springframework.amqp.AmqpConnectException: java.net.ConnectException: Connection refused: connect
2018-08-22 09:53:45.885 [SimpleAsyncTaskExecutor-3] INFO  o.s.a.r.listener.SimpleMessageListenerContainer -
				Restarting Consumer@543b1777: tags=[{}], channel=null, acknowledgeMode=AUTO local queue size=0
2018-08-22 09:53:45.887 [SimpleAsyncTaskExecutor-4] INFO  o.s.a.rabbit.connection.CachingConnectionFactory -
				Attempting to connect to: [localhost:5672]
2018-08-22 09:53:47.230 [DiscoveryClient-CacheRefreshExecutor-0] INFO  com.netflix.discovery.DiscoveryClient -
				Disable delta property : false
2018-08-22 09:53:47.232 [DiscoveryClient-CacheRefreshExecutor-0] INFO  com.netflix.discovery.DiscoveryClient -
				Single vip registry refresh property : null
2018-08-22 09:53:47.233 [DiscoveryClient-CacheRefreshExecutor-0] INFO  com.netflix.discovery.DiscoveryClient -
				Force full registry fetch : false
2018-08-22 09:53:47.233 [DiscoveryClient-CacheRefreshExecutor-0] INFO  com.netflix.discovery.DiscoveryClient -
				Application is null : false
2018-08-22 09:53:47.233 [DiscoveryClient-CacheRefreshExecutor-0] INFO  com.netflix.discovery.DiscoveryClient -
				Registered Applications size is zero : true
2018-08-22 09:53:47.234 [DiscoveryClient-CacheRefreshExecutor-0] INFO  com.netflix.discovery.DiscoveryClient -
				Application version is -1: false
2018-08-22 09:53:47.234 [DiscoveryClient-CacheRefreshExecutor-0] INFO  com.netflix.discovery.DiscoveryClient -
				Getting all instance registry info from the eureka server
2018-08-22 09:53:47.265 [DiscoveryClient-CacheRefreshExecutor-0] INFO  com.netflix.discovery.DiscoveryClient -
				The response status is 200
2018-08-22 09:53:47.906 [SimpleAsyncTaskExecutor-4] ERROR o.s.a.r.listener.SimpleMessageListenerContainer -
				Failed to check/redeclare auto-delete queue(s).
org.springframework.amqp.AmqpConnectException: java.net.ConnectException: Connection refused: connect
	at org.springframework.amqp.rabbit.support.RabbitExceptionTranslator.convertRabbitAccessException(RabbitExceptionTranslator.java:62)
	at org.springframework.amqp.rabbit.connection.AbstractConnectionFactory.createBareConnection(AbstractConnectionFactory.java:376)
	at org.springframework.amqp.rabbit.connection.CachingConnectionFactory.createConnection(CachingConnectionFactory.java:573)
	at org.springframework.amqp.rabbit.core.RabbitTemplate.doExecute(RabbitTemplate.java:1436)
	at org.springframework.amqp.rabbit.core.RabbitTemplate.execute(RabbitTemplate.java:1417)
	at org.springframework.amqp.rabbit.core.RabbitTemplate.execute(RabbitTemplate.java:1393)
	at org.springframework.amqp.rabbit.core.RabbitAdmin.getQueueProperties(RabbitAdmin.java:368)
	at org.springframework.amqp.rabbit.listener.SimpleMessageListenerContainer.redeclareElementsIfNecessary(SimpleMessageListenerContainer.java:1241)
	at org.springframework.amqp.rabbit.listener.SimpleMessageListenerContainer$AsyncMessageProcessingConsumer.run(SimpleMessageListenerContainer.java:1502)
	at java.lang.Thread.run(Thread.java:748)
Caused by: java.net.ConnectException: Connection refused: connect
	at java.net.DualStackPlainSocketImpl.waitForConnect(Native Method)
	at java.net.DualStackPlainSocketImpl.socketConnect(DualStackPlainSocketImpl.java:85)
	at java.net.AbstractPlainSocketImpl.doConnect(AbstractPlainSocketImpl.java:350)
	at java.net.AbstractPlainSocketImpl.connectToAddress(AbstractPlainSocketImpl.java:206)
	at java.net.AbstractPlainSocketImpl.connect(AbstractPlainSocketImpl.java:188)
	at java.net.PlainSocketImpl.connect(PlainSocketImpl.java:172)
	at java.net.SocksSocketImpl.connect(SocksSocketImpl.java:392)
	at java.net.Socket.connect(Socket.java:589)
	at com.rabbitmq.client.impl.SocketFrameHandlerFactory.create(SocketFrameHandlerFactory.java:50)
	at com.rabbitmq.client.ConnectionFactory.newConnection(ConnectionFactory.java:907)
	at com.rabbitmq.client.ConnectionFactory.newConnection(ConnectionFactory.java:859)
	at com.rabbitmq.client.ConnectionFactory.newConnection(ConnectionFactory.java:799)
	at org.springframework.amqp.rabbit.connection.AbstractConnectionFactory.createBareConnection(AbstractConnectionFactory.java:356)
	... 8 common frames omitted
2018-08-22 09:53:47.906 [SimpleAsyncTaskExecutor-4] INFO  o.s.a.rabbit.connection.CachingConnectionFactory -
				Attempting to connect to: [localhost:5672]
2018-08-22 09:53:55.008 [SimpleAsyncTaskExecutor-4] WARN  o.s.a.r.listener.SimpleMessageListenerContainer -
				Consumer raised exception, processing can restart if the connection factory supports it. Exception summary: org.springframework.amqp.AmqpConnectException: java.net.ConnectException: Connection refused: connect
2018-08-22 09:53:55.009 [SimpleAsyncTaskExecutor-4] INFO  o.s.a.r.listener.SimpleMessageListenerContainer -
				Restarting Consumer@499b56bd: tags=[{}], channel=null, acknowledgeMode=AUTO local queue size=0
2018-08-22 09:53:55.011 [SimpleAsyncTaskExecutor-5] INFO  o.s.a.rabbit.connection.CachingConnectionFactory -
				Attempting to connect to: [localhost:5672]
2018-08-22 09:53:57.067 [SimpleAsyncTaskExecutor-5] ERROR o.s.a.r.listener.SimpleMessageListenerContainer -
				Failed to check/redeclare auto-delete queue(s).
org.springframework.amqp.AmqpConnectException: java.net.ConnectException: Connection refused: connect
	at org.springframework.amqp.rabbit.support.RabbitExceptionTranslator.convertRabbitAccessException(RabbitExceptionTranslator.java:62)
	at org.springframework.amqp.rabbit.connection.AbstractConnectionFactory.createBareConnection(AbstractConnectionFactory.java:376)
	at org.springframework.amqp.rabbit.connection.CachingConnectionFactory.createConnection(CachingConnectionFactory.java:573)
	at org.springframework.amqp.rabbit.core.RabbitTemplate.doExecute(RabbitTemplate.java:1436)
	at org.springframework.amqp.rabbit.core.RabbitTemplate.execute(RabbitTemplate.java:1417)
	at org.springframework.amqp.rabbit.core.RabbitTemplate.execute(RabbitTemplate.java:1393)
	at org.springframework.amqp.rabbit.core.RabbitAdmin.getQueueProperties(RabbitAdmin.java:368)
	at org.springframework.amqp.rabbit.listener.SimpleMessageListenerContainer.redeclareElementsIfNecessary(SimpleMessageListenerContainer.java:1241)
	at org.springframework.amqp.rabbit.listener.SimpleMessageListenerContainer$AsyncMessageProcessingConsumer.run(SimpleMessageListenerContainer.java:1502)
	at java.lang.Thread.run(Thread.java:748)
Caused by: java.net.ConnectException: Connection refused: connect
	at java.net.DualStackPlainSocketImpl.waitForConnect(Native Method)
	at java.net.DualStackPlainSocketImpl.socketConnect(DualStackPlainSocketImpl.java:85)
	at java.net.AbstractPlainSocketImpl.doConnect(AbstractPlainSocketImpl.java:350)
	at java.net.AbstractPlainSocketImpl.connectToAddress(AbstractPlainSocketImpl.java:206)
	at java.net.AbstractPlainSocketImpl.connect(AbstractPlainSocketImpl.java:188)
	at java.net.PlainSocketImpl.connect(PlainSocketImpl.java:172)
	at java.net.SocksSocketImpl.connect(SocksSocketImpl.java:392)
	at java.net.Socket.connect(Socket.java:589)
	at com.rabbitmq.client.impl.SocketFrameHandlerFactory.create(SocketFrameHandlerFactory.java:50)
	at com.rabbitmq.client.ConnectionFactory.newConnection(ConnectionFactory.java:907)
	at com.rabbitmq.client.ConnectionFactory.newConnection(ConnectionFactory.java:859)
	at com.rabbitmq.client.ConnectionFactory.newConnection(ConnectionFactory.java:799)
	at org.springframework.amqp.rabbit.connection.AbstractConnectionFactory.createBareConnection(AbstractConnectionFactory.java:356)
	... 8 common frames omitted
2018-08-22 09:53:57.070 [SimpleAsyncTaskExecutor-5] INFO  o.s.a.rabbit.connection.CachingConnectionFactory -
				Attempting to connect to: [localhost:5672]
2018-08-22 09:54:04.181 [SimpleAsyncTaskExecutor-5] WARN  o.s.a.r.listener.SimpleMessageListenerContainer -
				Consumer raised exception, processing can restart if the connection factory supports it. Exception summary: org.springframework.amqp.AmqpConnectException: java.net.ConnectException: Connection refused: connect
2018-08-22 09:54:04.192 [SimpleAsyncTaskExecutor-5] INFO  o.s.a.r.listener.SimpleMessageListenerContainer -
				Restarting Consumer@6c51cc60: tags=[{}], channel=null, acknowledgeMode=AUTO local queue size=0
2018-08-22 09:54:04.192 [SimpleAsyncTaskExecutor-6] INFO  o.s.a.rabbit.connection.CachingConnectionFactory -
				Attempting to connect to: [localhost:5672]
2018-08-22 09:54:06.379 [SimpleAsyncTaskExecutor-6] ERROR o.s.a.r.listener.SimpleMessageListenerContainer -
				Failed to check/redeclare auto-delete queue(s).
org.springframework.amqp.AmqpConnectException: java.net.ConnectException: Connection refused: connect
	at org.springframework.amqp.rabbit.support.RabbitExceptionTranslator.convertRabbitAccessException(RabbitExceptionTranslator.java:62)
	at org.springframework.amqp.rabbit.connection.AbstractConnectionFactory.createBareConnection(AbstractConnectionFactory.java:376)
	at org.springframework.amqp.rabbit.connection.CachingConnectionFactory.createConnection(CachingConnectionFactory.java:573)
	at org.springframework.amqp.rabbit.core.RabbitTemplate.doExecute(RabbitTemplate.java:1436)
	at org.springframework.amqp.rabbit.core.RabbitTemplate.execute(RabbitTemplate.java:1417)
	at org.springframework.amqp.rabbit.core.RabbitTemplate.execute(RabbitTemplate.java:1393)
	at org.springframework.amqp.rabbit.core.RabbitAdmin.getQueueProperties(RabbitAdmin.java:368)
	at org.springframework.amqp.rabbit.listener.SimpleMessageListenerContainer.redeclareElementsIfNecessary(SimpleMessageListenerContainer.java:1241)
	at org.springframework.amqp.rabbit.listener.SimpleMessageListenerContainer$AsyncMessageProcessingConsumer.run(SimpleMessageListenerContainer.java:1502)
	at java.lang.Thread.run(Thread.java:748)
Caused by: java.net.ConnectException: Connection refused: connect
	at java.net.DualStackPlainSocketImpl.waitForConnect(Native Method)
	at java.net.DualStackPlainSocketImpl.socketConnect(DualStackPlainSocketImpl.java:85)
	at java.net.AbstractPlainSocketImpl.doConnect(AbstractPlainSocketImpl.java:350)
	at java.net.AbstractPlainSocketImpl.connectToAddress(AbstractPlainSocketImpl.java:206)
	at java.net.AbstractPlainSocketImpl.connect(AbstractPlainSocketImpl.java:188)
	at java.net.PlainSocketImpl.connect(PlainSocketImpl.java:172)
	at java.net.SocksSocketImpl.connect(SocksSocketImpl.java:392)
	at java.net.Socket.connect(Socket.java:589)
	at com.rabbitmq.client.impl.SocketFrameHandlerFactory.create(SocketFrameHandlerFactory.java:50)
	at com.rabbitmq.client.ConnectionFactory.newConnection(ConnectionFactory.java:907)
	at com.rabbitmq.client.ConnectionFactory.newConnection(ConnectionFactory.java:859)
	at com.rabbitmq.client.ConnectionFactory.newConnection(ConnectionFactory.java:799)
	at org.springframework.amqp.rabbit.connection.AbstractConnectionFactory.createBareConnection(AbstractConnectionFactory.java:356)
	... 8 common frames omitted
2018-08-22 09:54:06.380 [SimpleAsyncTaskExecutor-6] INFO  o.s.a.rabbit.connection.CachingConnectionFactory -
				Attempting to connect to: [localhost:5672]
2018-08-22 09:54:13.541 [SimpleAsyncTaskExecutor-6] WARN  o.s.a.r.listener.SimpleMessageListenerContainer -
				Consumer raised exception, processing can restart if the connection factory supports it. Exception summary: org.springframework.amqp.AmqpConnectException: java.net.ConnectException: Connection refused: connect
2018-08-22 09:54:13.542 [SimpleAsyncTaskExecutor-6] INFO  o.s.a.r.listener.SimpleMessageListenerContainer -
				Restarting Consumer@5b485bfb: tags=[{}], channel=null, acknowledgeMode=AUTO local queue size=0
2018-08-22 09:54:13.544 [SimpleAsyncTaskExecutor-7] INFO  o.s.a.rabbit.connection.CachingConnectionFactory -
				Attempting to connect to: [localhost:5672]
2018-08-22 09:54:15.599 [SimpleAsyncTaskExecutor-7] ERROR o.s.a.r.listener.SimpleMessageListenerContainer -
				Failed to check/redeclare auto-delete queue(s).
org.springframework.amqp.AmqpConnectException: java.net.ConnectException: Connection refused: connect
	at org.springframework.amqp.rabbit.support.RabbitExceptionTranslator.convertRabbitAccessException(RabbitExceptionTranslator.java:62)
	at org.springframework.amqp.rabbit.connection.AbstractConnectionFactory.createBareConnection(AbstractConnectionFactory.java:376)
	at org.springframework.amqp.rabbit.connection.CachingConnectionFactory.createConnection(CachingConnectionFactory.java:573)
	at org.springframework.amqp.rabbit.core.RabbitTemplate.doExecute(RabbitTemplate.java:1436)
	at org.springframework.amqp.rabbit.core.RabbitTemplate.execute(RabbitTemplate.java:1417)
	at org.springframework.amqp.rabbit.core.RabbitTemplate.execute(RabbitTemplate.java:1393)
	at org.springframework.amqp.rabbit.core.RabbitAdmin.getQueueProperties(RabbitAdmin.java:368)
	at org.springframework.amqp.rabbit.listener.SimpleMessageListenerContainer.redeclareElementsIfNecessary(SimpleMessageListenerContainer.java:1241)
	at org.springframework.amqp.rabbit.listener.SimpleMessageListenerContainer$AsyncMessageProcessingConsumer.run(SimpleMessageListenerContainer.java:1502)
	at java.lang.Thread.run(Thread.java:748)
Caused by: java.net.ConnectException: Connection refused: connect
	at java.net.DualStackPlainSocketImpl.waitForConnect(Native Method)
	at java.net.DualStackPlainSocketImpl.socketConnect(DualStackPlainSocketImpl.java:85)
	at java.net.AbstractPlainSocketImpl.doConnect(AbstractPlainSocketImpl.java:350)
	at java.net.AbstractPlainSocketImpl.connectToAddress(AbstractPlainSocketImpl.java:206)
	at java.net.AbstractPlainSocketImpl.connect(AbstractPlainSocketImpl.java:188)
	at java.net.PlainSocketImpl.connect(PlainSocketImpl.java:172)
	at java.net.SocksSocketImpl.connect(SocksSocketImpl.java:392)
	at java.net.Socket.connect(Socket.java:589)
	at com.rabbitmq.client.impl.SocketFrameHandlerFactory.create(SocketFrameHandlerFactory.java:50)
	at com.rabbitmq.client.ConnectionFactory.newConnection(ConnectionFactory.java:907)
	at com.rabbitmq.client.ConnectionFactory.newConnection(ConnectionFactory.java:859)
	at com.rabbitmq.client.ConnectionFactory.newConnection(ConnectionFactory.java:799)
	at org.springframework.amqp.rabbit.connection.AbstractConnectionFactory.createBareConnection(AbstractConnectionFactory.java:356)
	... 8 common frames omitted
2018-08-22 09:54:15.600 [SimpleAsyncTaskExecutor-7] INFO  o.s.a.rabbit.connection.CachingConnectionFactory -
				Attempting to connect to: [localhost:5672]
2018-08-22 09:54:22.918 [SimpleAsyncTaskExecutor-7] WARN  o.s.a.r.listener.SimpleMessageListenerContainer -
				Consumer raised exception, processing can restart if the connection factory supports it. Exception summary: org.springframework.amqp.AmqpConnectException: java.net.ConnectException: Connection refused: connect
2018-08-22 09:54:22.919 [SimpleAsyncTaskExecutor-7] INFO  o.s.a.r.listener.SimpleMessageListenerContainer -
				Restarting Consumer@4c6713ad: tags=[{}], channel=null, acknowledgeMode=AUTO local queue size=0
2018-08-22 09:54:22.920 [SimpleAsyncTaskExecutor-8] INFO  o.s.a.rabbit.connection.CachingConnectionFactory -
				Attempting to connect to: [localhost:5672]
2018-08-22 09:54:25.210 [SimpleAsyncTaskExecutor-8] ERROR o.s.a.r.listener.SimpleMessageListenerContainer -
				Failed to check/redeclare auto-delete queue(s).
org.springframework.amqp.AmqpConnectException: java.net.ConnectException: Connection refused: connect
	at org.springframework.amqp.rabbit.support.RabbitExceptionTranslator.convertRabbitAccessException(RabbitExceptionTranslator.java:62)
	at org.springframework.amqp.rabbit.connection.AbstractConnectionFactory.createBareConnection(AbstractConnectionFactory.java:376)
	at org.springframework.amqp.rabbit.connection.CachingConnectionFactory.createConnection(CachingConnectionFactory.java:573)
	at org.springframework.amqp.rabbit.core.RabbitTemplate.doExecute(RabbitTemplate.java:1436)
	at org.springframework.amqp.rabbit.core.RabbitTemplate.execute(RabbitTemplate.java:1417)
	at org.springframework.amqp.rabbit.core.RabbitTemplate.execute(RabbitTemplate.java:1393)
	at org.springframework.amqp.rabbit.core.RabbitAdmin.getQueueProperties(RabbitAdmin.java:368)
	at org.springframework.amqp.rabbit.listener.SimpleMessageListenerContainer.redeclareElementsIfNecessary(SimpleMessageListenerContainer.java:1241)
	at org.springframework.amqp.rabbit.listener.SimpleMessageListenerContainer$AsyncMessageProcessingConsumer.run(SimpleMessageListenerContainer.java:1502)
	at java.lang.Thread.run(Thread.java:748)
Caused by: java.net.ConnectException: Connection refused: connect
	at java.net.DualStackPlainSocketImpl.waitForConnect(Native Method)
	at java.net.DualStackPlainSocketImpl.socketConnect(DualStackPlainSocketImpl.java:85)
	at java.net.AbstractPlainSocketImpl.doConnect(AbstractPlainSocketImpl.java:350)
	at java.net.AbstractPlainSocketImpl.connectToAddress(AbstractPlainSocketImpl.java:206)
	at java.net.AbstractPlainSocketImpl.connect(AbstractPlainSocketImpl.java:188)
	at java.net.PlainSocketImpl.connect(PlainSocketImpl.java:172)
	at java.net.SocksSocketImpl.connect(SocksSocketImpl.java:392)
	at java.net.Socket.connect(Socket.java:589)
	at com.rabbitmq.client.impl.SocketFrameHandlerFactory.create(SocketFrameHandlerFactory.java:50)
	at com.rabbitmq.client.ConnectionFactory.newConnection(ConnectionFactory.java:907)
	at com.rabbitmq.client.ConnectionFactory.newConnection(ConnectionFactory.java:859)
	at com.rabbitmq.client.ConnectionFactory.newConnection(ConnectionFactory.java:799)
	at org.springframework.amqp.rabbit.connection.AbstractConnectionFactory.createBareConnection(AbstractConnectionFactory.java:356)
	... 8 common frames omitted
2018-08-22 09:54:25.211 [SimpleAsyncTaskExecutor-8] INFO  o.s.a.rabbit.connection.CachingConnectionFactory -
				Attempting to connect to: [localhost:5672]
2018-08-22 09:54:32.350 [SimpleAsyncTaskExecutor-8] WARN  o.s.a.r.listener.SimpleMessageListenerContainer -
				Consumer raised exception, processing can restart if the connection factory supports it. Exception summary: org.springframework.amqp.AmqpConnectException: java.net.ConnectException: Connection refused: connect
2018-08-22 09:54:32.352 [SimpleAsyncTaskExecutor-8] INFO  o.s.a.r.listener.SimpleMessageListenerContainer -
				Restarting Consumer@5e0d873: tags=[{}], channel=null, acknowledgeMode=AUTO local queue size=0
2018-08-22 09:54:32.352 [SimpleAsyncTaskExecutor-9] INFO  o.s.a.rabbit.connection.CachingConnectionFactory -
				Attempting to connect to: [localhost:5672]
2018-08-22 09:54:34.399 [SimpleAsyncTaskExecutor-9] ERROR o.s.a.r.listener.SimpleMessageListenerContainer -
				Failed to check/redeclare auto-delete queue(s).
org.springframework.amqp.AmqpConnectException: java.net.ConnectException: Connection refused: connect
	at org.springframework.amqp.rabbit.support.RabbitExceptionTranslator.convertRabbitAccessException(RabbitExceptionTranslator.java:62)
	at org.springframework.amqp.rabbit.connection.AbstractConnectionFactory.createBareConnection(AbstractConnectionFactory.java:376)
	at org.springframework.amqp.rabbit.connection.CachingConnectionFactory.createConnection(CachingConnectionFactory.java:573)
	at org.springframework.amqp.rabbit.core.RabbitTemplate.doExecute(RabbitTemplate.java:1436)
	at org.springframework.amqp.rabbit.core.RabbitTemplate.execute(RabbitTemplate.java:1417)
	at org.springframework.amqp.rabbit.core.RabbitTemplate.execute(RabbitTemplate.java:1393)
	at org.springframework.amqp.rabbit.core.RabbitAdmin.getQueueProperties(RabbitAdmin.java:368)
	at org.springframework.amqp.rabbit.listener.SimpleMessageListenerContainer.redeclareElementsIfNecessary(SimpleMessageListenerContainer.java:1241)
	at org.springframework.amqp.rabbit.listener.SimpleMessageListenerContainer$AsyncMessageProcessingConsumer.run(SimpleMessageListenerContainer.java:1502)
	at java.lang.Thread.run(Thread.java:748)
Caused by: java.net.ConnectException: Connection refused: connect
	at java.net.DualStackPlainSocketImpl.waitForConnect(Native Method)
	at java.net.DualStackPlainSocketImpl.socketConnect(DualStackPlainSocketImpl.java:85)
	at java.net.AbstractPlainSocketImpl.doConnect(AbstractPlainSocketImpl.java:350)
	at java.net.AbstractPlainSocketImpl.connectToAddress(AbstractPlainSocketImpl.java:206)
	at java.net.AbstractPlainSocketImpl.connect(AbstractPlainSocketImpl.java:188)
	at java.net.PlainSocketImpl.connect(PlainSocketImpl.java:172)
	at java.net.SocksSocketImpl.connect(SocksSocketImpl.java:392)
	at java.net.Socket.connect(Socket.java:589)
	at com.rabbitmq.client.impl.SocketFrameHandlerFactory.create(SocketFrameHandlerFactory.java:50)
	at com.rabbitmq.client.ConnectionFactory.newConnection(ConnectionFactory.java:907)
	at com.rabbitmq.client.ConnectionFactory.newConnection(ConnectionFactory.java:859)
	at com.rabbitmq.client.ConnectionFactory.newConnection(ConnectionFactory.java:799)
	at org.springframework.amqp.rabbit.connection.AbstractConnectionFactory.createBareConnection(AbstractConnectionFactory.java:356)
	... 8 common frames omitted
2018-08-22 09:54:34.401 [SimpleAsyncTaskExecutor-9] INFO  o.s.a.rabbit.connection.CachingConnectionFactory -
				Attempting to connect to: [localhost:5672]
2018-08-22 09:54:41.540 [SimpleAsyncTaskExecutor-9] WARN  o.s.a.r.listener.SimpleMessageListenerContainer -
				Consumer raised exception, processing can restart if the connection factory supports it. Exception summary: org.springframework.amqp.AmqpConnectException: java.net.ConnectException: Connection refused: connect
2018-08-22 09:54:41.540 [SimpleAsyncTaskExecutor-9] INFO  o.s.a.r.listener.SimpleMessageListenerContainer -
				Restarting Consumer@5ac40c77: tags=[{}], channel=null, acknowledgeMode=AUTO local queue size=0
2018-08-22 09:54:41.542 [SimpleAsyncTaskExecutor-10] INFO  o.s.a.rabbit.connection.CachingConnectionFactory -
				Attempting to connect to: [localhost:5672]
2018-08-22 09:54:43.605 [SimpleAsyncTaskExecutor-10] ERROR o.s.a.r.listener.SimpleMessageListenerContainer -
				Failed to check/redeclare auto-delete queue(s).
org.springframework.amqp.AmqpConnectException: java.net.ConnectException: Connection refused: connect
	at org.springframework.amqp.rabbit.support.RabbitExceptionTranslator.convertRabbitAccessException(RabbitExceptionTranslator.java:62)
	at org.springframework.amqp.rabbit.connection.AbstractConnectionFactory.createBareConnection(AbstractConnectionFactory.java:376)
	at org.springframework.amqp.rabbit.connection.CachingConnectionFactory.createConnection(CachingConnectionFactory.java:573)
	at org.springframework.amqp.rabbit.core.RabbitTemplate.doExecute(RabbitTemplate.java:1436)
	at org.springframework.amqp.rabbit.core.RabbitTemplate.execute(RabbitTemplate.java:1417)
	at org.springframework.amqp.rabbit.core.RabbitTemplate.execute(RabbitTemplate.java:1393)
	at org.springframework.amqp.rabbit.core.RabbitAdmin.getQueueProperties(RabbitAdmin.java:368)
	at org.springframework.amqp.rabbit.listener.SimpleMessageListenerContainer.redeclareElementsIfNecessary(SimpleMessageListenerContainer.java:1241)
	at org.springframework.amqp.rabbit.listener.SimpleMessageListenerContainer$AsyncMessageProcessingConsumer.run(SimpleMessageListenerContainer.java:1502)
	at java.lang.Thread.run(Thread.java:748)
Caused by: java.net.ConnectException: Connection refused: connect
	at java.net.DualStackPlainSocketImpl.waitForConnect(Native Method)
	at java.net.DualStackPlainSocketImpl.socketConnect(DualStackPlainSocketImpl.java:85)
	at java.net.AbstractPlainSocketImpl.doConnect(AbstractPlainSocketImpl.java:350)
	at java.net.AbstractPlainSocketImpl.connectToAddress(AbstractPlainSocketImpl.java:206)
	at java.net.AbstractPlainSocketImpl.connect(AbstractPlainSocketImpl.java:188)
	at java.net.PlainSocketImpl.connect(PlainSocketImpl.java:172)
	at java.net.SocksSocketImpl.connect(SocksSocketImpl.java:392)
	at java.net.Socket.connect(Socket.java:589)
	at com.rabbitmq.client.impl.SocketFrameHandlerFactory.create(SocketFrameHandlerFactory.java:50)
	at com.rabbitmq.client.ConnectionFactory.newConnection(ConnectionFactory.java:907)
	at com.rabbitmq.client.ConnectionFactory.newConnection(ConnectionFactory.java:859)
	at com.rabbitmq.client.ConnectionFactory.newConnection(ConnectionFactory.java:799)
	at org.springframework.amqp.rabbit.connection.AbstractConnectionFactory.createBareConnection(AbstractConnectionFactory.java:356)
	... 8 common frames omitted
2018-08-22 09:54:43.606 [SimpleAsyncTaskExecutor-10] INFO  o.s.a.rabbit.connection.CachingConnectionFactory -
				Attempting to connect to: [localhost:5672]
2018-08-22 09:54:50.712 [SimpleAsyncTaskExecutor-10] WARN  o.s.a.r.listener.SimpleMessageListenerContainer -
				Consumer raised exception, processing can restart if the connection factory supports it. Exception summary: org.springframework.amqp.AmqpConnectException: java.net.ConnectException: Connection refused: connect
2018-08-22 09:54:50.713 [SimpleAsyncTaskExecutor-10] INFO  o.s.a.r.listener.SimpleMessageListenerContainer -
				Restarting Consumer@610c6b11: tags=[{}], channel=null, acknowledgeMode=AUTO local queue size=0
2018-08-22 09:54:50.716 [SimpleAsyncTaskExecutor-11] INFO  o.s.a.rabbit.connection.CachingConnectionFactory -
				Attempting to connect to: [localhost:5672]
2018-08-22 09:54:52.731 [SimpleAsyncTaskExecutor-11] ERROR o.s.a.r.listener.SimpleMessageListenerContainer -
				Failed to check/redeclare auto-delete queue(s).
org.springframework.amqp.AmqpConnectException: java.net.ConnectException: Connection refused: connect
	at org.springframework.amqp.rabbit.support.RabbitExceptionTranslator.convertRabbitAccessException(RabbitExceptionTranslator.java:62)
	at org.springframework.amqp.rabbit.connection.AbstractConnectionFactory.createBareConnection(AbstractConnectionFactory.java:376)
	at org.springframework.amqp.rabbit.connection.CachingConnectionFactory.createConnection(CachingConnectionFactory.java:573)
	at org.springframework.amqp.rabbit.core.RabbitTemplate.doExecute(RabbitTemplate.java:1436)
	at org.springframework.amqp.rabbit.core.RabbitTemplate.execute(RabbitTemplate.java:1417)
	at org.springframework.amqp.rabbit.core.RabbitTemplate.execute(RabbitTemplate.java:1393)
	at org.springframework.amqp.rabbit.core.RabbitAdmin.getQueueProperties(RabbitAdmin.java:368)
	at org.springframework.amqp.rabbit.listener.SimpleMessageListenerContainer.redeclareElementsIfNecessary(SimpleMessageListenerContainer.java:1241)
	at org.springframework.amqp.rabbit.listener.SimpleMessageListenerContainer$AsyncMessageProcessingConsumer.run(SimpleMessageListenerContainer.java:1502)
	at java.lang.Thread.run(Thread.java:748)
Caused by: java.net.ConnectException: Connection refused: connect
	at java.net.DualStackPlainSocketImpl.waitForConnect(Native Method)
	at java.net.DualStackPlainSocketImpl.socketConnect(DualStackPlainSocketImpl.java:85)
	at java.net.AbstractPlainSocketImpl.doConnect(AbstractPlainSocketImpl.java:350)
	at java.net.AbstractPlainSocketImpl.connectToAddress(AbstractPlainSocketImpl.java:206)
	at java.net.AbstractPlainSocketImpl.connect(AbstractPlainSocketImpl.java:188)
	at java.net.PlainSocketImpl.connect(PlainSocketImpl.java:172)
	at java.net.SocksSocketImpl.connect(SocksSocketImpl.java:392)
	at java.net.Socket.connect(Socket.java:589)
	at com.rabbitmq.client.impl.SocketFrameHandlerFactory.create(SocketFrameHandlerFactory.java:50)
	at com.rabbitmq.client.ConnectionFactory.newConnection(ConnectionFactory.java:907)
	at com.rabbitmq.client.ConnectionFactory.newConnection(ConnectionFactory.java:859)
	at com.rabbitmq.client.ConnectionFactory.newConnection(ConnectionFactory.java:799)
	at org.springframework.amqp.rabbit.connection.AbstractConnectionFactory.createBareConnection(AbstractConnectionFactory.java:356)
	... 8 common frames omitted
2018-08-22 09:54:52.732 [SimpleAsyncTaskExecutor-11] INFO  o.s.a.rabbit.connection.CachingConnectionFactory -
				Attempting to connect to: [localhost:5672]
2018-08-22 09:54:59.767 [SimpleAsyncTaskExecutor-11] WARN  o.s.a.r.listener.SimpleMessageListenerContainer -
				Consumer raised exception, processing can restart if the connection factory supports it. Exception summary: org.springframework.amqp.AmqpConnectException: java.net.ConnectException: Connection refused: connect
2018-08-22 09:54:59.767 [SimpleAsyncTaskExecutor-11] INFO  o.s.a.r.listener.SimpleMessageListenerContainer -
				Restarting Consumer@2abc62e: tags=[{}], channel=null, acknowledgeMode=AUTO local queue size=0
2018-08-22 09:54:59.769 [SimpleAsyncTaskExecutor-12] INFO  o.s.a.rabbit.connection.CachingConnectionFactory -
				Attempting to connect to: [localhost:5672]
2018-08-22 09:55:01.778 [SimpleAsyncTaskExecutor-12] ERROR o.s.a.r.listener.SimpleMessageListenerContainer -
				Failed to check/redeclare auto-delete queue(s).
org.springframework.amqp.AmqpConnectException: java.net.ConnectException: Connection refused: connect
	at org.springframework.amqp.rabbit.support.RabbitExceptionTranslator.convertRabbitAccessException(RabbitExceptionTranslator.java:62)
	at org.springframework.amqp.rabbit.connection.AbstractConnectionFactory.createBareConnection(AbstractConnectionFactory.java:376)
	at org.springframework.amqp.rabbit.connection.CachingConnectionFactory.createConnection(CachingConnectionFactory.java:573)
	at org.springframework.amqp.rabbit.core.RabbitTemplate.doExecute(RabbitTemplate.java:1436)
	at org.springframework.amqp.rabbit.core.RabbitTemplate.execute(RabbitTemplate.java:1417)
	at org.springframework.amqp.rabbit.core.RabbitTemplate.execute(RabbitTemplate.java:1393)
	at org.springframework.amqp.rabbit.core.RabbitAdmin.getQueueProperties(RabbitAdmin.java:368)
	at org.springframework.amqp.rabbit.listener.SimpleMessageListenerContainer.redeclareElementsIfNecessary(SimpleMessageListenerContainer.java:1241)
	at org.springframework.amqp.rabbit.listener.SimpleMessageListenerContainer$AsyncMessageProcessingConsumer.run(SimpleMessageListenerContainer.java:1502)
	at java.lang.Thread.run(Thread.java:748)
Caused by: java.net.ConnectException: Connection refused: connect
	at java.net.DualStackPlainSocketImpl.waitForConnect(Native Method)
	at java.net.DualStackPlainSocketImpl.socketConnect(DualStackPlainSocketImpl.java:85)
	at java.net.AbstractPlainSocketImpl.doConnect(AbstractPlainSocketImpl.java:350)
	at java.net.AbstractPlainSocketImpl.connectToAddress(AbstractPlainSocketImpl.java:206)
	at java.net.AbstractPlainSocketImpl.connect(AbstractPlainSocketImpl.java:188)
	at java.net.PlainSocketImpl.connect(PlainSocketImpl.java:172)
	at java.net.SocksSocketImpl.connect(SocksSocketImpl.java:392)
	at java.net.Socket.connect(Socket.java:589)
	at com.rabbitmq.client.impl.SocketFrameHandlerFactory.create(SocketFrameHandlerFactory.java:50)
	at com.rabbitmq.client.ConnectionFactory.newConnection(ConnectionFactory.java:907)
	at com.rabbitmq.client.ConnectionFactory.newConnection(ConnectionFactory.java:859)
	at com.rabbitmq.client.ConnectionFactory.newConnection(ConnectionFactory.java:799)
	at org.springframework.amqp.rabbit.connection.AbstractConnectionFactory.createBareConnection(AbstractConnectionFactory.java:356)
	... 8 common frames omitted
2018-08-22 09:55:01.779 [SimpleAsyncTaskExecutor-12] INFO  o.s.a.rabbit.connection.CachingConnectionFactory -
				Attempting to connect to: [localhost:5672]
2018-08-22 09:55:08.908 [SimpleAsyncTaskExecutor-12] WARN  o.s.a.r.listener.SimpleMessageListenerContainer -
				Consumer raised exception, processing can restart if the connection factory supports it. Exception summary: org.springframework.amqp.AmqpConnectException: java.net.ConnectException: Connection refused: connect
2018-08-22 09:55:08.909 [SimpleAsyncTaskExecutor-12] INFO  o.s.a.r.listener.SimpleMessageListenerContainer -
				Restarting Consumer@75441856: tags=[{}], channel=null, acknowledgeMode=AUTO local queue size=0
2018-08-22 09:55:08.911 [SimpleAsyncTaskExecutor-13] INFO  o.s.a.rabbit.connection.CachingConnectionFactory -
				Attempting to connect to: [localhost:5672]
2018-08-22 09:55:10.943 [SimpleAsyncTaskExecutor-13] ERROR o.s.a.r.listener.SimpleMessageListenerContainer -
				Failed to check/redeclare auto-delete queue(s).
org.springframework.amqp.AmqpConnectException: java.net.ConnectException: Connection refused: connect
	at org.springframework.amqp.rabbit.support.RabbitExceptionTranslator.convertRabbitAccessException(RabbitExceptionTranslator.java:62)
	at org.springframework.amqp.rabbit.connection.AbstractConnectionFactory.createBareConnection(AbstractConnectionFactory.java:376)
	at org.springframework.amqp.rabbit.connection.CachingConnectionFactory.createConnection(CachingConnectionFactory.java:573)
	at org.springframework.amqp.rabbit.core.RabbitTemplate.doExecute(RabbitTemplate.java:1436)
	at org.springframework.amqp.rabbit.core.RabbitTemplate.execute(RabbitTemplate.java:1417)
	at org.springframework.amqp.rabbit.core.RabbitTemplate.execute(RabbitTemplate.java:1393)
	at org.springframework.amqp.rabbit.core.RabbitAdmin.getQueueProperties(RabbitAdmin.java:368)
	at org.springframework.amqp.rabbit.listener.SimpleMessageListenerContainer.redeclareElementsIfNecessary(SimpleMessageListenerContainer.java:1241)
	at org.springframework.amqp.rabbit.listener.SimpleMessageListenerContainer$AsyncMessageProcessingConsumer.run(SimpleMessageListenerContainer.java:1502)
	at java.lang.Thread.run(Thread.java:748)
Caused by: java.net.ConnectException: Connection refused: connect
	at java.net.DualStackPlainSocketImpl.waitForConnect(Native Method)
	at java.net.DualStackPlainSocketImpl.socketConnect(DualStackPlainSocketImpl.java:85)
	at java.net.AbstractPlainSocketImpl.doConnect(AbstractPlainSocketImpl.java:350)
	at java.net.AbstractPlainSocketImpl.connectToAddress(AbstractPlainSocketImpl.java:206)
	at java.net.AbstractPlainSocketImpl.connect(AbstractPlainSocketImpl.java:188)
	at java.net.PlainSocketImpl.connect(PlainSocketImpl.java:172)
	at java.net.SocksSocketImpl.connect(SocksSocketImpl.java:392)
	at java.net.Socket.connect(Socket.java:589)
	at com.rabbitmq.client.impl.SocketFrameHandlerFactory.create(SocketFrameHandlerFactory.java:50)
	at com.rabbitmq.client.ConnectionFactory.newConnection(ConnectionFactory.java:907)
	at com.rabbitmq.client.ConnectionFactory.newConnection(ConnectionFactory.java:859)
	at com.rabbitmq.client.ConnectionFactory.newConnection(ConnectionFactory.java:799)
	at org.springframework.amqp.rabbit.connection.AbstractConnectionFactory.createBareConnection(AbstractConnectionFactory.java:356)
	... 8 common frames omitted
2018-08-22 09:55:10.944 [SimpleAsyncTaskExecutor-13] INFO  o.s.a.rabbit.connection.CachingConnectionFactory -
				Attempting to connect to: [localhost:5672]
2018-08-22 09:55:18.111 [SimpleAsyncTaskExecutor-13] WARN  o.s.a.r.listener.SimpleMessageListenerContainer -
				Consumer raised exception, processing can restart if the connection factory supports it. Exception summary: org.springframework.amqp.AmqpConnectException: java.net.ConnectException: Connection refused: connect
2018-08-22 09:55:18.113 [SimpleAsyncTaskExecutor-13] INFO  o.s.a.r.listener.SimpleMessageListenerContainer -
				Restarting Consumer@655bdd12: tags=[{}], channel=null, acknowledgeMode=AUTO local queue size=0
2018-08-22 09:55:18.114 [SimpleAsyncTaskExecutor-14] INFO  o.s.a.rabbit.connection.CachingConnectionFactory -
				Attempting to connect to: [localhost:5672]
2018-08-22 09:55:20.146 [SimpleAsyncTaskExecutor-14] ERROR o.s.a.r.listener.SimpleMessageListenerContainer -
				Failed to check/redeclare auto-delete queue(s).
org.springframework.amqp.AmqpConnectException: java.net.ConnectException: Connection refused: connect
	at org.springframework.amqp.rabbit.support.RabbitExceptionTranslator.convertRabbitAccessException(RabbitExceptionTranslator.java:62)
	at org.springframework.amqp.rabbit.connection.AbstractConnectionFactory.createBareConnection(AbstractConnectionFactory.java:376)
	at org.springframework.amqp.rabbit.connection.CachingConnectionFactory.createConnection(CachingConnectionFactory.java:573)
	at org.springframework.amqp.rabbit.core.RabbitTemplate.doExecute(RabbitTemplate.java:1436)
	at org.springframework.amqp.rabbit.core.RabbitTemplate.execute(RabbitTemplate.java:1417)
	at org.springframework.amqp.rabbit.core.RabbitTemplate.execute(RabbitTemplate.java:1393)
	at org.springframework.amqp.rabbit.core.RabbitAdmin.getQueueProperties(RabbitAdmin.java:368)
	at org.springframework.amqp.rabbit.listener.SimpleMessageListenerContainer.redeclareElementsIfNecessary(SimpleMessageListenerContainer.java:1241)
	at org.springframework.amqp.rabbit.listener.SimpleMessageListenerContainer$AsyncMessageProcessingConsumer.run(SimpleMessageListenerContainer.java:1502)
	at java.lang.Thread.run(Thread.java:748)
Caused by: java.net.ConnectException: Connection refused: connect
	at java.net.DualStackPlainSocketImpl.waitForConnect(Native Method)
	at java.net.DualStackPlainSocketImpl.socketConnect(DualStackPlainSocketImpl.java:85)
	at java.net.AbstractPlainSocketImpl.doConnect(AbstractPlainSocketImpl.java:350)
	at java.net.AbstractPlainSocketImpl.connectToAddress(AbstractPlainSocketImpl.java:206)
	at java.net.AbstractPlainSocketImpl.connect(AbstractPlainSocketImpl.java:188)
	at java.net.PlainSocketImpl.connect(PlainSocketImpl.java:172)
	at java.net.SocksSocketImpl.connect(SocksSocketImpl.java:392)
	at java.net.Socket.connect(Socket.java:589)
	at com.rabbitmq.client.impl.SocketFrameHandlerFactory.create(SocketFrameHandlerFactory.java:50)
	at com.rabbitmq.client.ConnectionFactory.newConnection(ConnectionFactory.java:907)
	at com.rabbitmq.client.ConnectionFactory.newConnection(ConnectionFactory.java:859)
	at com.rabbitmq.client.ConnectionFactory.newConnection(ConnectionFactory.java:799)
	at org.springframework.amqp.rabbit.connection.AbstractConnectionFactory.createBareConnection(AbstractConnectionFactory.java:356)
	... 8 common frames omitted
2018-08-22 09:55:20.148 [SimpleAsyncTaskExecutor-14] INFO  o.s.a.rabbit.connection.CachingConnectionFactory -
				Attempting to connect to: [localhost:5672]
2018-08-22 09:55:23.367 [http-nio-8084-exec-2] INFO  o.a.c.core.ContainerBase.[Tomcat].[localhost].[/] -
				Initializing Spring FrameworkServlet 'dispatcherServlet'
2018-08-22 09:55:23.368 [http-nio-8084-exec-2] INFO  org.springframework.web.servlet.DispatcherServlet -
				FrameworkServlet 'dispatcherServlet': initialization started
2018-08-22 09:55:23.430 [http-nio-8084-exec-2] INFO  org.springframework.web.servlet.DispatcherServlet -
				FrameworkServlet 'dispatcherServlet': initialization completed in 61 ms
2018-08-22 09:55:27.250 [SimpleAsyncTaskExecutor-14] WARN  o.s.a.r.listener.SimpleMessageListenerContainer -
				Consumer raised exception, processing can restart if the connection factory supports it. Exception summary: org.springframework.amqp.AmqpConnectException: java.net.ConnectException: Connection refused: connect
2018-08-22 09:55:27.250 [SimpleAsyncTaskExecutor-14] INFO  o.s.a.r.listener.SimpleMessageListenerContainer -
				Restarting Consumer@25e8d238: tags=[{}], channel=null, acknowledgeMode=AUTO local queue size=0
2018-08-22 09:55:27.252 [SimpleAsyncTaskExecutor-15] INFO  o.s.a.rabbit.connection.CachingConnectionFactory -
				Attempting to connect to: [localhost:5672]
2018-08-22 09:55:29.289 [SimpleAsyncTaskExecutor-15] ERROR o.s.a.r.listener.SimpleMessageListenerContainer -
				Failed to check/redeclare auto-delete queue(s).
org.springframework.amqp.AmqpConnectException: java.net.ConnectException: Connection refused: connect
	at org.springframework.amqp.rabbit.support.RabbitExceptionTranslator.convertRabbitAccessException(RabbitExceptionTranslator.java:62)
	at org.springframework.amqp.rabbit.connection.AbstractConnectionFactory.createBareConnection(AbstractConnectionFactory.java:376)
	at org.springframework.amqp.rabbit.connection.CachingConnectionFactory.createConnection(CachingConnectionFactory.java:573)
	at org.springframework.amqp.rabbit.core.RabbitTemplate.doExecute(RabbitTemplate.java:1436)
	at org.springframework.amqp.rabbit.core.RabbitTemplate.execute(RabbitTemplate.java:1417)
	at org.springframework.amqp.rabbit.core.RabbitTemplate.execute(RabbitTemplate.java:1393)
	at org.springframework.amqp.rabbit.core.RabbitAdmin.getQueueProperties(RabbitAdmin.java:368)
	at org.springframework.amqp.rabbit.listener.SimpleMessageListenerContainer.redeclareElementsIfNecessary(SimpleMessageListenerContainer.java:1241)
	at org.springframework.amqp.rabbit.listener.SimpleMessageListenerContainer$AsyncMessageProcessingConsumer.run(SimpleMessageListenerContainer.java:1502)
	at java.lang.Thread.run(Thread.java:748)
Caused by: java.net.ConnectException: Connection refused: connect
	at java.net.DualStackPlainSocketImpl.waitForConnect(Native Method)
	at java.net.DualStackPlainSocketImpl.socketConnect(DualStackPlainSocketImpl.java:85)
	at java.net.AbstractPlainSocketImpl.doConnect(AbstractPlainSocketImpl.java:350)
	at java.net.AbstractPlainSocketImpl.connectToAddress(AbstractPlainSocketImpl.java:206)
	at java.net.AbstractPlainSocketImpl.connect(AbstractPlainSocketImpl.java:188)
	at java.net.PlainSocketImpl.connect(PlainSocketImpl.java:172)
	at java.net.SocksSocketImpl.connect(SocksSocketImpl.java:392)
	at java.net.Socket.connect(Socket.java:589)
	at com.rabbitmq.client.impl.SocketFrameHandlerFactory.create(SocketFrameHandlerFactory.java:50)
	at com.rabbitmq.client.ConnectionFactory.newConnection(ConnectionFactory.java:907)
	at com.rabbitmq.client.ConnectionFactory.newConnection(ConnectionFactory.java:859)
	at com.rabbitmq.client.ConnectionFactory.newConnection(ConnectionFactory.java:799)
	at org.springframework.amqp.rabbit.connection.AbstractConnectionFactory.createBareConnection(AbstractConnectionFactory.java:356)
	... 8 common frames omitted
2018-08-22 09:55:29.290 [SimpleAsyncTaskExecutor-15] INFO  o.s.a.rabbit.connection.CachingConnectionFactory -
				Attempting to connect to: [localhost:5672]
2018-08-22 09:55:36.422 [SimpleAsyncTaskExecutor-15] WARN  o.s.a.r.listener.SimpleMessageListenerContainer -
				Consumer raised exception, processing can restart if the connection factory supports it. Exception summary: org.springframework.amqp.AmqpConnectException: java.net.ConnectException: Connection refused: connect
2018-08-22 09:55:36.425 [SimpleAsyncTaskExecutor-15] INFO  o.s.a.r.listener.SimpleMessageListenerContainer -
				Restarting Consumer@236f1300: tags=[{}], channel=null, acknowledgeMode=AUTO local queue size=0
2018-08-22 09:55:36.427 [SimpleAsyncTaskExecutor-16] INFO  o.s.a.rabbit.connection.CachingConnectionFactory -
				Attempting to connect to: [localhost:5672]
2018-08-22 09:55:38.492 [SimpleAsyncTaskExecutor-16] ERROR o.s.a.r.listener.SimpleMessageListenerContainer -
				Failed to check/redeclare auto-delete queue(s).
org.springframework.amqp.AmqpConnectException: java.net.ConnectException: Connection refused: connect
	at org.springframework.amqp.rabbit.support.RabbitExceptionTranslator.convertRabbitAccessException(RabbitExceptionTranslator.java:62)
	at org.springframework.amqp.rabbit.connection.AbstractConnectionFactory.createBareConnection(AbstractConnectionFactory.java:376)
	at org.springframework.amqp.rabbit.connection.CachingConnectionFactory.createConnection(CachingConnectionFactory.java:573)
	at org.springframework.amqp.rabbit.core.RabbitTemplate.doExecute(RabbitTemplate.java:1436)
	at org.springframework.amqp.rabbit.core.RabbitTemplate.execute(RabbitTemplate.java:1417)
	at org.springframework.amqp.rabbit.core.RabbitTemplate.execute(RabbitTemplate.java:1393)
	at org.springframework.amqp.rabbit.core.RabbitAdmin.getQueueProperties(RabbitAdmin.java:368)
	at org.springframework.amqp.rabbit.listener.SimpleMessageListenerContainer.redeclareElementsIfNecessary(SimpleMessageListenerContainer.java:1241)
	at org.springframework.amqp.rabbit.listener.SimpleMessageListenerContainer$AsyncMessageProcessingConsumer.run(SimpleMessageListenerContainer.java:1502)
	at java.lang.Thread.run(Thread.java:748)
Caused by: java.net.ConnectException: Connection refused: connect
	at java.net.DualStackPlainSocketImpl.waitForConnect(Native Method)
	at java.net.DualStackPlainSocketImpl.socketConnect(DualStackPlainSocketImpl.java:85)
	at java.net.AbstractPlainSocketImpl.doConnect(AbstractPlainSocketImpl.java:350)
	at java.net.AbstractPlainSocketImpl.connectToAddress(AbstractPlainSocketImpl.java:206)
	at java.net.AbstractPlainSocketImpl.connect(AbstractPlainSocketImpl.java:188)
	at java.net.PlainSocketImpl.connect(PlainSocketImpl.java:172)
	at java.net.SocksSocketImpl.connect(SocksSocketImpl.java:392)
	at java.net.Socket.connect(Socket.java:589)
	at com.rabbitmq.client.impl.SocketFrameHandlerFactory.create(SocketFrameHandlerFactory.java:50)
	at com.rabbitmq.client.ConnectionFactory.newConnection(ConnectionFactory.java:907)
	at com.rabbitmq.client.ConnectionFactory.newConnection(ConnectionFactory.java:859)
	at com.rabbitmq.client.ConnectionFactory.newConnection(ConnectionFactory.java:799)
	at org.springframework.amqp.rabbit.connection.AbstractConnectionFactory.createBareConnection(AbstractConnectionFactory.java:356)
	... 8 common frames omitted
2018-08-22 09:55:38.494 [SimpleAsyncTaskExecutor-16] INFO  o.s.a.rabbit.connection.CachingConnectionFactory -
				Attempting to connect to: [localhost:5672]
2018-08-22 09:55:45.633 [SimpleAsyncTaskExecutor-16] WARN  o.s.a.r.listener.SimpleMessageListenerContainer -
				Consumer raised exception, processing can restart if the connection factory supports it. Exception summary: org.springframework.amqp.AmqpConnectException: java.net.ConnectException: Connection refused: connect
2018-08-22 09:55:45.633 [SimpleAsyncTaskExecutor-16] INFO  o.s.a.r.listener.SimpleMessageListenerContainer -
				Restarting Consumer@4e53af96: tags=[{}], channel=null, acknowledgeMode=AUTO local queue size=0
2018-08-22 09:55:45.634 [SimpleAsyncTaskExecutor-17] INFO  o.s.a.rabbit.connection.CachingConnectionFactory -
				Attempting to connect to: [localhost:5672]
2018-08-22 09:55:47.682 [SimpleAsyncTaskExecutor-17] ERROR o.s.a.r.listener.SimpleMessageListenerContainer -
				Failed to check/redeclare auto-delete queue(s).
org.springframework.amqp.AmqpConnectException: java.net.ConnectException: Connection refused: connect
	at org.springframework.amqp.rabbit.support.RabbitExceptionTranslator.convertRabbitAccessException(RabbitExceptionTranslator.java:62)
	at org.springframework.amqp.rabbit.connection.AbstractConnectionFactory.createBareConnection(AbstractConnectionFactory.java:376)
	at org.springframework.amqp.rabbit.connection.CachingConnectionFactory.createConnection(CachingConnectionFactory.java:573)
	at org.springframework.amqp.rabbit.core.RabbitTemplate.doExecute(RabbitTemplate.java:1436)
	at org.springframework.amqp.rabbit.core.RabbitTemplate.execute(RabbitTemplate.java:1417)
	at org.springframework.amqp.rabbit.core.RabbitTemplate.execute(RabbitTemplate.java:1393)
	at org.springframework.amqp.rabbit.core.RabbitAdmin.getQueueProperties(RabbitAdmin.java:368)
	at org.springframework.amqp.rabbit.listener.SimpleMessageListenerContainer.redeclareElementsIfNecessary(SimpleMessageListenerContainer.java:1241)
	at org.springframework.amqp.rabbit.listener.SimpleMessageListenerContainer$AsyncMessageProcessingConsumer.run(SimpleMessageListenerContainer.java:1502)
	at java.lang.Thread.run(Thread.java:748)
Caused by: java.net.ConnectException: Connection refused: connect
	at java.net.DualStackPlainSocketImpl.waitForConnect(Native Method)
	at java.net.DualStackPlainSocketImpl.socketConnect(DualStackPlainSocketImpl.java:85)
	at java.net.AbstractPlainSocketImpl.doConnect(AbstractPlainSocketImpl.java:350)
	at java.net.AbstractPlainSocketImpl.connectToAddress(AbstractPlainSocketImpl.java:206)
	at java.net.AbstractPlainSocketImpl.connect(AbstractPlainSocketImpl.java:188)
	at java.net.PlainSocketImpl.connect(PlainSocketImpl.java:172)
	at java.net.SocksSocketImpl.connect(SocksSocketImpl.java:392)
	at java.net.Socket.connect(Socket.java:589)
	at com.rabbitmq.client.impl.SocketFrameHandlerFactory.create(SocketFrameHandlerFactory.java:50)
	at com.rabbitmq.client.ConnectionFactory.newConnection(ConnectionFactory.java:907)
	at com.rabbitmq.client.ConnectionFactory.newConnection(ConnectionFactory.java:859)
	at com.rabbitmq.client.ConnectionFactory.newConnection(ConnectionFactory.java:799)
	at org.springframework.amqp.rabbit.connection.AbstractConnectionFactory.createBareConnection(AbstractConnectionFactory.java:356)
	... 8 common frames omitted
2018-08-22 09:55:47.683 [SimpleAsyncTaskExecutor-17] INFO  o.s.a.rabbit.connection.CachingConnectionFactory -
				Attempting to connect to: [localhost:5672]
2018-08-22 09:55:54.805 [SimpleAsyncTaskExecutor-17] WARN  o.s.a.r.listener.SimpleMessageListenerContainer -
				Consumer raised exception, processing can restart if the connection factory supports it. Exception summary: org.springframework.amqp.AmqpConnectException: java.net.ConnectException: Connection refused: connect
2018-08-22 09:55:54.806 [SimpleAsyncTaskExecutor-17] INFO  o.s.a.r.listener.SimpleMessageListenerContainer -
				Restarting Consumer@1555fe86: tags=[{}], channel=null, acknowledgeMode=AUTO local queue size=0
2018-08-22 09:55:54.807 [SimpleAsyncTaskExecutor-18] INFO  o.s.a.rabbit.connection.CachingConnectionFactory -
				Attempting to connect to: [localhost:5672]
2018-08-22 09:55:56.869 [SimpleAsyncTaskExecutor-18] ERROR o.s.a.r.listener.SimpleMessageListenerContainer -
				Failed to check/redeclare auto-delete queue(s).
org.springframework.amqp.AmqpConnectException: java.net.ConnectException: Connection refused: connect
	at org.springframework.amqp.rabbit.support.RabbitExceptionTranslator.convertRabbitAccessException(RabbitExceptionTranslator.java:62)
	at org.springframework.amqp.rabbit.connection.AbstractConnectionFactory.createBareConnection(AbstractConnectionFactory.java:376)
	at org.springframework.amqp.rabbit.connection.CachingConnectionFactory.createConnection(CachingConnectionFactory.java:573)
	at org.springframework.amqp.rabbit.core.RabbitTemplate.doExecute(RabbitTemplate.java:1436)
	at org.springframework.amqp.rabbit.core.RabbitTemplate.execute(RabbitTemplate.java:1417)
	at org.springframework.amqp.rabbit.core.RabbitTemplate.execute(RabbitTemplate.java:1393)
	at org.springframework.amqp.rabbit.core.RabbitAdmin.getQueueProperties(RabbitAdmin.java:368)
	at org.springframework.amqp.rabbit.listener.SimpleMessageListenerContainer.redeclareElementsIfNecessary(SimpleMessageListenerContainer.java:1241)
	at org.springframework.amqp.rabbit.listener.SimpleMessageListenerContainer$AsyncMessageProcessingConsumer.run(SimpleMessageListenerContainer.java:1502)
	at java.lang.Thread.run(Thread.java:748)
Caused by: java.net.ConnectException: Connection refused: connect
	at java.net.DualStackPlainSocketImpl.waitForConnect(Native Method)
	at java.net.DualStackPlainSocketImpl.socketConnect(DualStackPlainSocketImpl.java:85)
	at java.net.AbstractPlainSocketImpl.doConnect(AbstractPlainSocketImpl.java:350)
	at java.net.AbstractPlainSocketImpl.connectToAddress(AbstractPlainSocketImpl.java:206)
	at java.net.AbstractPlainSocketImpl.connect(AbstractPlainSocketImpl.java:188)
	at java.net.PlainSocketImpl.connect(PlainSocketImpl.java:172)
	at java.net.SocksSocketImpl.connect(SocksSocketImpl.java:392)
	at java.net.Socket.connect(Socket.java:589)
	at com.rabbitmq.client.impl.SocketFrameHandlerFactory.create(SocketFrameHandlerFactory.java:50)
	at com.rabbitmq.client.ConnectionFactory.newConnection(ConnectionFactory.java:907)
	at com.rabbitmq.client.ConnectionFactory.newConnection(ConnectionFactory.java:859)
	at com.rabbitmq.client.ConnectionFactory.newConnection(ConnectionFactory.java:799)
	at org.springframework.amqp.rabbit.connection.AbstractConnectionFactory.createBareConnection(AbstractConnectionFactory.java:356)
	... 8 common frames omitted
2018-08-22 09:55:56.872 [SimpleAsyncTaskExecutor-18] INFO  o.s.a.rabbit.connection.CachingConnectionFactory -
				Attempting to connect to: [localhost:5672]
2018-08-22 09:56:03.999 [SimpleAsyncTaskExecutor-18] WARN  o.s.a.r.listener.SimpleMessageListenerContainer -
				Consumer raised exception, processing can restart if the connection factory supports it. Exception summary: org.springframework.amqp.AmqpConnectException: java.net.ConnectException: Connection refused: connect
2018-08-22 09:56:03.999 [SimpleAsyncTaskExecutor-18] INFO  o.s.a.r.listener.SimpleMessageListenerContainer -
				Restarting Consumer@62495fcb: tags=[{}], channel=null, acknowledgeMode=AUTO local queue size=0
2018-08-22 09:56:03.999 [SimpleAsyncTaskExecutor-19] INFO  o.s.a.rabbit.connection.CachingConnectionFactory -
				Attempting to connect to: [localhost:5672]
2018-08-22 09:56:06.044 [SimpleAsyncTaskExecutor-19] ERROR o.s.a.r.listener.SimpleMessageListenerContainer -
				Failed to check/redeclare auto-delete queue(s).
org.springframework.amqp.AmqpConnectException: java.net.ConnectException: Connection refused: connect
	at org.springframework.amqp.rabbit.support.RabbitExceptionTranslator.convertRabbitAccessException(RabbitExceptionTranslator.java:62)
	at org.springframework.amqp.rabbit.connection.AbstractConnectionFactory.createBareConnection(AbstractConnectionFactory.java:376)
	at org.springframework.amqp.rabbit.connection.CachingConnectionFactory.createConnection(CachingConnectionFactory.java:573)
	at org.springframework.amqp.rabbit.core.RabbitTemplate.doExecute(RabbitTemplate.java:1436)
	at org.springframework.amqp.rabbit.core.RabbitTemplate.execute(RabbitTemplate.java:1417)
	at org.springframework.amqp.rabbit.core.RabbitTemplate.execute(RabbitTemplate.java:1393)
	at org.springframework.amqp.rabbit.core.RabbitAdmin.getQueueProperties(RabbitAdmin.java:368)
	at org.springframework.amqp.rabbit.listener.SimpleMessageListenerContainer.redeclareElementsIfNecessary(SimpleMessageListenerContainer.java:1241)
	at org.springframework.amqp.rabbit.listener.SimpleMessageListenerContainer$AsyncMessageProcessingConsumer.run(SimpleMessageListenerContainer.java:1502)
	at java.lang.Thread.run(Thread.java:748)
Caused by: java.net.ConnectException: Connection refused: connect
	at java.net.DualStackPlainSocketImpl.waitForConnect(Native Method)
	at java.net.DualStackPlainSocketImpl.socketConnect(DualStackPlainSocketImpl.java:85)
	at java.net.AbstractPlainSocketImpl.doConnect(AbstractPlainSocketImpl.java:350)
	at java.net.AbstractPlainSocketImpl.connectToAddress(AbstractPlainSocketImpl.java:206)
	at java.net.AbstractPlainSocketImpl.connect(AbstractPlainSocketImpl.java:188)
	at java.net.PlainSocketImpl.connect(PlainSocketImpl.java:172)
	at java.net.SocksSocketImpl.connect(SocksSocketImpl.java:392)
	at java.net.Socket.connect(Socket.java:589)
	at com.rabbitmq.client.impl.SocketFrameHandlerFactory.create(SocketFrameHandlerFactory.java:50)
	at com.rabbitmq.client.ConnectionFactory.newConnection(ConnectionFactory.java:907)
	at com.rabbitmq.client.ConnectionFactory.newConnection(ConnectionFactory.java:859)
	at com.rabbitmq.client.ConnectionFactory.newConnection(ConnectionFactory.java:799)
	at org.springframework.amqp.rabbit.connection.AbstractConnectionFactory.createBareConnection(AbstractConnectionFactory.java:356)
	... 8 common frames omitted
2018-08-22 09:56:06.044 [SimpleAsyncTaskExecutor-19] INFO  o.s.a.rabbit.connection.CachingConnectionFactory -
				Attempting to connect to: [localhost:5672]
2018-08-22 09:56:11.231 [RMI TCP Connection(2)-127.0.0.1] INFO  o.s.b.a.SpringApplicationAdminMXBeanRegistrar$SpringApplicationAdmin -
				Application shutdown requested.
2018-08-22 09:56:11.237 [RMI TCP Connection(2)-127.0.0.1] INFO  o.s.b.c.e.AnnotationConfigEmbeddedWebApplicationContext -
				Closing org.springframework.boot.context.embedded.AnnotationConfigEmbeddedWebApplicationContext@27b45ea: startup date [Wed Aug 22 09:53:04 CST 2018]; parent: org.springframework.context.annotation.AnnotationConfigApplicationContext@704f1591
2018-08-22 09:56:11.242 [RMI TCP Connection(2)-127.0.0.1] INFO  o.s.c.n.e.serviceregistry.EurekaServiceRegistry -
				Unregistering application test-service with eureka with status DOWN
2018-08-22 09:56:11.243 [RMI TCP Connection(2)-127.0.0.1] WARN  com.netflix.discovery.DiscoveryClient -
				Saw local status change event StatusChangeEvent [timestamp=1534902971243, current=DOWN, previous=UP]
2018-08-22 09:56:11.243 [RMI TCP Connection(2)-127.0.0.1] INFO  com.netflix.discovery.DiscoveryClient -
				Shutting down DiscoveryClient ...
2018-08-22 09:56:11.245 [RMI TCP Connection(2)-127.0.0.1] INFO  com.netflix.discovery.DiscoveryClient -
				Unregistering ...
2018-08-22 09:56:11.301 [RMI TCP Connection(2)-127.0.0.1] INFO  com.netflix.discovery.DiscoveryClient -
				DiscoveryClient_TEST-SERVICE/test-service.172.21.140.48.8084 - deregister  status: 200
2018-08-22 09:56:11.332 [RMI TCP Connection(2)-127.0.0.1] INFO  com.netflix.discovery.DiscoveryClient -
				Completed shut down of DiscoveryClient
2018-08-22 09:56:11.348 [RMI TCP Connection(2)-127.0.0.1] INFO  o.s.context.support.DefaultLifecycleProcessor -
				Stopping beans in phase 2147483647
2018-08-22 09:56:11.348 [RMI TCP Connection(2)-127.0.0.1] INFO  o.s.a.r.listener.SimpleMessageListenerContainer -
				Waiting for workers to finish.
2018-08-22 09:56:11.348 [RMI TCP Connection(2)-127.0.0.1] INFO  o.s.a.r.listener.SimpleMessageListenerContainer -
				Successfully waited for workers to finish.
2018-08-22 09:56:11.348 [RMI TCP Connection(2)-127.0.0.1] INFO  o.s.context.support.DefaultLifecycleProcessor -
				Stopping beans in phase 0
2018-08-22 09:56:11.348 [RMI TCP Connection(2)-127.0.0.1] INFO  o.s.a.r.listener.SimpleMessageListenerContainer -
				Shutdown ignored - container is not active already
2018-08-22 09:56:11.348 [RMI TCP Connection(2)-127.0.0.1] INFO  o.s.jmx.export.annotation.AnnotationMBeanExporter -
				Unregistering JMX-exposed beans on shutdown
2018-08-22 09:56:11.348 [RMI TCP Connection(2)-127.0.0.1] INFO  o.s.jmx.export.annotation.AnnotationMBeanExporter -
				Unregistering JMX-exposed beans
2018-08-22 09:56:11.363 [RMI TCP Connection(2)-127.0.0.1] INFO  org.apache.coyote.http11.Http11NioProtocol -
				Pausing ProtocolHandler ["http-nio-8084"]
2018-08-22 09:56:11.926 [RMI TCP Connection(2)-127.0.0.1] INFO  org.apache.catalina.core.StandardService -
				Stopping service [Tomcat]
2018-08-22 09:56:11.973 [localhost-startStop-2] INFO  o.a.c.core.ContainerBase.[Tomcat].[localhost].[/] -
				Destroying Spring FrameworkServlet 'dispatcherServlet'
2018-08-22 09:56:12.020 [RMI TCP Connection(2)-127.0.0.1] INFO  org.apache.coyote.http11.Http11NioProtocol -
				Stopping ProtocolHandler ["http-nio-8084"]
2018-08-22 09:56:12.035 [RMI TCP Connection(2)-127.0.0.1] INFO  org.apache.coyote.http11.Http11NioProtocol -
				Destroying ProtocolHandler ["http-nio-8084"]
