2018-08-20 15:04:20.224 [main] INFO  o.s.c.c.client.ConfigServicePropertySourceLocator -
				Fetching config from server at: http://localhost:8888
2018-08-20 15:04:21.367 [main] WARN  o.s.c.c.client.ConfigServicePropertySourceLocator -
				Could not locate PropertySource: I/O error on GET request for "http://localhost:8888/test-service/default": Connection refused: connect; nested exception is java.net.ConnectException: Connection refused: connect
2018-08-20 15:04:21.372 [main] INFO  com.springboot.TestSpringbootApplication -
				The following profiles are active: test
2018-08-20 15:04:21.405 [main] INFO  o.s.b.c.e.AnnotationConfigEmbeddedWebApplicationContext -
				Refreshing org.springframework.boot.context.embedded.AnnotationConfigEmbeddedWebApplicationContext@3e47a03: startup date [Mon Aug 20 15:04:21 CST 2018]; parent: org.springframework.context.annotation.AnnotationConfigApplicationContext@2a5b3fee
2018-08-20 15:04:22.650 [main] INFO  o.s.d.r.config.RepositoryConfigurationDelegate -
				Multiple Spring Data modules found, entering strict repository configuration mode!
2018-08-20 15:04:22.942 [main] INFO  o.springframework.cloud.context.scope.GenericScope -
				BeanFactory id=9699cad5-f2c2-3367-8d15-b6752fd98e9e
2018-08-20 15:04:22.969 [main] INFO  o.s.b.f.a.AutowiredAnnotationBeanPostProcessor -
				JSR-330 'javax.inject.Inject' annotation found and supported for autowiring
2018-08-20 15:04:23.126 [main] INFO  o.s.c.s.PostProcessorRegistrationDelegate$BeanPostProcessorChecker -
				Bean 'org.springframework.amqp.rabbit.annotation.RabbitBootstrapConfiguration' of type [org.springframework.amqp.rabbit.annotation.RabbitBootstrapConfiguration$$EnhancerBySpringCGLIB$$8151c7f7] is not eligible for getting processed by all BeanPostProcessors (for example: not eligible for auto-proxying)
2018-08-20 15:04:23.451 [main] INFO  o.s.c.s.PostProcessorRegistrationDelegate$BeanPostProcessorChecker -
				Bean 'org.springframework.transaction.annotation.ProxyTransactionManagementConfiguration' of type [org.springframework.transaction.annotation.ProxyTransactionManagementConfiguration$$EnhancerBySpringCGLIB$$bae609c9] is not eligible for getting processed by all BeanPostProcessors (for example: not eligible for auto-proxying)
2018-08-20 15:04:23.736 [main] INFO  o.s.c.s.PostProcessorRegistrationDelegate$BeanPostProcessorChecker -
				Bean 'org.springframework.cloud.autoconfigure.ConfigurationPropertiesRebinderAutoConfiguration' of type [org.springframework.cloud.autoconfigure.ConfigurationPropertiesRebinderAutoConfiguration$$EnhancerBySpringCGLIB$$d7000cc6] is not eligible for getting processed by all BeanPostProcessors (for example: not eligible for auto-proxying)
2018-08-20 15:04:24.152 [main] INFO  o.s.b.c.e.tomcat.TomcatEmbeddedServletContainer -
				Tomcat initialized with port(s): 8084 (http)
2018-08-20 15:04:24.174 [main] INFO  org.apache.coyote.http11.Http11NioProtocol -
				Initializing ProtocolHandler ["http-nio-8084"]
2018-08-20 15:04:24.195 [main] INFO  org.apache.catalina.core.StandardService -
				Starting service [Tomcat]
2018-08-20 15:04:24.196 [main] INFO  org.apache.catalina.core.StandardEngine -
				Starting Servlet Engine: Apache Tomcat/8.5.31
2018-08-20 15:04:24.578 [localhost-startStop-1] INFO  o.a.c.core.ContainerBase.[Tomcat].[localhost].[/] -
				Initializing Spring embedded WebApplicationContext
2018-08-20 15:04:24.579 [localhost-startStop-1] INFO  org.springframework.web.context.ContextLoader -
				Root WebApplicationContext: initialization completed in 3173 ms
2018-08-20 15:04:24.936 [localhost-startStop-1] INFO  o.s.boot.web.servlet.ServletRegistrationBean -
				Mapping servlet: 'dispatcherServlet' to [/]
2018-08-20 15:04:24.938 [localhost-startStop-1] INFO  o.s.boot.web.servlet.ServletRegistrationBean -
				Mapping servlet: 'statViewServlet' to [/druid/*]
2018-08-20 15:04:24.943 [localhost-startStop-1] INFO  o.s.boot.web.servlet.FilterRegistrationBean -
				Mapping filter: 'characterEncodingFilter' to: [/*]
2018-08-20 15:04:24.944 [localhost-startStop-1] INFO  o.s.boot.web.servlet.FilterRegistrationBean -
				Mapping filter: 'hiddenHttpMethodFilter' to: [/*]
2018-08-20 15:04:24.944 [localhost-startStop-1] INFO  o.s.boot.web.servlet.FilterRegistrationBean -
				Mapping filter: 'httpPutFormContentFilter' to: [/*]
2018-08-20 15:04:24.945 [localhost-startStop-1] INFO  o.s.boot.web.servlet.FilterRegistrationBean -
				Mapping filter: 'requestContextFilter' to: [/*]
2018-08-20 15:04:24.945 [localhost-startStop-1] INFO  o.s.boot.web.servlet.FilterRegistrationBean -
				Mapping filter: 'webStatFilter' to urls: [/*]
2018-08-20 15:04:26.447 [main] INFO  o.s.w.s.m.m.a.RequestMappingHandlerMapping -
				Mapped "{[/err/error]}" onto public java.lang.String com.springboot.controller.ErrorController.error(java.util.Map<java.lang.String, java.lang.String>)
2018-08-20 15:04:26.454 [main] INFO  o.s.w.s.m.m.a.RequestMappingHandlerMapping -
				Mapped "{[/index/eureka-server],methods=[GET]}" onto public java.lang.String com.springboot.controller.HelloController.serviceUrl()
2018-08-20 15:04:26.454 [main] INFO  o.s.w.s.m.m.a.RequestMappingHandlerMapping -
				Mapped "{[/index/hello],methods=[GET]}" onto public java.lang.String com.springboot.controller.HelloController.hello()
2018-08-20 15:04:26.455 [main] INFO  o.s.w.s.m.m.a.RequestMappingHandlerMapping -
				Mapped "{[/index/thymeleaf],methods=[GET]}" onto public org.springframework.web.servlet.ModelAndView com.springboot.controller.HelloController.testThymeleaf(java.lang.String)
2018-08-20 15:04:26.455 [main] INFO  o.s.w.s.m.m.a.RequestMappingHandlerMapping -
				Mapped "{[/index/freemarker],methods=[GET]}" onto public org.springframework.web.servlet.ModelAndView com.springboot.controller.HelloController.getFreemarker(java.lang.String)
2018-08-20 15:04:26.457 [main] INFO  o.s.w.s.m.m.a.RequestMappingHandlerMapping -
				Mapped "{[/swgger/{id}],methods=[GET]}" onto public java.util.Map<java.lang.String, java.lang.String> com.springboot.controller.SwaggerController.getInfo(java.lang.String)
2018-08-20 15:04:26.462 [main] INFO  o.s.w.s.m.m.a.RequestMappingHandlerMapping -
				Mapped "{[/swagger-resources/configuration/ui]}" onto public org.springframework.http.ResponseEntity<springfox.documentation.swagger.web.UiConfiguration> springfox.documentation.swagger.web.ApiResourceController.uiConfiguration()
2018-08-20 15:04:26.463 [main] INFO  o.s.w.s.m.m.a.RequestMappingHandlerMapping -
				Mapped "{[/swagger-resources]}" onto public org.springframework.http.ResponseEntity<java.util.List<springfox.documentation.swagger.web.SwaggerResource>> springfox.documentation.swagger.web.ApiResourceController.swaggerResources()
2018-08-20 15:04:26.465 [main] INFO  o.s.w.s.m.m.a.RequestMappingHandlerMapping -
				Mapped "{[/swagger-resources/configuration/security]}" onto public org.springframework.http.ResponseEntity<springfox.documentation.swagger.web.SecurityConfiguration> springfox.documentation.swagger.web.ApiResourceController.securityConfiguration()
2018-08-20 15:04:26.470 [main] INFO  o.s.w.s.m.m.a.RequestMappingHandlerMapping -
				Mapped "{[/error]}" onto public org.springframework.http.ResponseEntity<java.util.Map<java.lang.String, java.lang.Object>> org.springframework.boot.autoconfigure.web.BasicErrorController.error(javax.servlet.http.HttpServletRequest)
2018-08-20 15:04:26.471 [main] INFO  o.s.w.s.m.m.a.RequestMappingHandlerMapping -
				Mapped "{[/error],produces=[text/html]}" onto public org.springframework.web.servlet.ModelAndView org.springframework.boot.autoconfigure.web.BasicErrorController.errorHtml(javax.servlet.http.HttpServletRequest,javax.servlet.http.HttpServletResponse)
2018-08-20 15:04:26.875 [main] INFO  s.d.s.w.PropertySourcedRequestMappingHandlerMapping -
				Mapped URL path [/v2/api-docs] onto method [public org.springframework.http.ResponseEntity<springfox.documentation.spring.web.json.Json> springfox.documentation.swagger2.web.Swagger2Controller.getDocumentation(java.lang.String,javax.servlet.http.HttpServletRequest)]
2018-08-20 15:04:27.235 [main] WARN  com.netflix.config.sources.URLConfigurationSource -
				No URLs will be polled as dynamic configuration sources.
2018-08-20 15:04:27.235 [main] INFO  com.netflix.config.sources.URLConfigurationSource -
				To enable URLs as dynamic configuration sources, define System property archaius.configurationSource.additionalUrls or make config.properties available on classpath.
2018-08-20 15:04:27.242 [main] WARN  com.netflix.config.sources.URLConfigurationSource -
				No URLs will be polled as dynamic configuration sources.
2018-08-20 15:04:27.243 [main] INFO  com.netflix.config.sources.URLConfigurationSource -
				To enable URLs as dynamic configuration sources, define System property archaius.configurationSource.additionalUrls or make config.properties available on classpath.
2018-08-20 15:04:27.558 [main] INFO  o.s.w.s.m.m.a.RequestMappingHandlerAdapter -
				Looking for @ControllerAdvice: org.springframework.boot.context.embedded.AnnotationConfigEmbeddedWebApplicationContext@3e47a03: startup date [Mon Aug 20 15:04:21 CST 2018]; parent: org.springframework.context.annotation.AnnotationConfigApplicationContext@2a5b3fee
2018-08-20 15:04:27.743 [main] INFO  o.s.web.servlet.handler.SimpleUrlHandlerMapping -
				Mapped URL path [/webjars/**] onto handler of type [class org.springframework.web.servlet.resource.ResourceHttpRequestHandler]
2018-08-20 15:04:27.744 [main] INFO  o.s.web.servlet.handler.SimpleUrlHandlerMapping -
				Mapped URL path [/**] onto handler of type [class org.springframework.web.servlet.resource.ResourceHttpRequestHandler]
2018-08-20 15:04:27.791 [main] INFO  o.s.w.s.m.m.a.ExceptionHandlerExceptionResolver -
				Detected @ExceptionHandler methods in myExceptionHandler
2018-08-20 15:04:27.871 [main] INFO  o.s.web.servlet.handler.SimpleUrlHandlerMapping -
				Mapped URL path [/**/favicon.ico] onto handler of type [class org.springframework.web.servlet.resource.ResourceHttpRequestHandler]
2018-08-20 15:04:30.166 [main] INFO  o.s.w.servlet.view.freemarker.FreeMarkerConfigurer -
				ClassTemplateLoader for Spring macros added to FreeMarker configuration
2018-08-20 15:04:31.061 [main] INFO  o.s.jmx.export.annotation.AnnotationMBeanExporter -
				Registering beans for JMX exposure on startup
2018-08-20 15:04:31.066 [main] INFO  o.s.jmx.export.annotation.AnnotationMBeanExporter -
				Bean with name 'dataSource' has been autodetected for JMX exposure
2018-08-20 15:04:31.077 [main] INFO  o.s.jmx.export.annotation.AnnotationMBeanExporter -
				Bean with name 'environmentManager' has been autodetected for JMX exposure
2018-08-20 15:04:31.079 [main] INFO  o.s.jmx.export.annotation.AnnotationMBeanExporter -
				Bean with name 'rabbitConnectionFactory' has been autodetected for JMX exposure
2018-08-20 15:04:31.082 [main] INFO  o.s.jmx.export.annotation.AnnotationMBeanExporter -
				Bean with name 'configurationPropertiesRebinder' has been autodetected for JMX exposure
2018-08-20 15:04:31.084 [main] INFO  o.s.jmx.export.annotation.AnnotationMBeanExporter -
				Bean with name 'refreshScope' has been autodetected for JMX exposure
2018-08-20 15:04:31.088 [main] INFO  o.s.jmx.export.annotation.AnnotationMBeanExporter -
				Located managed bean 'environmentManager': registering with JMX server as MBean [org.springframework.cloud.context.environment:name=environmentManager,type=EnvironmentManager]
2018-08-20 15:04:31.104 [main] INFO  o.s.jmx.export.annotation.AnnotationMBeanExporter -
				Located managed bean 'refreshScope': registering with JMX server as MBean [org.springframework.cloud.context.scope.refresh:name=refreshScope,type=RefreshScope]
2018-08-20 15:04:31.125 [main] INFO  o.s.jmx.export.annotation.AnnotationMBeanExporter -
				Located managed bean 'configurationPropertiesRebinder': registering with JMX server as MBean [org.springframework.cloud.context.properties:name=configurationPropertiesRebinder,context=3e47a03,type=ConfigurationPropertiesRebinder]
2018-08-20 15:04:31.139 [main] INFO  o.s.jmx.export.annotation.AnnotationMBeanExporter -
				Located MBean 'dataSource': registering with JMX server as MBean [com.alibaba.druid.pool:name=dataSource,type=DruidDataSource]
2018-08-20 15:04:31.144 [main] INFO  o.s.jmx.export.annotation.AnnotationMBeanExporter -
				Located managed bean 'rabbitConnectionFactory': registering with JMX server as MBean [org.springframework.amqp.rabbit.connection:name=rabbitConnectionFactory,type=CachingConnectionFactory]
2018-08-20 15:04:31.633 [main] INFO  o.s.context.support.DefaultLifecycleProcessor -
				Starting beans in phase 0
2018-08-20 15:04:31.644 [main] INFO  o.s.cloud.netflix.eureka.InstanceInfoFactory -
				Setting initial instance status as: STARTING
2018-08-20 15:04:31.699 [main] INFO  com.netflix.discovery.DiscoveryClient -
				Initializing Eureka in region us-east-1
2018-08-20 15:04:32.210 [main] INFO  c.n.discovery.provider.DiscoveryJerseyProvider -
				Using JSON encoding codec LegacyJacksonJson
2018-08-20 15:04:32.211 [main] INFO  c.n.discovery.provider.DiscoveryJerseyProvider -
				Using JSON decoding codec LegacyJacksonJson
2018-08-20 15:04:32.354 [main] INFO  c.n.discovery.provider.DiscoveryJerseyProvider -
				Using XML encoding codec XStreamXml
2018-08-20 15:04:32.354 [main] INFO  c.n.discovery.provider.DiscoveryJerseyProvider -
				Using XML decoding codec XStreamXml
2018-08-20 15:04:32.721 [main] INFO  c.n.d.shared.resolver.aws.ConfigClusterResolver -
				Resolving eureka endpoints via configuration
2018-08-20 15:04:33.004 [main] INFO  com.netflix.discovery.DiscoveryClient -
				Disable delta property : false
2018-08-20 15:04:33.004 [main] INFO  com.netflix.discovery.DiscoveryClient -
				Single vip registry refresh property : null
2018-08-20 15:04:33.004 [main] INFO  com.netflix.discovery.DiscoveryClient -
				Force full registry fetch : false
2018-08-20 15:04:33.004 [main] INFO  com.netflix.discovery.DiscoveryClient -
				Application is null : false
2018-08-20 15:04:33.004 [main] INFO  com.netflix.discovery.DiscoveryClient -
				Registered Applications size is zero : true
2018-08-20 15:04:33.005 [main] INFO  com.netflix.discovery.DiscoveryClient -
				Application version is -1: true
2018-08-20 15:04:33.005 [main] INFO  com.netflix.discovery.DiscoveryClient -
				Getting all instance registry info from the eureka server
2018-08-20 15:04:33.392 [main] INFO  com.netflix.discovery.DiscoveryClient -
				The response status is 200
2018-08-20 15:04:33.395 [main] INFO  com.netflix.discovery.DiscoveryClient -
				Starting heartbeat executor: renew interval is: 30
2018-08-20 15:04:33.402 [main] INFO  com.netflix.discovery.InstanceInfoReplicator -
				InstanceInfoReplicator onDemand update allowed rate per min is 4
2018-08-20 15:04:33.410 [main] INFO  com.netflix.discovery.DiscoveryClient -
				Discovery Client initialized at timestamp 1534748673409 with initial instances count: 0
2018-08-20 15:04:33.453 [main] INFO  o.s.c.n.e.serviceregistry.EurekaServiceRegistry -
				Registering application test-service with eureka with status UP
2018-08-20 15:04:33.455 [main] INFO  com.netflix.discovery.DiscoveryClient -
				Saw local status change event StatusChangeEvent [timestamp=1534748673455, current=UP, previous=STARTING]
2018-08-20 15:04:33.459 [DiscoveryClient-InstanceInfoReplicator-0] INFO  com.netflix.discovery.DiscoveryClient -
				DiscoveryClient_TEST-SERVICE/test-service.172.21.140.48.8084: registering service...
2018-08-20 15:04:33.461 [main] INFO  o.s.context.support.DefaultLifecycleProcessor -
				Starting beans in phase 2147483647
2018-08-20 15:04:33.461 [main] INFO  s.d.s.web.plugins.DocumentationPluginsBootstrapper -
				Context refreshed
2018-08-20 15:04:33.488 [main] INFO  s.d.s.web.plugins.DocumentationPluginsBootstrapper -
				Found 1 custom documentation plugin(s)
2018-08-20 15:04:33.562 [main] INFO  s.d.spring.web.scanners.ApiListingReferenceScanner -
				Scanning for api listing references
2018-08-20 15:04:33.640 [main] WARN  s.d.s.w.readers.parameter.ParameterDataTypeReader -
				Trying to infer dataType java.util.Map<java.lang.String,java.lang.String>
2018-08-20 15:04:33.641 [DiscoveryClient-InstanceInfoReplicator-0] INFO  com.netflix.discovery.DiscoveryClient -
				DiscoveryClient_TEST-SERVICE/test-service.172.21.140.48.8084 - registration status: 204
2018-08-20 15:04:33.671 [main] WARN  s.d.s.w.readers.parameter.ParameterDataTypeReader -
				Trying to infer dataType java.util.Map<java.lang.String,java.lang.String>
2018-08-20 15:04:33.677 [main] WARN  s.d.s.w.readers.parameter.ParameterDataTypeReader -
				Trying to infer dataType java.util.Map<java.lang.String,java.lang.String>
2018-08-20 15:04:33.683 [main] WARN  s.d.s.w.readers.parameter.ParameterDataTypeReader -
				Trying to infer dataType java.util.Map<java.lang.String,java.lang.String>
2018-08-20 15:04:33.690 [main] WARN  s.d.s.w.readers.parameter.ParameterDataTypeReader -
				Trying to infer dataType java.util.Map<java.lang.String,java.lang.String>
2018-08-20 15:04:33.695 [main] WARN  s.d.s.w.readers.parameter.ParameterDataTypeReader -
				Trying to infer dataType java.util.Map<java.lang.String,java.lang.String>
2018-08-20 15:04:33.701 [main] WARN  s.d.s.w.readers.parameter.ParameterDataTypeReader -
				Trying to infer dataType java.util.Map<java.lang.String,java.lang.String>
2018-08-20 15:04:33.706 [main] WARN  s.d.s.w.readers.parameter.ParameterDataTypeReader -
				Trying to infer dataType java.util.Map<java.lang.String,java.lang.String>
2018-08-20 15:04:33.932 [SimpleAsyncTaskExecutor-1] INFO  o.s.a.rabbit.connection.CachingConnectionFactory -
				Attempting to connect to: [localhost:5672]
2018-08-20 15:04:36.171 [SimpleAsyncTaskExecutor-1] ERROR o.s.a.r.listener.SimpleMessageListenerContainer -
				Failed to check/redeclare auto-delete queue(s).
org.springframework.amqp.AmqpConnectException: java.net.ConnectException: Connection refused: connect
	at org.springframework.amqp.rabbit.support.RabbitExceptionTranslator.convertRabbitAccessException(RabbitExceptionTranslator.java:62)
	at org.springframework.amqp.rabbit.connection.AbstractConnectionFactory.createBareConnection(AbstractConnectionFactory.java:376)
	at org.springframework.amqp.rabbit.connection.CachingConnectionFactory.createConnection(CachingConnectionFactory.java:573)
	at org.springframework.amqp.rabbit.core.RabbitTemplate.doExecute(RabbitTemplate.java:1436)
	at org.springframework.amqp.rabbit.core.RabbitTemplate.execute(RabbitTemplate.java:1417)
	at org.springframework.amqp.rabbit.core.RabbitTemplate.execute(RabbitTemplate.java:1393)
	at org.springframework.amqp.rabbit.core.RabbitAdmin.getQueueProperties(RabbitAdmin.java:368)
	at org.springframework.amqp.rabbit.listener.SimpleMessageListenerContainer.redeclareElementsIfNecessary(SimpleMessageListenerContainer.java:1241)
	at org.springframework.amqp.rabbit.listener.SimpleMessageListenerContainer$AsyncMessageProcessingConsumer.run(SimpleMessageListenerContainer.java:1502)
	at java.lang.Thread.run(Thread.java:748)
Caused by: java.net.ConnectException: Connection refused: connect
	at java.net.DualStackPlainSocketImpl.waitForConnect(Native Method)
	at java.net.DualStackPlainSocketImpl.socketConnect(DualStackPlainSocketImpl.java:85)
	at java.net.AbstractPlainSocketImpl.doConnect(AbstractPlainSocketImpl.java:350)
	at java.net.AbstractPlainSocketImpl.connectToAddress(AbstractPlainSocketImpl.java:206)
	at java.net.AbstractPlainSocketImpl.connect(AbstractPlainSocketImpl.java:188)
	at java.net.PlainSocketImpl.connect(PlainSocketImpl.java:172)
	at java.net.SocksSocketImpl.connect(SocksSocketImpl.java:392)
	at java.net.Socket.connect(Socket.java:589)
	at com.rabbitmq.client.impl.SocketFrameHandlerFactory.create(SocketFrameHandlerFactory.java:50)
	at com.rabbitmq.client.ConnectionFactory.newConnection(ConnectionFactory.java:907)
	at com.rabbitmq.client.ConnectionFactory.newConnection(ConnectionFactory.java:859)
	at com.rabbitmq.client.ConnectionFactory.newConnection(ConnectionFactory.java:799)
	at org.springframework.amqp.rabbit.connection.AbstractConnectionFactory.createBareConnection(AbstractConnectionFactory.java:356)
	... 8 common frames omitted
2018-08-20 15:04:36.178 [SimpleAsyncTaskExecutor-1] INFO  o.s.a.rabbit.connection.CachingConnectionFactory -
				Attempting to connect to: [localhost:5672]
2018-08-20 15:04:38.253 [main] INFO  org.apache.coyote.http11.Http11NioProtocol -
				Starting ProtocolHandler ["http-nio-8084"]
2018-08-20 15:04:38.269 [main] INFO  org.apache.tomcat.util.net.NioSelectorPool -
				Using a shared selector for servlet write/read
2018-08-20 15:04:38.324 [main] INFO  o.s.b.c.e.tomcat.TomcatEmbeddedServletContainer -
				Tomcat started on port(s): 8084 (http)
2018-08-20 15:04:38.326 [main] INFO  o.s.c.n.e.s.EurekaAutoServiceRegistration -
				Updating port to 8084
2018-08-20 15:04:38.334 [main] INFO  com.springboot.TestSpringbootApplication -
				Started TestSpringbootApplication in 20.503 seconds (JVM running for 22.029)
2018-08-20 15:04:43.309 [SimpleAsyncTaskExecutor-1] WARN  o.s.a.r.listener.SimpleMessageListenerContainer -
				Consumer raised exception, processing can restart if the connection factory supports it. Exception summary: org.springframework.amqp.AmqpConnectException: java.net.ConnectException: Connection refused: connect
2018-08-20 15:04:43.314 [SimpleAsyncTaskExecutor-1] INFO  o.s.a.r.listener.SimpleMessageListenerContainer -
				Restarting Consumer@828e2d8: tags=[{}], channel=null, acknowledgeMode=AUTO local queue size=0
2018-08-20 15:04:43.320 [SimpleAsyncTaskExecutor-2] INFO  o.s.a.rabbit.connection.CachingConnectionFactory -
				Attempting to connect to: [localhost:5672]
2018-08-20 15:04:45.371 [SimpleAsyncTaskExecutor-2] ERROR o.s.a.r.listener.SimpleMessageListenerContainer -
				Failed to check/redeclare auto-delete queue(s).
org.springframework.amqp.AmqpConnectException: java.net.ConnectException: Connection refused: connect
	at org.springframework.amqp.rabbit.support.RabbitExceptionTranslator.convertRabbitAccessException(RabbitExceptionTranslator.java:62)
	at org.springframework.amqp.rabbit.connection.AbstractConnectionFactory.createBareConnection(AbstractConnectionFactory.java:376)
	at org.springframework.amqp.rabbit.connection.CachingConnectionFactory.createConnection(CachingConnectionFactory.java:573)
	at org.springframework.amqp.rabbit.core.RabbitTemplate.doExecute(RabbitTemplate.java:1436)
	at org.springframework.amqp.rabbit.core.RabbitTemplate.execute(RabbitTemplate.java:1417)
	at org.springframework.amqp.rabbit.core.RabbitTemplate.execute(RabbitTemplate.java:1393)
	at org.springframework.amqp.rabbit.core.RabbitAdmin.getQueueProperties(RabbitAdmin.java:368)
	at org.springframework.amqp.rabbit.listener.SimpleMessageListenerContainer.redeclareElementsIfNecessary(SimpleMessageListenerContainer.java:1241)
	at org.springframework.amqp.rabbit.listener.SimpleMessageListenerContainer$AsyncMessageProcessingConsumer.run(SimpleMessageListenerContainer.java:1502)
	at java.lang.Thread.run(Thread.java:748)
Caused by: java.net.ConnectException: Connection refused: connect
	at java.net.DualStackPlainSocketImpl.waitForConnect(Native Method)
	at java.net.DualStackPlainSocketImpl.socketConnect(DualStackPlainSocketImpl.java:85)
	at java.net.AbstractPlainSocketImpl.doConnect(AbstractPlainSocketImpl.java:350)
	at java.net.AbstractPlainSocketImpl.connectToAddress(AbstractPlainSocketImpl.java:206)
	at java.net.AbstractPlainSocketImpl.connect(AbstractPlainSocketImpl.java:188)
	at java.net.PlainSocketImpl.connect(PlainSocketImpl.java:172)
	at java.net.SocksSocketImpl.connect(SocksSocketImpl.java:392)
	at java.net.Socket.connect(Socket.java:589)
	at com.rabbitmq.client.impl.SocketFrameHandlerFactory.create(SocketFrameHandlerFactory.java:50)
	at com.rabbitmq.client.ConnectionFactory.newConnection(ConnectionFactory.java:907)
	at com.rabbitmq.client.ConnectionFactory.newConnection(ConnectionFactory.java:859)
	at com.rabbitmq.client.ConnectionFactory.newConnection(ConnectionFactory.java:799)
	at org.springframework.amqp.rabbit.connection.AbstractConnectionFactory.createBareConnection(AbstractConnectionFactory.java:356)
	... 8 common frames omitted
2018-08-20 15:04:45.372 [SimpleAsyncTaskExecutor-2] INFO  o.s.a.rabbit.connection.CachingConnectionFactory -
				Attempting to connect to: [localhost:5672]
2018-08-20 15:04:52.543 [SimpleAsyncTaskExecutor-2] WARN  o.s.a.r.listener.SimpleMessageListenerContainer -
				Consumer raised exception, processing can restart if the connection factory supports it. Exception summary: org.springframework.amqp.AmqpConnectException: java.net.ConnectException: Connection refused: connect
2018-08-20 15:04:52.544 [SimpleAsyncTaskExecutor-2] INFO  o.s.a.r.listener.SimpleMessageListenerContainer -
				Restarting Consumer@25a3674b: tags=[{}], channel=null, acknowledgeMode=AUTO local queue size=0
2018-08-20 15:04:52.552 [SimpleAsyncTaskExecutor-3] INFO  o.s.a.rabbit.connection.CachingConnectionFactory -
				Attempting to connect to: [localhost:5672]
2018-08-20 15:04:54.570 [SimpleAsyncTaskExecutor-3] ERROR o.s.a.r.listener.SimpleMessageListenerContainer -
				Failed to check/redeclare auto-delete queue(s).
org.springframework.amqp.AmqpConnectException: java.net.ConnectException: Connection refused: connect
	at org.springframework.amqp.rabbit.support.RabbitExceptionTranslator.convertRabbitAccessException(RabbitExceptionTranslator.java:62)
	at org.springframework.amqp.rabbit.connection.AbstractConnectionFactory.createBareConnection(AbstractConnectionFactory.java:376)
	at org.springframework.amqp.rabbit.connection.CachingConnectionFactory.createConnection(CachingConnectionFactory.java:573)
	at org.springframework.amqp.rabbit.core.RabbitTemplate.doExecute(RabbitTemplate.java:1436)
	at org.springframework.amqp.rabbit.core.RabbitTemplate.execute(RabbitTemplate.java:1417)
	at org.springframework.amqp.rabbit.core.RabbitTemplate.execute(RabbitTemplate.java:1393)
	at org.springframework.amqp.rabbit.core.RabbitAdmin.getQueueProperties(RabbitAdmin.java:368)
	at org.springframework.amqp.rabbit.listener.SimpleMessageListenerContainer.redeclareElementsIfNecessary(SimpleMessageListenerContainer.java:1241)
	at org.springframework.amqp.rabbit.listener.SimpleMessageListenerContainer$AsyncMessageProcessingConsumer.run(SimpleMessageListenerContainer.java:1502)
	at java.lang.Thread.run(Thread.java:748)
Caused by: java.net.ConnectException: Connection refused: connect
	at java.net.DualStackPlainSocketImpl.waitForConnect(Native Method)
	at java.net.DualStackPlainSocketImpl.socketConnect(DualStackPlainSocketImpl.java:85)
	at java.net.AbstractPlainSocketImpl.doConnect(AbstractPlainSocketImpl.java:350)
	at java.net.AbstractPlainSocketImpl.connectToAddress(AbstractPlainSocketImpl.java:206)
	at java.net.AbstractPlainSocketImpl.connect(AbstractPlainSocketImpl.java:188)
	at java.net.PlainSocketImpl.connect(PlainSocketImpl.java:172)
	at java.net.SocksSocketImpl.connect(SocksSocketImpl.java:392)
	at java.net.Socket.connect(Socket.java:589)
	at com.rabbitmq.client.impl.SocketFrameHandlerFactory.create(SocketFrameHandlerFactory.java:50)
	at com.rabbitmq.client.ConnectionFactory.newConnection(ConnectionFactory.java:907)
	at com.rabbitmq.client.ConnectionFactory.newConnection(ConnectionFactory.java:859)
	at com.rabbitmq.client.ConnectionFactory.newConnection(ConnectionFactory.java:799)
	at org.springframework.amqp.rabbit.connection.AbstractConnectionFactory.createBareConnection(AbstractConnectionFactory.java:356)
	... 8 common frames omitted
2018-08-20 15:04:54.570 [SimpleAsyncTaskExecutor-3] INFO  o.s.a.rabbit.connection.CachingConnectionFactory -
				Attempting to connect to: [localhost:5672]
2018-08-20 15:05:01.702 [SimpleAsyncTaskExecutor-3] WARN  o.s.a.r.listener.SimpleMessageListenerContainer -
				Consumer raised exception, processing can restart if the connection factory supports it. Exception summary: org.springframework.amqp.AmqpConnectException: java.net.ConnectException: Connection refused: connect
2018-08-20 15:05:01.703 [SimpleAsyncTaskExecutor-3] INFO  o.s.a.r.listener.SimpleMessageListenerContainer -
				Restarting Consumer@65fc8233: tags=[{}], channel=null, acknowledgeMode=AUTO local queue size=0
2018-08-20 15:05:01.705 [SimpleAsyncTaskExecutor-4] INFO  o.s.a.rabbit.connection.CachingConnectionFactory -
				Attempting to connect to: [localhost:5672]
2018-08-20 15:05:03.398 [DiscoveryClient-CacheRefreshExecutor-0] INFO  com.netflix.discovery.DiscoveryClient -
				Disable delta property : false
2018-08-20 15:05:03.399 [DiscoveryClient-CacheRefreshExecutor-0] INFO  com.netflix.discovery.DiscoveryClient -
				Single vip registry refresh property : null
2018-08-20 15:05:03.401 [DiscoveryClient-CacheRefreshExecutor-0] INFO  com.netflix.discovery.DiscoveryClient -
				Force full registry fetch : false
2018-08-20 15:05:03.401 [DiscoveryClient-CacheRefreshExecutor-0] INFO  com.netflix.discovery.DiscoveryClient -
				Application is null : false
2018-08-20 15:05:03.401 [DiscoveryClient-CacheRefreshExecutor-0] INFO  com.netflix.discovery.DiscoveryClient -
				Registered Applications size is zero : true
2018-08-20 15:05:03.401 [DiscoveryClient-CacheRefreshExecutor-0] INFO  com.netflix.discovery.DiscoveryClient -
				Application version is -1: false
2018-08-20 15:05:03.401 [DiscoveryClient-CacheRefreshExecutor-0] INFO  com.netflix.discovery.DiscoveryClient -
				Getting all instance registry info from the eureka server
2018-08-20 15:05:03.524 [DiscoveryClient-CacheRefreshExecutor-0] INFO  com.netflix.discovery.DiscoveryClient -
				The response status is 200
2018-08-20 15:05:03.719 [SimpleAsyncTaskExecutor-4] ERROR o.s.a.r.listener.SimpleMessageListenerContainer -
				Failed to check/redeclare auto-delete queue(s).
org.springframework.amqp.AmqpConnectException: java.net.ConnectException: Connection refused: connect
	at org.springframework.amqp.rabbit.support.RabbitExceptionTranslator.convertRabbitAccessException(RabbitExceptionTranslator.java:62)
	at org.springframework.amqp.rabbit.connection.AbstractConnectionFactory.createBareConnection(AbstractConnectionFactory.java:376)
	at org.springframework.amqp.rabbit.connection.CachingConnectionFactory.createConnection(CachingConnectionFactory.java:573)
	at org.springframework.amqp.rabbit.core.RabbitTemplate.doExecute(RabbitTemplate.java:1436)
	at org.springframework.amqp.rabbit.core.RabbitTemplate.execute(RabbitTemplate.java:1417)
	at org.springframework.amqp.rabbit.core.RabbitTemplate.execute(RabbitTemplate.java:1393)
	at org.springframework.amqp.rabbit.core.RabbitAdmin.getQueueProperties(RabbitAdmin.java:368)
	at org.springframework.amqp.rabbit.listener.SimpleMessageListenerContainer.redeclareElementsIfNecessary(SimpleMessageListenerContainer.java:1241)
	at org.springframework.amqp.rabbit.listener.SimpleMessageListenerContainer$AsyncMessageProcessingConsumer.run(SimpleMessageListenerContainer.java:1502)
	at java.lang.Thread.run(Thread.java:748)
Caused by: java.net.ConnectException: Connection refused: connect
	at java.net.DualStackPlainSocketImpl.waitForConnect(Native Method)
	at java.net.DualStackPlainSocketImpl.socketConnect(DualStackPlainSocketImpl.java:85)
	at java.net.AbstractPlainSocketImpl.doConnect(AbstractPlainSocketImpl.java:350)
	at java.net.AbstractPlainSocketImpl.connectToAddress(AbstractPlainSocketImpl.java:206)
	at java.net.AbstractPlainSocketImpl.connect(AbstractPlainSocketImpl.java:188)
	at java.net.PlainSocketImpl.connect(PlainSocketImpl.java:172)
	at java.net.SocksSocketImpl.connect(SocksSocketImpl.java:392)
	at java.net.Socket.connect(Socket.java:589)
	at com.rabbitmq.client.impl.SocketFrameHandlerFactory.create(SocketFrameHandlerFactory.java:50)
	at com.rabbitmq.client.ConnectionFactory.newConnection(ConnectionFactory.java:907)
	at com.rabbitmq.client.ConnectionFactory.newConnection(ConnectionFactory.java:859)
	at com.rabbitmq.client.ConnectionFactory.newConnection(ConnectionFactory.java:799)
	at org.springframework.amqp.rabbit.connection.AbstractConnectionFactory.createBareConnection(AbstractConnectionFactory.java:356)
	... 8 common frames omitted
2018-08-20 15:05:03.719 [SimpleAsyncTaskExecutor-4] INFO  o.s.a.rabbit.connection.CachingConnectionFactory -
				Attempting to connect to: [localhost:5672]
2018-08-20 15:05:10.867 [SimpleAsyncTaskExecutor-4] WARN  o.s.a.r.listener.SimpleMessageListenerContainer -
				Consumer raised exception, processing can restart if the connection factory supports it. Exception summary: org.springframework.amqp.AmqpConnectException: java.net.ConnectException: Connection refused: connect
2018-08-20 15:05:10.867 [SimpleAsyncTaskExecutor-4] INFO  o.s.a.r.listener.SimpleMessageListenerContainer -
				Restarting Consumer@52e6b91e: tags=[{}], channel=null, acknowledgeMode=AUTO local queue size=0
2018-08-20 15:05:10.873 [SimpleAsyncTaskExecutor-5] INFO  o.s.a.rabbit.connection.CachingConnectionFactory -
				Attempting to connect to: [localhost:5672]
2018-08-20 15:05:12.915 [SimpleAsyncTaskExecutor-5] ERROR o.s.a.r.listener.SimpleMessageListenerContainer -
				Failed to check/redeclare auto-delete queue(s).
org.springframework.amqp.AmqpConnectException: java.net.ConnectException: Connection refused: connect
	at org.springframework.amqp.rabbit.support.RabbitExceptionTranslator.convertRabbitAccessException(RabbitExceptionTranslator.java:62)
	at org.springframework.amqp.rabbit.connection.AbstractConnectionFactory.createBareConnection(AbstractConnectionFactory.java:376)
	at org.springframework.amqp.rabbit.connection.CachingConnectionFactory.createConnection(CachingConnectionFactory.java:573)
	at org.springframework.amqp.rabbit.core.RabbitTemplate.doExecute(RabbitTemplate.java:1436)
	at org.springframework.amqp.rabbit.core.RabbitTemplate.execute(RabbitTemplate.java:1417)
	at org.springframework.amqp.rabbit.core.RabbitTemplate.execute(RabbitTemplate.java:1393)
	at org.springframework.amqp.rabbit.core.RabbitAdmin.getQueueProperties(RabbitAdmin.java:368)
	at org.springframework.amqp.rabbit.listener.SimpleMessageListenerContainer.redeclareElementsIfNecessary(SimpleMessageListenerContainer.java:1241)
	at org.springframework.amqp.rabbit.listener.SimpleMessageListenerContainer$AsyncMessageProcessingConsumer.run(SimpleMessageListenerContainer.java:1502)
	at java.lang.Thread.run(Thread.java:748)
Caused by: java.net.ConnectException: Connection refused: connect
	at java.net.DualStackPlainSocketImpl.waitForConnect(Native Method)
	at java.net.DualStackPlainSocketImpl.socketConnect(DualStackPlainSocketImpl.java:85)
	at java.net.AbstractPlainSocketImpl.doConnect(AbstractPlainSocketImpl.java:350)
	at java.net.AbstractPlainSocketImpl.connectToAddress(AbstractPlainSocketImpl.java:206)
	at java.net.AbstractPlainSocketImpl.connect(AbstractPlainSocketImpl.java:188)
	at java.net.PlainSocketImpl.connect(PlainSocketImpl.java:172)
	at java.net.SocksSocketImpl.connect(SocksSocketImpl.java:392)
	at java.net.Socket.connect(Socket.java:589)
	at com.rabbitmq.client.impl.SocketFrameHandlerFactory.create(SocketFrameHandlerFactory.java:50)
	at com.rabbitmq.client.ConnectionFactory.newConnection(ConnectionFactory.java:907)
	at com.rabbitmq.client.ConnectionFactory.newConnection(ConnectionFactory.java:859)
	at com.rabbitmq.client.ConnectionFactory.newConnection(ConnectionFactory.java:799)
	at org.springframework.amqp.rabbit.connection.AbstractConnectionFactory.createBareConnection(AbstractConnectionFactory.java:356)
	... 8 common frames omitted
2018-08-20 15:05:12.915 [SimpleAsyncTaskExecutor-5] INFO  o.s.a.rabbit.connection.CachingConnectionFactory -
				Attempting to connect to: [localhost:5672]
2018-08-20 15:05:19.947 [SimpleAsyncTaskExecutor-5] WARN  o.s.a.r.listener.SimpleMessageListenerContainer -
				Consumer raised exception, processing can restart if the connection factory supports it. Exception summary: org.springframework.amqp.AmqpConnectException: java.net.ConnectException: Connection refused: connect
2018-08-20 15:05:19.947 [SimpleAsyncTaskExecutor-5] INFO  o.s.a.r.listener.SimpleMessageListenerContainer -
				Restarting Consumer@4cdbfc3e: tags=[{}], channel=null, acknowledgeMode=AUTO local queue size=0
2018-08-20 15:05:19.948 [SimpleAsyncTaskExecutor-6] INFO  o.s.a.rabbit.connection.CachingConnectionFactory -
				Attempting to connect to: [localhost:5672]
2018-08-20 15:05:21.963 [SimpleAsyncTaskExecutor-6] ERROR o.s.a.r.listener.SimpleMessageListenerContainer -
				Failed to check/redeclare auto-delete queue(s).
org.springframework.amqp.AmqpConnectException: java.net.ConnectException: Connection refused: connect
	at org.springframework.amqp.rabbit.support.RabbitExceptionTranslator.convertRabbitAccessException(RabbitExceptionTranslator.java:62)
	at org.springframework.amqp.rabbit.connection.AbstractConnectionFactory.createBareConnection(AbstractConnectionFactory.java:376)
	at org.springframework.amqp.rabbit.connection.CachingConnectionFactory.createConnection(CachingConnectionFactory.java:573)
	at org.springframework.amqp.rabbit.core.RabbitTemplate.doExecute(RabbitTemplate.java:1436)
	at org.springframework.amqp.rabbit.core.RabbitTemplate.execute(RabbitTemplate.java:1417)
	at org.springframework.amqp.rabbit.core.RabbitTemplate.execute(RabbitTemplate.java:1393)
	at org.springframework.amqp.rabbit.core.RabbitAdmin.getQueueProperties(RabbitAdmin.java:368)
	at org.springframework.amqp.rabbit.listener.SimpleMessageListenerContainer.redeclareElementsIfNecessary(SimpleMessageListenerContainer.java:1241)
	at org.springframework.amqp.rabbit.listener.SimpleMessageListenerContainer$AsyncMessageProcessingConsumer.run(SimpleMessageListenerContainer.java:1502)
	at java.lang.Thread.run(Thread.java:748)
Caused by: java.net.ConnectException: Connection refused: connect
	at java.net.DualStackPlainSocketImpl.waitForConnect(Native Method)
	at java.net.DualStackPlainSocketImpl.socketConnect(DualStackPlainSocketImpl.java:85)
	at java.net.AbstractPlainSocketImpl.doConnect(AbstractPlainSocketImpl.java:350)
	at java.net.AbstractPlainSocketImpl.connectToAddress(AbstractPlainSocketImpl.java:206)
	at java.net.AbstractPlainSocketImpl.connect(AbstractPlainSocketImpl.java:188)
	at java.net.PlainSocketImpl.connect(PlainSocketImpl.java:172)
	at java.net.SocksSocketImpl.connect(SocksSocketImpl.java:392)
	at java.net.Socket.connect(Socket.java:589)
	at com.rabbitmq.client.impl.SocketFrameHandlerFactory.create(SocketFrameHandlerFactory.java:50)
	at com.rabbitmq.client.ConnectionFactory.newConnection(ConnectionFactory.java:907)
	at com.rabbitmq.client.ConnectionFactory.newConnection(ConnectionFactory.java:859)
	at com.rabbitmq.client.ConnectionFactory.newConnection(ConnectionFactory.java:799)
	at org.springframework.amqp.rabbit.connection.AbstractConnectionFactory.createBareConnection(AbstractConnectionFactory.java:356)
	... 8 common frames omitted
2018-08-20 15:05:21.963 [SimpleAsyncTaskExecutor-6] INFO  o.s.a.rabbit.connection.CachingConnectionFactory -
				Attempting to connect to: [localhost:5672]
2018-08-20 15:05:29.053 [SimpleAsyncTaskExecutor-6] WARN  o.s.a.r.listener.SimpleMessageListenerContainer -
				Consumer raised exception, processing can restart if the connection factory supports it. Exception summary: org.springframework.amqp.AmqpConnectException: java.net.ConnectException: Connection refused: connect
2018-08-20 15:05:29.054 [SimpleAsyncTaskExecutor-6] INFO  o.s.a.r.listener.SimpleMessageListenerContainer -
				Restarting Consumer@1abd65c4: tags=[{}], channel=null, acknowledgeMode=AUTO local queue size=0
2018-08-20 15:05:29.057 [SimpleAsyncTaskExecutor-7] INFO  o.s.a.rabbit.connection.CachingConnectionFactory -
				Attempting to connect to: [localhost:5672]
2018-08-20 15:05:31.134 [SimpleAsyncTaskExecutor-7] ERROR o.s.a.r.listener.SimpleMessageListenerContainer -
				Failed to check/redeclare auto-delete queue(s).
org.springframework.amqp.AmqpConnectException: java.net.ConnectException: Connection refused: connect
	at org.springframework.amqp.rabbit.support.RabbitExceptionTranslator.convertRabbitAccessException(RabbitExceptionTranslator.java:62)
	at org.springframework.amqp.rabbit.connection.AbstractConnectionFactory.createBareConnection(AbstractConnectionFactory.java:376)
	at org.springframework.amqp.rabbit.connection.CachingConnectionFactory.createConnection(CachingConnectionFactory.java:573)
	at org.springframework.amqp.rabbit.core.RabbitTemplate.doExecute(RabbitTemplate.java:1436)
	at org.springframework.amqp.rabbit.core.RabbitTemplate.execute(RabbitTemplate.java:1417)
	at org.springframework.amqp.rabbit.core.RabbitTemplate.execute(RabbitTemplate.java:1393)
	at org.springframework.amqp.rabbit.core.RabbitAdmin.getQueueProperties(RabbitAdmin.java:368)
	at org.springframework.amqp.rabbit.listener.SimpleMessageListenerContainer.redeclareElementsIfNecessary(SimpleMessageListenerContainer.java:1241)
	at org.springframework.amqp.rabbit.listener.SimpleMessageListenerContainer$AsyncMessageProcessingConsumer.run(SimpleMessageListenerContainer.java:1502)
	at java.lang.Thread.run(Thread.java:748)
Caused by: java.net.ConnectException: Connection refused: connect
	at java.net.DualStackPlainSocketImpl.waitForConnect(Native Method)
	at java.net.DualStackPlainSocketImpl.socketConnect(DualStackPlainSocketImpl.java:85)
	at java.net.AbstractPlainSocketImpl.doConnect(AbstractPlainSocketImpl.java:350)
	at java.net.AbstractPlainSocketImpl.connectToAddress(AbstractPlainSocketImpl.java:206)
	at java.net.AbstractPlainSocketImpl.connect(AbstractPlainSocketImpl.java:188)
	at java.net.PlainSocketImpl.connect(PlainSocketImpl.java:172)
	at java.net.SocksSocketImpl.connect(SocksSocketImpl.java:392)
	at java.net.Socket.connect(Socket.java:589)
	at com.rabbitmq.client.impl.SocketFrameHandlerFactory.create(SocketFrameHandlerFactory.java:50)
	at com.rabbitmq.client.ConnectionFactory.newConnection(ConnectionFactory.java:907)
	at com.rabbitmq.client.ConnectionFactory.newConnection(ConnectionFactory.java:859)
	at com.rabbitmq.client.ConnectionFactory.newConnection(ConnectionFactory.java:799)
	at org.springframework.amqp.rabbit.connection.AbstractConnectionFactory.createBareConnection(AbstractConnectionFactory.java:356)
	... 8 common frames omitted
2018-08-20 15:05:31.135 [SimpleAsyncTaskExecutor-7] INFO  o.s.a.rabbit.connection.CachingConnectionFactory -
				Attempting to connect to: [localhost:5672]
2018-08-20 15:05:38.400 [SimpleAsyncTaskExecutor-7] WARN  o.s.a.r.listener.SimpleMessageListenerContainer -
				Consumer raised exception, processing can restart if the connection factory supports it. Exception summary: org.springframework.amqp.AmqpConnectException: java.net.ConnectException: Connection refused: connect
2018-08-20 15:05:38.403 [SimpleAsyncTaskExecutor-7] INFO  o.s.a.r.listener.SimpleMessageListenerContainer -
				Restarting Consumer@14d055b5: tags=[{}], channel=null, acknowledgeMode=AUTO local queue size=0
2018-08-20 15:05:38.411 [SimpleAsyncTaskExecutor-8] INFO  o.s.a.rabbit.connection.CachingConnectionFactory -
				Attempting to connect to: [localhost:5672]
2018-08-20 15:05:40.454 [SimpleAsyncTaskExecutor-8] ERROR o.s.a.r.listener.SimpleMessageListenerContainer -
				Failed to check/redeclare auto-delete queue(s).
org.springframework.amqp.AmqpConnectException: java.net.ConnectException: Connection refused: connect
	at org.springframework.amqp.rabbit.support.RabbitExceptionTranslator.convertRabbitAccessException(RabbitExceptionTranslator.java:62)
	at org.springframework.amqp.rabbit.connection.AbstractConnectionFactory.createBareConnection(AbstractConnectionFactory.java:376)
	at org.springframework.amqp.rabbit.connection.CachingConnectionFactory.createConnection(CachingConnectionFactory.java:573)
	at org.springframework.amqp.rabbit.core.RabbitTemplate.doExecute(RabbitTemplate.java:1436)
	at org.springframework.amqp.rabbit.core.RabbitTemplate.execute(RabbitTemplate.java:1417)
	at org.springframework.amqp.rabbit.core.RabbitTemplate.execute(RabbitTemplate.java:1393)
	at org.springframework.amqp.rabbit.core.RabbitAdmin.getQueueProperties(RabbitAdmin.java:368)
	at org.springframework.amqp.rabbit.listener.SimpleMessageListenerContainer.redeclareElementsIfNecessary(SimpleMessageListenerContainer.java:1241)
	at org.springframework.amqp.rabbit.listener.SimpleMessageListenerContainer$AsyncMessageProcessingConsumer.run(SimpleMessageListenerContainer.java:1502)
	at java.lang.Thread.run(Thread.java:748)
Caused by: java.net.ConnectException: Connection refused: connect
	at java.net.DualStackPlainSocketImpl.waitForConnect(Native Method)
	at java.net.DualStackPlainSocketImpl.socketConnect(DualStackPlainSocketImpl.java:85)
	at java.net.AbstractPlainSocketImpl.doConnect(AbstractPlainSocketImpl.java:350)
	at java.net.AbstractPlainSocketImpl.connectToAddress(AbstractPlainSocketImpl.java:206)
	at java.net.AbstractPlainSocketImpl.connect(AbstractPlainSocketImpl.java:188)
	at java.net.PlainSocketImpl.connect(PlainSocketImpl.java:172)
	at java.net.SocksSocketImpl.connect(SocksSocketImpl.java:392)
	at java.net.Socket.connect(Socket.java:589)
	at com.rabbitmq.client.impl.SocketFrameHandlerFactory.create(SocketFrameHandlerFactory.java:50)
	at com.rabbitmq.client.ConnectionFactory.newConnection(ConnectionFactory.java:907)
	at com.rabbitmq.client.ConnectionFactory.newConnection(ConnectionFactory.java:859)
	at com.rabbitmq.client.ConnectionFactory.newConnection(ConnectionFactory.java:799)
	at org.springframework.amqp.rabbit.connection.AbstractConnectionFactory.createBareConnection(AbstractConnectionFactory.java:356)
	... 8 common frames omitted
2018-08-20 15:05:40.455 [SimpleAsyncTaskExecutor-8] INFO  o.s.a.rabbit.connection.CachingConnectionFactory -
				Attempting to connect to: [localhost:5672]
2018-08-20 15:05:47.633 [SimpleAsyncTaskExecutor-8] WARN  o.s.a.r.listener.SimpleMessageListenerContainer -
				Consumer raised exception, processing can restart if the connection factory supports it. Exception summary: org.springframework.amqp.AmqpConnectException: java.net.ConnectException: Connection refused: connect
2018-08-20 15:05:47.634 [SimpleAsyncTaskExecutor-8] INFO  o.s.a.r.listener.SimpleMessageListenerContainer -
				Restarting Consumer@5ee2ebf: tags=[{}], channel=null, acknowledgeMode=AUTO local queue size=0
2018-08-20 15:05:47.635 [SimpleAsyncTaskExecutor-9] INFO  o.s.a.rabbit.connection.CachingConnectionFactory -
				Attempting to connect to: [localhost:5672]
2018-08-20 15:05:49.678 [SimpleAsyncTaskExecutor-9] ERROR o.s.a.r.listener.SimpleMessageListenerContainer -
				Failed to check/redeclare auto-delete queue(s).
org.springframework.amqp.AmqpConnectException: java.net.ConnectException: Connection refused: connect
	at org.springframework.amqp.rabbit.support.RabbitExceptionTranslator.convertRabbitAccessException(RabbitExceptionTranslator.java:62)
	at org.springframework.amqp.rabbit.connection.AbstractConnectionFactory.createBareConnection(AbstractConnectionFactory.java:376)
	at org.springframework.amqp.rabbit.connection.CachingConnectionFactory.createConnection(CachingConnectionFactory.java:573)
	at org.springframework.amqp.rabbit.core.RabbitTemplate.doExecute(RabbitTemplate.java:1436)
	at org.springframework.amqp.rabbit.core.RabbitTemplate.execute(RabbitTemplate.java:1417)
	at org.springframework.amqp.rabbit.core.RabbitTemplate.execute(RabbitTemplate.java:1393)
	at org.springframework.amqp.rabbit.core.RabbitAdmin.getQueueProperties(RabbitAdmin.java:368)
	at org.springframework.amqp.rabbit.listener.SimpleMessageListenerContainer.redeclareElementsIfNecessary(SimpleMessageListenerContainer.java:1241)
	at org.springframework.amqp.rabbit.listener.SimpleMessageListenerContainer$AsyncMessageProcessingConsumer.run(SimpleMessageListenerContainer.java:1502)
	at java.lang.Thread.run(Thread.java:748)
Caused by: java.net.ConnectException: Connection refused: connect
	at java.net.DualStackPlainSocketImpl.waitForConnect(Native Method)
	at java.net.DualStackPlainSocketImpl.socketConnect(DualStackPlainSocketImpl.java:85)
	at java.net.AbstractPlainSocketImpl.doConnect(AbstractPlainSocketImpl.java:350)
	at java.net.AbstractPlainSocketImpl.connectToAddress(AbstractPlainSocketImpl.java:206)
	at java.net.AbstractPlainSocketImpl.connect(AbstractPlainSocketImpl.java:188)
	at java.net.PlainSocketImpl.connect(PlainSocketImpl.java:172)
	at java.net.SocksSocketImpl.connect(SocksSocketImpl.java:392)
	at java.net.Socket.connect(Socket.java:589)
	at com.rabbitmq.client.impl.SocketFrameHandlerFactory.create(SocketFrameHandlerFactory.java:50)
	at com.rabbitmq.client.ConnectionFactory.newConnection(ConnectionFactory.java:907)
	at com.rabbitmq.client.ConnectionFactory.newConnection(ConnectionFactory.java:859)
	at com.rabbitmq.client.ConnectionFactory.newConnection(ConnectionFactory.java:799)
	at org.springframework.amqp.rabbit.connection.AbstractConnectionFactory.createBareConnection(AbstractConnectionFactory.java:356)
	... 8 common frames omitted
2018-08-20 15:05:49.678 [SimpleAsyncTaskExecutor-9] INFO  o.s.a.rabbit.connection.CachingConnectionFactory -
				Attempting to connect to: [localhost:5672]
2018-08-20 15:05:56.783 [SimpleAsyncTaskExecutor-9] WARN  o.s.a.r.listener.SimpleMessageListenerContainer -
				Consumer raised exception, processing can restart if the connection factory supports it. Exception summary: org.springframework.amqp.AmqpConnectException: java.net.ConnectException: Connection refused: connect
2018-08-20 15:05:56.784 [SimpleAsyncTaskExecutor-9] INFO  o.s.a.r.listener.SimpleMessageListenerContainer -
				Restarting Consumer@5554870: tags=[{}], channel=null, acknowledgeMode=AUTO local queue size=0
2018-08-20 15:05:56.786 [SimpleAsyncTaskExecutor-10] INFO  o.s.a.rabbit.connection.CachingConnectionFactory -
				Attempting to connect to: [localhost:5672]
2018-08-20 15:05:58.820 [SimpleAsyncTaskExecutor-10] ERROR o.s.a.r.listener.SimpleMessageListenerContainer -
				Failed to check/redeclare auto-delete queue(s).
org.springframework.amqp.AmqpConnectException: java.net.ConnectException: Connection refused: connect
	at org.springframework.amqp.rabbit.support.RabbitExceptionTranslator.convertRabbitAccessException(RabbitExceptionTranslator.java:62)
	at org.springframework.amqp.rabbit.connection.AbstractConnectionFactory.createBareConnection(AbstractConnectionFactory.java:376)
	at org.springframework.amqp.rabbit.connection.CachingConnectionFactory.createConnection(CachingConnectionFactory.java:573)
	at org.springframework.amqp.rabbit.core.RabbitTemplate.doExecute(RabbitTemplate.java:1436)
	at org.springframework.amqp.rabbit.core.RabbitTemplate.execute(RabbitTemplate.java:1417)
	at org.springframework.amqp.rabbit.core.RabbitTemplate.execute(RabbitTemplate.java:1393)
	at org.springframework.amqp.rabbit.core.RabbitAdmin.getQueueProperties(RabbitAdmin.java:368)
	at org.springframework.amqp.rabbit.listener.SimpleMessageListenerContainer.redeclareElementsIfNecessary(SimpleMessageListenerContainer.java:1241)
	at org.springframework.amqp.rabbit.listener.SimpleMessageListenerContainer$AsyncMessageProcessingConsumer.run(SimpleMessageListenerContainer.java:1502)
	at java.lang.Thread.run(Thread.java:748)
Caused by: java.net.ConnectException: Connection refused: connect
	at java.net.DualStackPlainSocketImpl.waitForConnect(Native Method)
	at java.net.DualStackPlainSocketImpl.socketConnect(DualStackPlainSocketImpl.java:85)
	at java.net.AbstractPlainSocketImpl.doConnect(AbstractPlainSocketImpl.java:350)
	at java.net.AbstractPlainSocketImpl.connectToAddress(AbstractPlainSocketImpl.java:206)
	at java.net.AbstractPlainSocketImpl.connect(AbstractPlainSocketImpl.java:188)
	at java.net.PlainSocketImpl.connect(PlainSocketImpl.java:172)
	at java.net.SocksSocketImpl.connect(SocksSocketImpl.java:392)
	at java.net.Socket.connect(Socket.java:589)
	at com.rabbitmq.client.impl.SocketFrameHandlerFactory.create(SocketFrameHandlerFactory.java:50)
	at com.rabbitmq.client.ConnectionFactory.newConnection(ConnectionFactory.java:907)
	at com.rabbitmq.client.ConnectionFactory.newConnection(ConnectionFactory.java:859)
	at com.rabbitmq.client.ConnectionFactory.newConnection(ConnectionFactory.java:799)
	at org.springframework.amqp.rabbit.connection.AbstractConnectionFactory.createBareConnection(AbstractConnectionFactory.java:356)
	... 8 common frames omitted
2018-08-20 15:05:58.820 [SimpleAsyncTaskExecutor-10] INFO  o.s.a.rabbit.connection.CachingConnectionFactory -
				Attempting to connect to: [localhost:5672]
2018-08-20 15:06:05.993 [SimpleAsyncTaskExecutor-10] WARN  o.s.a.r.listener.SimpleMessageListenerContainer -
				Consumer raised exception, processing can restart if the connection factory supports it. Exception summary: org.springframework.amqp.AmqpConnectException: java.net.ConnectException: Connection refused: connect
2018-08-20 15:06:05.994 [SimpleAsyncTaskExecutor-10] INFO  o.s.a.r.listener.SimpleMessageListenerContainer -
				Restarting Consumer@587d5afe: tags=[{}], channel=null, acknowledgeMode=AUTO local queue size=0
2018-08-20 15:06:05.994 [SimpleAsyncTaskExecutor-11] INFO  o.s.a.rabbit.connection.CachingConnectionFactory -
				Attempting to connect to: [localhost:5672]
2018-08-20 15:06:08.023 [SimpleAsyncTaskExecutor-11] ERROR o.s.a.r.listener.SimpleMessageListenerContainer -
				Failed to check/redeclare auto-delete queue(s).
org.springframework.amqp.AmqpConnectException: java.net.ConnectException: Connection refused: connect
	at org.springframework.amqp.rabbit.support.RabbitExceptionTranslator.convertRabbitAccessException(RabbitExceptionTranslator.java:62)
	at org.springframework.amqp.rabbit.connection.AbstractConnectionFactory.createBareConnection(AbstractConnectionFactory.java:376)
	at org.springframework.amqp.rabbit.connection.CachingConnectionFactory.createConnection(CachingConnectionFactory.java:573)
	at org.springframework.amqp.rabbit.core.RabbitTemplate.doExecute(RabbitTemplate.java:1436)
	at org.springframework.amqp.rabbit.core.RabbitTemplate.execute(RabbitTemplate.java:1417)
	at org.springframework.amqp.rabbit.core.RabbitTemplate.execute(RabbitTemplate.java:1393)
	at org.springframework.amqp.rabbit.core.RabbitAdmin.getQueueProperties(RabbitAdmin.java:368)
	at org.springframework.amqp.rabbit.listener.SimpleMessageListenerContainer.redeclareElementsIfNecessary(SimpleMessageListenerContainer.java:1241)
	at org.springframework.amqp.rabbit.listener.SimpleMessageListenerContainer$AsyncMessageProcessingConsumer.run(SimpleMessageListenerContainer.java:1502)
	at java.lang.Thread.run(Thread.java:748)
Caused by: java.net.ConnectException: Connection refused: connect
	at java.net.DualStackPlainSocketImpl.waitForConnect(Native Method)
	at java.net.DualStackPlainSocketImpl.socketConnect(DualStackPlainSocketImpl.java:85)
	at java.net.AbstractPlainSocketImpl.doConnect(AbstractPlainSocketImpl.java:350)
	at java.net.AbstractPlainSocketImpl.connectToAddress(AbstractPlainSocketImpl.java:206)
	at java.net.AbstractPlainSocketImpl.connect(AbstractPlainSocketImpl.java:188)
	at java.net.PlainSocketImpl.connect(PlainSocketImpl.java:172)
	at java.net.SocksSocketImpl.connect(SocksSocketImpl.java:392)
	at java.net.Socket.connect(Socket.java:589)
	at com.rabbitmq.client.impl.SocketFrameHandlerFactory.create(SocketFrameHandlerFactory.java:50)
	at com.rabbitmq.client.ConnectionFactory.newConnection(ConnectionFactory.java:907)
	at com.rabbitmq.client.ConnectionFactory.newConnection(ConnectionFactory.java:859)
	at com.rabbitmq.client.ConnectionFactory.newConnection(ConnectionFactory.java:799)
	at org.springframework.amqp.rabbit.connection.AbstractConnectionFactory.createBareConnection(AbstractConnectionFactory.java:356)
	... 8 common frames omitted
2018-08-20 15:06:08.023 [SimpleAsyncTaskExecutor-11] INFO  o.s.a.rabbit.connection.CachingConnectionFactory -
				Attempting to connect to: [localhost:5672]
2018-08-20 15:06:13.653 [http-nio-8084-exec-2] INFO  o.a.c.core.ContainerBase.[Tomcat].[localhost].[/] -
				Initializing Spring FrameworkServlet 'dispatcherServlet'
2018-08-20 15:06:13.654 [http-nio-8084-exec-2] INFO  org.springframework.web.servlet.DispatcherServlet -
				FrameworkServlet 'dispatcherServlet': initialization started
2018-08-20 15:06:13.684 [http-nio-8084-exec-2] INFO  org.springframework.web.servlet.DispatcherServlet -
				FrameworkServlet 'dispatcherServlet': initialization completed in 30 ms
2018-08-20 15:06:15.150 [SimpleAsyncTaskExecutor-11] WARN  o.s.a.r.listener.SimpleMessageListenerContainer -
				Consumer raised exception, processing can restart if the connection factory supports it. Exception summary: org.springframework.amqp.AmqpConnectException: java.net.ConnectException: Connection refused: connect
2018-08-20 15:06:15.151 [SimpleAsyncTaskExecutor-11] INFO  o.s.a.r.listener.SimpleMessageListenerContainer -
				Restarting Consumer@2acb4d73: tags=[{}], channel=null, acknowledgeMode=AUTO local queue size=0
2018-08-20 15:06:15.152 [SimpleAsyncTaskExecutor-12] INFO  o.s.a.rabbit.connection.CachingConnectionFactory -
				Attempting to connect to: [localhost:5672]
2018-08-20 15:06:17.187 [SimpleAsyncTaskExecutor-12] ERROR o.s.a.r.listener.SimpleMessageListenerContainer -
				Failed to check/redeclare auto-delete queue(s).
org.springframework.amqp.AmqpConnectException: java.net.ConnectException: Connection refused: connect
	at org.springframework.amqp.rabbit.support.RabbitExceptionTranslator.convertRabbitAccessException(RabbitExceptionTranslator.java:62)
	at org.springframework.amqp.rabbit.connection.AbstractConnectionFactory.createBareConnection(AbstractConnectionFactory.java:376)
	at org.springframework.amqp.rabbit.connection.CachingConnectionFactory.createConnection(CachingConnectionFactory.java:573)
	at org.springframework.amqp.rabbit.core.RabbitTemplate.doExecute(RabbitTemplate.java:1436)
	at org.springframework.amqp.rabbit.core.RabbitTemplate.execute(RabbitTemplate.java:1417)
	at org.springframework.amqp.rabbit.core.RabbitTemplate.execute(RabbitTemplate.java:1393)
	at org.springframework.amqp.rabbit.core.RabbitAdmin.getQueueProperties(RabbitAdmin.java:368)
	at org.springframework.amqp.rabbit.listener.SimpleMessageListenerContainer.redeclareElementsIfNecessary(SimpleMessageListenerContainer.java:1241)
	at org.springframework.amqp.rabbit.listener.SimpleMessageListenerContainer$AsyncMessageProcessingConsumer.run(SimpleMessageListenerContainer.java:1502)
	at java.lang.Thread.run(Thread.java:748)
Caused by: java.net.ConnectException: Connection refused: connect
	at java.net.DualStackPlainSocketImpl.waitForConnect(Native Method)
	at java.net.DualStackPlainSocketImpl.socketConnect(DualStackPlainSocketImpl.java:85)
	at java.net.AbstractPlainSocketImpl.doConnect(AbstractPlainSocketImpl.java:350)
	at java.net.AbstractPlainSocketImpl.connectToAddress(AbstractPlainSocketImpl.java:206)
	at java.net.AbstractPlainSocketImpl.connect(AbstractPlainSocketImpl.java:188)
	at java.net.PlainSocketImpl.connect(PlainSocketImpl.java:172)
	at java.net.SocksSocketImpl.connect(SocksSocketImpl.java:392)
	at java.net.Socket.connect(Socket.java:589)
	at com.rabbitmq.client.impl.SocketFrameHandlerFactory.create(SocketFrameHandlerFactory.java:50)
	at com.rabbitmq.client.ConnectionFactory.newConnection(ConnectionFactory.java:907)
	at com.rabbitmq.client.ConnectionFactory.newConnection(ConnectionFactory.java:859)
	at com.rabbitmq.client.ConnectionFactory.newConnection(ConnectionFactory.java:799)
	at org.springframework.amqp.rabbit.connection.AbstractConnectionFactory.createBareConnection(AbstractConnectionFactory.java:356)
	... 8 common frames omitted
2018-08-20 15:06:17.188 [SimpleAsyncTaskExecutor-12] INFO  o.s.a.rabbit.connection.CachingConnectionFactory -
				Attempting to connect to: [localhost:5672]
2018-08-20 15:06:24.328 [SimpleAsyncTaskExecutor-12] WARN  o.s.a.r.listener.SimpleMessageListenerContainer -
				Consumer raised exception, processing can restart if the connection factory supports it. Exception summary: org.springframework.amqp.AmqpConnectException: java.net.ConnectException: Connection refused: connect
2018-08-20 15:06:24.329 [SimpleAsyncTaskExecutor-12] INFO  o.s.a.r.listener.SimpleMessageListenerContainer -
				Restarting Consumer@898efaa: tags=[{}], channel=null, acknowledgeMode=AUTO local queue size=0
2018-08-20 15:06:24.331 [SimpleAsyncTaskExecutor-13] INFO  o.s.a.rabbit.connection.CachingConnectionFactory -
				Attempting to connect to: [localhost:5672]
2018-08-20 15:06:26.378 [SimpleAsyncTaskExecutor-13] ERROR o.s.a.r.listener.SimpleMessageListenerContainer -
				Failed to check/redeclare auto-delete queue(s).
org.springframework.amqp.AmqpConnectException: java.net.ConnectException: Connection refused: connect
	at org.springframework.amqp.rabbit.support.RabbitExceptionTranslator.convertRabbitAccessException(RabbitExceptionTranslator.java:62)
	at org.springframework.amqp.rabbit.connection.AbstractConnectionFactory.createBareConnection(AbstractConnectionFactory.java:376)
	at org.springframework.amqp.rabbit.connection.CachingConnectionFactory.createConnection(CachingConnectionFactory.java:573)
	at org.springframework.amqp.rabbit.core.RabbitTemplate.doExecute(RabbitTemplate.java:1436)
	at org.springframework.amqp.rabbit.core.RabbitTemplate.execute(RabbitTemplate.java:1417)
	at org.springframework.amqp.rabbit.core.RabbitTemplate.execute(RabbitTemplate.java:1393)
	at org.springframework.amqp.rabbit.core.RabbitAdmin.getQueueProperties(RabbitAdmin.java:368)
	at org.springframework.amqp.rabbit.listener.SimpleMessageListenerContainer.redeclareElementsIfNecessary(SimpleMessageListenerContainer.java:1241)
	at org.springframework.amqp.rabbit.listener.SimpleMessageListenerContainer$AsyncMessageProcessingConsumer.run(SimpleMessageListenerContainer.java:1502)
	at java.lang.Thread.run(Thread.java:748)
Caused by: java.net.ConnectException: Connection refused: connect
	at java.net.DualStackPlainSocketImpl.waitForConnect(Native Method)
	at java.net.DualStackPlainSocketImpl.socketConnect(DualStackPlainSocketImpl.java:85)
	at java.net.AbstractPlainSocketImpl.doConnect(AbstractPlainSocketImpl.java:350)
	at java.net.AbstractPlainSocketImpl.connectToAddress(AbstractPlainSocketImpl.java:206)
	at java.net.AbstractPlainSocketImpl.connect(AbstractPlainSocketImpl.java:188)
	at java.net.PlainSocketImpl.connect(PlainSocketImpl.java:172)
	at java.net.SocksSocketImpl.connect(SocksSocketImpl.java:392)
	at java.net.Socket.connect(Socket.java:589)
	at com.rabbitmq.client.impl.SocketFrameHandlerFactory.create(SocketFrameHandlerFactory.java:50)
	at com.rabbitmq.client.ConnectionFactory.newConnection(ConnectionFactory.java:907)
	at com.rabbitmq.client.ConnectionFactory.newConnection(ConnectionFactory.java:859)
	at com.rabbitmq.client.ConnectionFactory.newConnection(ConnectionFactory.java:799)
	at org.springframework.amqp.rabbit.connection.AbstractConnectionFactory.createBareConnection(AbstractConnectionFactory.java:356)
	... 8 common frames omitted
2018-08-20 15:06:26.379 [SimpleAsyncTaskExecutor-13] INFO  o.s.a.rabbit.connection.CachingConnectionFactory -
				Attempting to connect to: [localhost:5672]
2018-08-20 15:06:33.493 [SimpleAsyncTaskExecutor-13] WARN  o.s.a.r.listener.SimpleMessageListenerContainer -
				Consumer raised exception, processing can restart if the connection factory supports it. Exception summary: org.springframework.amqp.AmqpConnectException: java.net.ConnectException: Connection refused: connect
2018-08-20 15:06:33.494 [SimpleAsyncTaskExecutor-13] INFO  o.s.a.r.listener.SimpleMessageListenerContainer -
				Restarting Consumer@5a7cac9c: tags=[{}], channel=null, acknowledgeMode=AUTO local queue size=0
2018-08-20 15:06:33.497 [SimpleAsyncTaskExecutor-14] INFO  o.s.a.rabbit.connection.CachingConnectionFactory -
				Attempting to connect to: [localhost:5672]
2018-08-20 15:06:35.540 [SimpleAsyncTaskExecutor-14] ERROR o.s.a.r.listener.SimpleMessageListenerContainer -
				Failed to check/redeclare auto-delete queue(s).
org.springframework.amqp.AmqpConnectException: java.net.ConnectException: Connection refused: connect
	at org.springframework.amqp.rabbit.support.RabbitExceptionTranslator.convertRabbitAccessException(RabbitExceptionTranslator.java:62)
	at org.springframework.amqp.rabbit.connection.AbstractConnectionFactory.createBareConnection(AbstractConnectionFactory.java:376)
	at org.springframework.amqp.rabbit.connection.CachingConnectionFactory.createConnection(CachingConnectionFactory.java:573)
	at org.springframework.amqp.rabbit.core.RabbitTemplate.doExecute(RabbitTemplate.java:1436)
	at org.springframework.amqp.rabbit.core.RabbitTemplate.execute(RabbitTemplate.java:1417)
	at org.springframework.amqp.rabbit.core.RabbitTemplate.execute(RabbitTemplate.java:1393)
	at org.springframework.amqp.rabbit.core.RabbitAdmin.getQueueProperties(RabbitAdmin.java:368)
	at org.springframework.amqp.rabbit.listener.SimpleMessageListenerContainer.redeclareElementsIfNecessary(SimpleMessageListenerContainer.java:1241)
	at org.springframework.amqp.rabbit.listener.SimpleMessageListenerContainer$AsyncMessageProcessingConsumer.run(SimpleMessageListenerContainer.java:1502)
	at java.lang.Thread.run(Thread.java:748)
Caused by: java.net.ConnectException: Connection refused: connect
	at java.net.DualStackPlainSocketImpl.waitForConnect(Native Method)
	at java.net.DualStackPlainSocketImpl.socketConnect(DualStackPlainSocketImpl.java:85)
	at java.net.AbstractPlainSocketImpl.doConnect(AbstractPlainSocketImpl.java:350)
	at java.net.AbstractPlainSocketImpl.connectToAddress(AbstractPlainSocketImpl.java:206)
	at java.net.AbstractPlainSocketImpl.connect(AbstractPlainSocketImpl.java:188)
	at java.net.PlainSocketImpl.connect(PlainSocketImpl.java:172)
	at java.net.SocksSocketImpl.connect(SocksSocketImpl.java:392)
	at java.net.Socket.connect(Socket.java:589)
	at com.rabbitmq.client.impl.SocketFrameHandlerFactory.create(SocketFrameHandlerFactory.java:50)
	at com.rabbitmq.client.ConnectionFactory.newConnection(ConnectionFactory.java:907)
	at com.rabbitmq.client.ConnectionFactory.newConnection(ConnectionFactory.java:859)
	at com.rabbitmq.client.ConnectionFactory.newConnection(ConnectionFactory.java:799)
	at org.springframework.amqp.rabbit.connection.AbstractConnectionFactory.createBareConnection(AbstractConnectionFactory.java:356)
	... 8 common frames omitted
2018-08-20 15:06:35.541 [SimpleAsyncTaskExecutor-14] INFO  o.s.a.rabbit.connection.CachingConnectionFactory -
				Attempting to connect to: [localhost:5672]
2018-08-20 15:06:42.716 [SimpleAsyncTaskExecutor-14] WARN  o.s.a.r.listener.SimpleMessageListenerContainer -
				Consumer raised exception, processing can restart if the connection factory supports it. Exception summary: org.springframework.amqp.AmqpConnectException: java.net.ConnectException: Connection refused: connect
2018-08-20 15:06:42.718 [SimpleAsyncTaskExecutor-14] INFO  o.s.a.r.listener.SimpleMessageListenerContainer -
				Restarting Consumer@1d93264a: tags=[{}], channel=null, acknowledgeMode=AUTO local queue size=0
2018-08-20 15:06:42.744 [SimpleAsyncTaskExecutor-15] INFO  o.s.a.rabbit.connection.CachingConnectionFactory -
				Attempting to connect to: [localhost:5672]
2018-08-20 15:06:44.810 [SimpleAsyncTaskExecutor-15] ERROR o.s.a.r.listener.SimpleMessageListenerContainer -
				Failed to check/redeclare auto-delete queue(s).
org.springframework.amqp.AmqpConnectException: java.net.ConnectException: Connection refused: connect
	at org.springframework.amqp.rabbit.support.RabbitExceptionTranslator.convertRabbitAccessException(RabbitExceptionTranslator.java:62)
	at org.springframework.amqp.rabbit.connection.AbstractConnectionFactory.createBareConnection(AbstractConnectionFactory.java:376)
	at org.springframework.amqp.rabbit.connection.CachingConnectionFactory.createConnection(CachingConnectionFactory.java:573)
	at org.springframework.amqp.rabbit.core.RabbitTemplate.doExecute(RabbitTemplate.java:1436)
	at org.springframework.amqp.rabbit.core.RabbitTemplate.execute(RabbitTemplate.java:1417)
	at org.springframework.amqp.rabbit.core.RabbitTemplate.execute(RabbitTemplate.java:1393)
	at org.springframework.amqp.rabbit.core.RabbitAdmin.getQueueProperties(RabbitAdmin.java:368)
	at org.springframework.amqp.rabbit.listener.SimpleMessageListenerContainer.redeclareElementsIfNecessary(SimpleMessageListenerContainer.java:1241)
	at org.springframework.amqp.rabbit.listener.SimpleMessageListenerContainer$AsyncMessageProcessingConsumer.run(SimpleMessageListenerContainer.java:1502)
	at java.lang.Thread.run(Thread.java:748)
Caused by: java.net.ConnectException: Connection refused: connect
	at java.net.DualStackPlainSocketImpl.waitForConnect(Native Method)
	at java.net.DualStackPlainSocketImpl.socketConnect(DualStackPlainSocketImpl.java:85)
	at java.net.AbstractPlainSocketImpl.doConnect(AbstractPlainSocketImpl.java:350)
	at java.net.AbstractPlainSocketImpl.connectToAddress(AbstractPlainSocketImpl.java:206)
	at java.net.AbstractPlainSocketImpl.connect(AbstractPlainSocketImpl.java:188)
	at java.net.PlainSocketImpl.connect(PlainSocketImpl.java:172)
	at java.net.SocksSocketImpl.connect(SocksSocketImpl.java:392)
	at java.net.Socket.connect(Socket.java:589)
	at com.rabbitmq.client.impl.SocketFrameHandlerFactory.create(SocketFrameHandlerFactory.java:50)
	at com.rabbitmq.client.ConnectionFactory.newConnection(ConnectionFactory.java:907)
	at com.rabbitmq.client.ConnectionFactory.newConnection(ConnectionFactory.java:859)
	at com.rabbitmq.client.ConnectionFactory.newConnection(ConnectionFactory.java:799)
	at org.springframework.amqp.rabbit.connection.AbstractConnectionFactory.createBareConnection(AbstractConnectionFactory.java:356)
	... 8 common frames omitted
2018-08-20 15:06:44.811 [SimpleAsyncTaskExecutor-15] INFO  o.s.a.rabbit.connection.CachingConnectionFactory -
				Attempting to connect to: [localhost:5672]
2018-08-20 15:06:45.386 [RMI TCP Connection(2)-127.0.0.1] INFO  o.s.b.a.SpringApplicationAdminMXBeanRegistrar$SpringApplicationAdmin -
				Application shutdown requested.
2018-08-20 15:06:45.387 [RMI TCP Connection(2)-127.0.0.1] INFO  o.s.b.c.e.AnnotationConfigEmbeddedWebApplicationContext -
				Closing org.springframework.boot.context.embedded.AnnotationConfigEmbeddedWebApplicationContext@3e47a03: startup date [Mon Aug 20 15:04:21 CST 2018]; parent: org.springframework.context.annotation.AnnotationConfigApplicationContext@2a5b3fee
2018-08-20 15:06:45.388 [RMI TCP Connection(2)-127.0.0.1] INFO  o.s.c.n.e.serviceregistry.EurekaServiceRegistry -
				Unregistering application test-service with eureka with status DOWN
2018-08-20 15:06:45.389 [RMI TCP Connection(2)-127.0.0.1] WARN  com.netflix.discovery.DiscoveryClient -
				Saw local status change event StatusChangeEvent [timestamp=1534748805389, current=DOWN, previous=UP]
2018-08-20 15:06:45.390 [DiscoveryClient-InstanceInfoReplicator-0] INFO  com.netflix.discovery.DiscoveryClient -
				DiscoveryClient_TEST-SERVICE/test-service.172.21.140.48.8084: registering service...
2018-08-20 15:06:45.390 [RMI TCP Connection(2)-127.0.0.1] INFO  com.netflix.discovery.DiscoveryClient -
				Shutting down DiscoveryClient ...
2018-08-20 15:06:45.393 [RMI TCP Connection(2)-127.0.0.1] INFO  com.netflix.discovery.DiscoveryClient -
				Unregistering ...
2018-08-20 15:06:45.419 [DiscoveryClient-InstanceInfoReplicator-0] INFO  com.netflix.discovery.DiscoveryClient -
				DiscoveryClient_TEST-SERVICE/test-service.172.21.140.48.8084 - registration status: 204
2018-08-20 15:06:45.433 [RMI TCP Connection(2)-127.0.0.1] INFO  com.netflix.discovery.DiscoveryClient -
				DiscoveryClient_TEST-SERVICE/test-service.172.21.140.48.8084 - deregister  status: 200
2018-08-20 15:06:45.456 [RMI TCP Connection(2)-127.0.0.1] INFO  com.netflix.discovery.DiscoveryClient -
				Completed shut down of DiscoveryClient
2018-08-20 15:06:45.458 [RMI TCP Connection(2)-127.0.0.1] INFO  o.s.context.support.DefaultLifecycleProcessor -
				Stopping beans in phase 2147483647
2018-08-20 15:06:45.460 [RMI TCP Connection(2)-127.0.0.1] INFO  o.s.a.r.listener.SimpleMessageListenerContainer -
				Waiting for workers to finish.
2018-08-20 15:06:45.461 [RMI TCP Connection(2)-127.0.0.1] INFO  o.s.a.r.listener.SimpleMessageListenerContainer -
				Successfully waited for workers to finish.
2018-08-20 15:06:45.461 [RMI TCP Connection(2)-127.0.0.1] INFO  o.s.context.support.DefaultLifecycleProcessor -
				Stopping beans in phase 0
2018-08-20 15:06:45.471 [RMI TCP Connection(2)-127.0.0.1] INFO  o.s.a.r.listener.SimpleMessageListenerContainer -
				Shutdown ignored - container is not active already
2018-08-20 15:06:45.472 [RMI TCP Connection(2)-127.0.0.1] INFO  o.s.jmx.export.annotation.AnnotationMBeanExporter -
				Unregistering JMX-exposed beans on shutdown
2018-08-20 15:06:45.472 [RMI TCP Connection(2)-127.0.0.1] INFO  o.s.jmx.export.annotation.AnnotationMBeanExporter -
				Unregistering JMX-exposed beans
2018-08-20 15:06:46.851 [RMI TCP Connection(2)-127.0.0.1] INFO  org.apache.coyote.http11.Http11NioProtocol -
				Pausing ProtocolHandler ["http-nio-8084"]
2018-08-20 15:06:47.178 [RMI TCP Connection(2)-127.0.0.1] INFO  org.apache.catalina.core.StandardService -
				Stopping service [Tomcat]
2018-08-20 15:06:47.183 [localhost-startStop-2] INFO  o.a.c.core.ContainerBase.[Tomcat].[localhost].[/] -
				Destroying Spring FrameworkServlet 'dispatcherServlet'
2018-08-20 15:06:47.214 [RMI TCP Connection(2)-127.0.0.1] INFO  org.apache.coyote.http11.Http11NioProtocol -
				Stopping ProtocolHandler ["http-nio-8084"]
2018-08-20 15:06:47.222 [RMI TCP Connection(2)-127.0.0.1] INFO  org.apache.coyote.http11.Http11NioProtocol -
				Destroying ProtocolHandler ["http-nio-8084"]
