2018-08-20 13:51:47.176 [main] INFO  o.s.c.c.client.ConfigServicePropertySourceLocator -
				Fetching config from server at: http://localhost:8888
2018-08-20 13:51:48.307 [main] WARN  o.s.c.c.client.ConfigServicePropertySourceLocator -
				Could not locate PropertySource: I/O error on GET request for "http://localhost:8888/test-service/default": Connection refused: connect; nested exception is java.net.ConnectException: Connection refused: connect
2018-08-20 13:51:48.313 [main] INFO  com.springboot.TestSpringbootApplication -
				The following profiles are active: test
2018-08-20 13:51:48.344 [main] INFO  o.s.b.c.e.AnnotationConfigEmbeddedWebApplicationContext -
				Refreshing org.springframework.boot.context.embedded.AnnotationConfigEmbeddedWebApplicationContext@8deb645: startup date [Mon Aug 20 13:51:48 CST 2018]; parent: org.springframework.context.annotation.AnnotationConfigApplicationContext@2a5b3fee
2018-08-20 13:51:49.969 [main] INFO  o.s.d.r.config.RepositoryConfigurationDelegate -
				Multiple Spring Data modules found, entering strict repository configuration mode!
2018-08-20 13:51:50.325 [main] INFO  o.springframework.cloud.context.scope.GenericScope -
				BeanFactory id=9699cad5-f2c2-3367-8d15-b6752fd98e9e
2018-08-20 13:51:50.354 [main] INFO  o.s.b.f.a.AutowiredAnnotationBeanPostProcessor -
				JSR-330 'javax.inject.Inject' annotation found and supported for autowiring
2018-08-20 13:51:50.449 [main] INFO  o.s.c.s.PostProcessorRegistrationDelegate$BeanPostProcessorChecker -
				Bean 'org.springframework.amqp.rabbit.annotation.RabbitBootstrapConfiguration' of type [org.springframework.amqp.rabbit.annotation.RabbitBootstrapConfiguration$$EnhancerBySpringCGLIB$$8151c7f7] is not eligible for getting processed by all BeanPostProcessors (for example: not eligible for auto-proxying)
2018-08-20 13:51:50.615 [main] INFO  o.s.c.s.PostProcessorRegistrationDelegate$BeanPostProcessorChecker -
				Bean 'org.springframework.transaction.annotation.ProxyTransactionManagementConfiguration' of type [org.springframework.transaction.annotation.ProxyTransactionManagementConfiguration$$EnhancerBySpringCGLIB$$bae609c9] is not eligible for getting processed by all BeanPostProcessors (for example: not eligible for auto-proxying)
2018-08-20 13:51:50.790 [main] INFO  o.s.c.s.PostProcessorRegistrationDelegate$BeanPostProcessorChecker -
				Bean 'org.springframework.cloud.autoconfigure.ConfigurationPropertiesRebinderAutoConfiguration' of type [org.springframework.cloud.autoconfigure.ConfigurationPropertiesRebinderAutoConfiguration$$EnhancerBySpringCGLIB$$d7000cc6] is not eligible for getting processed by all BeanPostProcessors (for example: not eligible for auto-proxying)
2018-08-20 13:51:51.205 [main] INFO  o.s.b.c.e.tomcat.TomcatEmbeddedServletContainer -
				Tomcat initialized with port(s): 8084 (http)
2018-08-20 13:51:51.225 [main] INFO  org.apache.coyote.http11.Http11NioProtocol -
				Initializing ProtocolHandler ["http-nio-8084"]
2018-08-20 13:51:51.239 [main] INFO  org.apache.catalina.core.StandardService -
				Starting service [Tomcat]
2018-08-20 13:51:51.240 [main] INFO  org.apache.catalina.core.StandardEngine -
				Starting Servlet Engine: Apache Tomcat/8.5.31
2018-08-20 13:51:51.609 [localhost-startStop-1] INFO  o.a.c.core.ContainerBase.[Tomcat].[localhost].[/] -
				Initializing Spring embedded WebApplicationContext
2018-08-20 13:51:51.609 [localhost-startStop-1] INFO  org.springframework.web.context.ContextLoader -
				Root WebApplicationContext: initialization completed in 3265 ms
2018-08-20 13:51:51.976 [localhost-startStop-1] INFO  o.s.boot.web.servlet.ServletRegistrationBean -
				Mapping servlet: 'dispatcherServlet' to [/]
2018-08-20 13:51:51.978 [localhost-startStop-1] INFO  o.s.boot.web.servlet.ServletRegistrationBean -
				Mapping servlet: 'statViewServlet' to [/druid/*]
2018-08-20 13:51:51.983 [localhost-startStop-1] INFO  o.s.boot.web.servlet.FilterRegistrationBean -
				Mapping filter: 'characterEncodingFilter' to: [/*]
2018-08-20 13:51:51.984 [localhost-startStop-1] INFO  o.s.boot.web.servlet.FilterRegistrationBean -
				Mapping filter: 'hiddenHttpMethodFilter' to: [/*]
2018-08-20 13:51:51.985 [localhost-startStop-1] INFO  o.s.boot.web.servlet.FilterRegistrationBean -
				Mapping filter: 'httpPutFormContentFilter' to: [/*]
2018-08-20 13:51:51.986 [localhost-startStop-1] INFO  o.s.boot.web.servlet.FilterRegistrationBean -
				Mapping filter: 'requestContextFilter' to: [/*]
2018-08-20 13:51:51.986 [localhost-startStop-1] INFO  o.s.boot.web.servlet.FilterRegistrationBean -
				Mapping filter: 'webStatFilter' to urls: [/*]
2018-08-20 13:51:53.468 [main] INFO  o.s.w.s.m.m.a.RequestMappingHandlerMapping -
				Mapped "{[/err/error]}" onto public java.lang.String com.springboot.controller.ErrorController.error(java.util.Map<java.lang.String, java.lang.String>)
2018-08-20 13:51:53.474 [main] INFO  o.s.w.s.m.m.a.RequestMappingHandlerMapping -
				Mapped "{[/index/thymeleaf],methods=[GET]}" onto public org.springframework.web.servlet.ModelAndView com.springboot.controller.HelloController.testThymeleaf(java.lang.String)
2018-08-20 13:51:53.475 [main] INFO  o.s.w.s.m.m.a.RequestMappingHandlerMapping -
				Mapped "{[/index/freemarker],methods=[GET]}" onto public org.springframework.web.servlet.ModelAndView com.springboot.controller.HelloController.getFreemarker(java.lang.String)
2018-08-20 13:51:53.476 [main] INFO  o.s.w.s.m.m.a.RequestMappingHandlerMapping -
				Mapped "{[/index/eureka-server],methods=[GET]}" onto public java.lang.String com.springboot.controller.HelloController.serviceUrl()
2018-08-20 13:51:53.476 [main] INFO  o.s.w.s.m.m.a.RequestMappingHandlerMapping -
				Mapped "{[/index/hello],methods=[GET]}" onto public java.lang.String com.springboot.controller.HelloController.hello()
2018-08-20 13:51:53.477 [main] INFO  o.s.w.s.m.m.a.RequestMappingHandlerMapping -
				Mapped "{[/swgger/{id}],methods=[GET]}" onto public java.util.Map<java.lang.String, java.lang.String> com.springboot.controller.SwaggerController.getInfo(java.lang.String)
2018-08-20 13:51:53.482 [main] INFO  o.s.w.s.m.m.a.RequestMappingHandlerMapping -
				Mapped "{[/swagger-resources/configuration/ui]}" onto public org.springframework.http.ResponseEntity<springfox.documentation.swagger.web.UiConfiguration> springfox.documentation.swagger.web.ApiResourceController.uiConfiguration()
2018-08-20 13:51:53.483 [main] INFO  o.s.w.s.m.m.a.RequestMappingHandlerMapping -
				Mapped "{[/swagger-resources]}" onto public org.springframework.http.ResponseEntity<java.util.List<springfox.documentation.swagger.web.SwaggerResource>> springfox.documentation.swagger.web.ApiResourceController.swaggerResources()
2018-08-20 13:51:53.485 [main] INFO  o.s.w.s.m.m.a.RequestMappingHandlerMapping -
				Mapped "{[/swagger-resources/configuration/security]}" onto public org.springframework.http.ResponseEntity<springfox.documentation.swagger.web.SecurityConfiguration> springfox.documentation.swagger.web.ApiResourceController.securityConfiguration()
2018-08-20 13:51:53.489 [main] INFO  o.s.w.s.m.m.a.RequestMappingHandlerMapping -
				Mapped "{[/error]}" onto public org.springframework.http.ResponseEntity<java.util.Map<java.lang.String, java.lang.Object>> org.springframework.boot.autoconfigure.web.BasicErrorController.error(javax.servlet.http.HttpServletRequest)
2018-08-20 13:51:53.490 [main] INFO  o.s.w.s.m.m.a.RequestMappingHandlerMapping -
				Mapped "{[/error],produces=[text/html]}" onto public org.springframework.web.servlet.ModelAndView org.springframework.boot.autoconfigure.web.BasicErrorController.errorHtml(javax.servlet.http.HttpServletRequest,javax.servlet.http.HttpServletResponse)
2018-08-20 13:51:53.831 [main] INFO  s.d.s.w.PropertySourcedRequestMappingHandlerMapping -
				Mapped URL path [/v2/api-docs] onto method [public org.springframework.http.ResponseEntity<springfox.documentation.spring.web.json.Json> springfox.documentation.swagger2.web.Swagger2Controller.getDocumentation(java.lang.String,javax.servlet.http.HttpServletRequest)]
2018-08-20 13:51:54.152 [main] WARN  com.netflix.config.sources.URLConfigurationSource -
				No URLs will be polled as dynamic configuration sources.
2018-08-20 13:51:54.153 [main] INFO  com.netflix.config.sources.URLConfigurationSource -
				To enable URLs as dynamic configuration sources, define System property archaius.configurationSource.additionalUrls or make config.properties available on classpath.
2018-08-20 13:51:54.161 [main] WARN  com.netflix.config.sources.URLConfigurationSource -
				No URLs will be polled as dynamic configuration sources.
2018-08-20 13:51:54.161 [main] INFO  com.netflix.config.sources.URLConfigurationSource -
				To enable URLs as dynamic configuration sources, define System property archaius.configurationSource.additionalUrls or make config.properties available on classpath.
2018-08-20 13:51:54.631 [main] INFO  o.s.w.s.m.m.a.RequestMappingHandlerAdapter -
				Looking for @ControllerAdvice: org.springframework.boot.context.embedded.AnnotationConfigEmbeddedWebApplicationContext@8deb645: startup date [Mon Aug 20 13:51:48 CST 2018]; parent: org.springframework.context.annotation.AnnotationConfigApplicationContext@2a5b3fee
2018-08-20 13:51:54.962 [main] INFO  o.s.web.servlet.handler.SimpleUrlHandlerMapping -
				Mapped URL path [/webjars/**] onto handler of type [class org.springframework.web.servlet.resource.ResourceHttpRequestHandler]
2018-08-20 13:51:54.963 [main] INFO  o.s.web.servlet.handler.SimpleUrlHandlerMapping -
				Mapped URL path [/**] onto handler of type [class org.springframework.web.servlet.resource.ResourceHttpRequestHandler]
2018-08-20 13:51:55.052 [main] INFO  o.s.w.s.m.m.a.ExceptionHandlerExceptionResolver -
				Detected @ExceptionHandler methods in myExceptionHandler
2018-08-20 13:51:55.114 [main] INFO  o.s.web.servlet.handler.SimpleUrlHandlerMapping -
				Mapped URL path [/**/favicon.ico] onto handler of type [class org.springframework.web.servlet.resource.ResourceHttpRequestHandler]
2018-08-20 13:51:56.878 [main] INFO  o.s.w.servlet.view.freemarker.FreeMarkerConfigurer -
				ClassTemplateLoader for Spring macros added to FreeMarker configuration
2018-08-20 13:51:57.774 [main] INFO  o.s.jmx.export.annotation.AnnotationMBeanExporter -
				Registering beans for JMX exposure on startup
2018-08-20 13:51:57.778 [main] INFO  o.s.jmx.export.annotation.AnnotationMBeanExporter -
				Bean with name 'dataSource' has been autodetected for JMX exposure
2018-08-20 13:51:57.791 [main] INFO  o.s.jmx.export.annotation.AnnotationMBeanExporter -
				Bean with name 'environmentManager' has been autodetected for JMX exposure
2018-08-20 13:51:57.793 [main] INFO  o.s.jmx.export.annotation.AnnotationMBeanExporter -
				Bean with name 'rabbitConnectionFactory' has been autodetected for JMX exposure
2018-08-20 13:51:57.796 [main] INFO  o.s.jmx.export.annotation.AnnotationMBeanExporter -
				Bean with name 'configurationPropertiesRebinder' has been autodetected for JMX exposure
2018-08-20 13:51:57.798 [main] INFO  o.s.jmx.export.annotation.AnnotationMBeanExporter -
				Bean with name 'refreshScope' has been autodetected for JMX exposure
2018-08-20 13:51:57.802 [main] INFO  o.s.jmx.export.annotation.AnnotationMBeanExporter -
				Located managed bean 'environmentManager': registering with JMX server as MBean [org.springframework.cloud.context.environment:name=environmentManager,type=EnvironmentManager]
2018-08-20 13:51:57.821 [main] INFO  o.s.jmx.export.annotation.AnnotationMBeanExporter -
				Located managed bean 'refreshScope': registering with JMX server as MBean [org.springframework.cloud.context.scope.refresh:name=refreshScope,type=RefreshScope]
2018-08-20 13:51:57.847 [main] INFO  o.s.jmx.export.annotation.AnnotationMBeanExporter -
				Located managed bean 'configurationPropertiesRebinder': registering with JMX server as MBean [org.springframework.cloud.context.properties:name=configurationPropertiesRebinder,context=8deb645,type=ConfigurationPropertiesRebinder]
2018-08-20 13:51:57.859 [main] INFO  o.s.jmx.export.annotation.AnnotationMBeanExporter -
				Located MBean 'dataSource': registering with JMX server as MBean [com.alibaba.druid.pool:name=dataSource,type=DruidDataSource]
2018-08-20 13:51:57.864 [main] INFO  o.s.jmx.export.annotation.AnnotationMBeanExporter -
				Located managed bean 'rabbitConnectionFactory': registering with JMX server as MBean [org.springframework.amqp.rabbit.connection:name=rabbitConnectionFactory,type=CachingConnectionFactory]
2018-08-20 13:51:58.340 [main] INFO  o.s.context.support.DefaultLifecycleProcessor -
				Starting beans in phase 0
2018-08-20 13:51:58.351 [main] INFO  o.s.cloud.netflix.eureka.InstanceInfoFactory -
				Setting initial instance status as: STARTING
2018-08-20 13:51:58.417 [main] INFO  com.netflix.discovery.DiscoveryClient -
				Initializing Eureka in region us-east-1
2018-08-20 13:51:58.972 [main] INFO  c.n.discovery.provider.DiscoveryJerseyProvider -
				Using JSON encoding codec LegacyJacksonJson
2018-08-20 13:51:58.973 [main] INFO  c.n.discovery.provider.DiscoveryJerseyProvider -
				Using JSON decoding codec LegacyJacksonJson
2018-08-20 13:51:59.124 [main] INFO  c.n.discovery.provider.DiscoveryJerseyProvider -
				Using XML encoding codec XStreamXml
2018-08-20 13:51:59.124 [main] INFO  c.n.discovery.provider.DiscoveryJerseyProvider -
				Using XML decoding codec XStreamXml
2018-08-20 13:51:59.496 [main] INFO  c.n.d.shared.resolver.aws.ConfigClusterResolver -
				Resolving eureka endpoints via configuration
2018-08-20 13:51:59.788 [main] INFO  com.netflix.discovery.DiscoveryClient -
				Disable delta property : false
2018-08-20 13:51:59.788 [main] INFO  com.netflix.discovery.DiscoveryClient -
				Single vip registry refresh property : null
2018-08-20 13:51:59.788 [main] INFO  com.netflix.discovery.DiscoveryClient -
				Force full registry fetch : false
2018-08-20 13:51:59.788 [main] INFO  com.netflix.discovery.DiscoveryClient -
				Application is null : false
2018-08-20 13:51:59.789 [main] INFO  com.netflix.discovery.DiscoveryClient -
				Registered Applications size is zero : true
2018-08-20 13:51:59.789 [main] INFO  com.netflix.discovery.DiscoveryClient -
				Application version is -1: true
2018-08-20 13:51:59.789 [main] INFO  com.netflix.discovery.DiscoveryClient -
				Getting all instance registry info from the eureka server
2018-08-20 13:52:00.311 [main] INFO  com.netflix.discovery.DiscoveryClient -
				The response status is 200
2018-08-20 13:52:00.319 [main] INFO  com.netflix.discovery.DiscoveryClient -
				Starting heartbeat executor: renew interval is: 30
2018-08-20 13:52:00.329 [main] INFO  com.netflix.discovery.InstanceInfoReplicator -
				InstanceInfoReplicator onDemand update allowed rate per min is 4
2018-08-20 13:52:00.337 [main] INFO  com.netflix.discovery.DiscoveryClient -
				Discovery Client initialized at timestamp 1534744320337 with initial instances count: 0
2018-08-20 13:52:00.420 [main] INFO  o.s.c.n.e.serviceregistry.EurekaServiceRegistry -
				Registering application test-service with eureka with status UP
2018-08-20 13:52:00.424 [main] INFO  com.netflix.discovery.DiscoveryClient -
				Saw local status change event StatusChangeEvent [timestamp=1534744320424, current=UP, previous=STARTING]
2018-08-20 13:52:00.427 [DiscoveryClient-InstanceInfoReplicator-0] INFO  com.netflix.discovery.DiscoveryClient -
				DiscoveryClient_TEST-SERVICE/test-service.172.21.140.48.8084: registering service...
2018-08-20 13:52:00.432 [main] INFO  o.s.context.support.DefaultLifecycleProcessor -
				Starting beans in phase 2147483647
2018-08-20 13:52:00.433 [main] INFO  s.d.s.web.plugins.DocumentationPluginsBootstrapper -
				Context refreshed
2018-08-20 13:52:00.473 [main] INFO  s.d.s.web.plugins.DocumentationPluginsBootstrapper -
				Found 1 custom documentation plugin(s)
2018-08-20 13:52:00.578 [main] INFO  s.d.spring.web.scanners.ApiListingReferenceScanner -
				Scanning for api listing references
2018-08-20 13:52:00.675 [DiscoveryClient-InstanceInfoReplicator-0] INFO  com.netflix.discovery.DiscoveryClient -
				DiscoveryClient_TEST-SERVICE/test-service.172.21.140.48.8084 - registration status: 204
2018-08-20 13:52:00.697 [main] WARN  s.d.s.w.readers.parameter.ParameterDataTypeReader -
				Trying to infer dataType java.util.Map<java.lang.String,java.lang.String>
2018-08-20 13:52:00.740 [main] WARN  s.d.s.w.readers.parameter.ParameterDataTypeReader -
				Trying to infer dataType java.util.Map<java.lang.String,java.lang.String>
2018-08-20 13:52:00.747 [main] WARN  s.d.s.w.readers.parameter.ParameterDataTypeReader -
				Trying to infer dataType java.util.Map<java.lang.String,java.lang.String>
2018-08-20 13:52:00.753 [main] WARN  s.d.s.w.readers.parameter.ParameterDataTypeReader -
				Trying to infer dataType java.util.Map<java.lang.String,java.lang.String>
2018-08-20 13:52:00.761 [main] WARN  s.d.s.w.readers.parameter.ParameterDataTypeReader -
				Trying to infer dataType java.util.Map<java.lang.String,java.lang.String>
2018-08-20 13:52:00.770 [main] WARN  s.d.s.w.readers.parameter.ParameterDataTypeReader -
				Trying to infer dataType java.util.Map<java.lang.String,java.lang.String>
2018-08-20 13:52:00.776 [main] WARN  s.d.s.w.readers.parameter.ParameterDataTypeReader -
				Trying to infer dataType java.util.Map<java.lang.String,java.lang.String>
2018-08-20 13:52:00.782 [main] WARN  s.d.s.w.readers.parameter.ParameterDataTypeReader -
				Trying to infer dataType java.util.Map<java.lang.String,java.lang.String>
2018-08-20 13:52:01.186 [SimpleAsyncTaskExecutor-1] INFO  o.s.a.rabbit.connection.CachingConnectionFactory -
				Attempting to connect to: [localhost:5672]
2018-08-20 13:52:03.239 [SimpleAsyncTaskExecutor-1] ERROR o.s.a.r.listener.SimpleMessageListenerContainer -
				Failed to check/redeclare auto-delete queue(s).
org.springframework.amqp.AmqpConnectException: java.net.ConnectException: Connection refused: connect
	at org.springframework.amqp.rabbit.support.RabbitExceptionTranslator.convertRabbitAccessException(RabbitExceptionTranslator.java:62)
	at org.springframework.amqp.rabbit.connection.AbstractConnectionFactory.createBareConnection(AbstractConnectionFactory.java:376)
	at org.springframework.amqp.rabbit.connection.CachingConnectionFactory.createConnection(CachingConnectionFactory.java:573)
	at org.springframework.amqp.rabbit.core.RabbitTemplate.doExecute(RabbitTemplate.java:1436)
	at org.springframework.amqp.rabbit.core.RabbitTemplate.execute(RabbitTemplate.java:1417)
	at org.springframework.amqp.rabbit.core.RabbitTemplate.execute(RabbitTemplate.java:1393)
	at org.springframework.amqp.rabbit.core.RabbitAdmin.getQueueProperties(RabbitAdmin.java:368)
	at org.springframework.amqp.rabbit.listener.SimpleMessageListenerContainer.redeclareElementsIfNecessary(SimpleMessageListenerContainer.java:1241)
	at org.springframework.amqp.rabbit.listener.SimpleMessageListenerContainer$AsyncMessageProcessingConsumer.run(SimpleMessageListenerContainer.java:1502)
	at java.lang.Thread.run(Thread.java:748)
Caused by: java.net.ConnectException: Connection refused: connect
	at java.net.DualStackPlainSocketImpl.waitForConnect(Native Method)
	at java.net.DualStackPlainSocketImpl.socketConnect(DualStackPlainSocketImpl.java:85)
	at java.net.AbstractPlainSocketImpl.doConnect(AbstractPlainSocketImpl.java:350)
	at java.net.AbstractPlainSocketImpl.connectToAddress(AbstractPlainSocketImpl.java:206)
	at java.net.AbstractPlainSocketImpl.connect(AbstractPlainSocketImpl.java:188)
	at java.net.PlainSocketImpl.connect(PlainSocketImpl.java:172)
	at java.net.SocksSocketImpl.connect(SocksSocketImpl.java:392)
	at java.net.Socket.connect(Socket.java:589)
	at com.rabbitmq.client.impl.SocketFrameHandlerFactory.create(SocketFrameHandlerFactory.java:50)
	at com.rabbitmq.client.ConnectionFactory.newConnection(ConnectionFactory.java:907)
	at com.rabbitmq.client.ConnectionFactory.newConnection(ConnectionFactory.java:859)
	at com.rabbitmq.client.ConnectionFactory.newConnection(ConnectionFactory.java:799)
	at org.springframework.amqp.rabbit.connection.AbstractConnectionFactory.createBareConnection(AbstractConnectionFactory.java:356)
	... 8 common frames omitted
2018-08-20 13:52:03.247 [SimpleAsyncTaskExecutor-1] INFO  o.s.a.rabbit.connection.CachingConnectionFactory -
				Attempting to connect to: [localhost:5672]
2018-08-20 13:52:05.308 [main] INFO  org.apache.coyote.http11.Http11NioProtocol -
				Starting ProtocolHandler ["http-nio-8084"]
2018-08-20 13:52:05.324 [main] INFO  org.apache.tomcat.util.net.NioSelectorPool -
				Using a shared selector for servlet write/read
2018-08-20 13:52:05.377 [main] INFO  o.s.b.c.e.tomcat.TomcatEmbeddedServletContainer -
				Tomcat started on port(s): 8084 (http)
2018-08-20 13:52:05.380 [main] INFO  o.s.c.n.e.s.EurekaAutoServiceRegistration -
				Updating port to 8084
2018-08-20 13:52:05.389 [main] INFO  com.springboot.TestSpringbootApplication -
				Started TestSpringbootApplication in 20.503 seconds (JVM running for 21.693)
2018-08-20 13:52:10.338 [SimpleAsyncTaskExecutor-1] WARN  o.s.a.r.listener.SimpleMessageListenerContainer -
				Consumer raised exception, processing can restart if the connection factory supports it. Exception summary: org.springframework.amqp.AmqpConnectException: java.net.ConnectException: Connection refused: connect
2018-08-20 13:52:10.343 [SimpleAsyncTaskExecutor-1] INFO  o.s.a.r.listener.SimpleMessageListenerContainer -
				Restarting Consumer@3723de42: tags=[{}], channel=null, acknowledgeMode=AUTO local queue size=0
2018-08-20 13:52:10.348 [SimpleAsyncTaskExecutor-2] INFO  o.s.a.rabbit.connection.CachingConnectionFactory -
				Attempting to connect to: [localhost:5672]
2018-08-20 13:52:12.400 [SimpleAsyncTaskExecutor-2] ERROR o.s.a.r.listener.SimpleMessageListenerContainer -
				Failed to check/redeclare auto-delete queue(s).
org.springframework.amqp.AmqpConnectException: java.net.ConnectException: Connection refused: connect
	at org.springframework.amqp.rabbit.support.RabbitExceptionTranslator.convertRabbitAccessException(RabbitExceptionTranslator.java:62)
	at org.springframework.amqp.rabbit.connection.AbstractConnectionFactory.createBareConnection(AbstractConnectionFactory.java:376)
	at org.springframework.amqp.rabbit.connection.CachingConnectionFactory.createConnection(CachingConnectionFactory.java:573)
	at org.springframework.amqp.rabbit.core.RabbitTemplate.doExecute(RabbitTemplate.java:1436)
	at org.springframework.amqp.rabbit.core.RabbitTemplate.execute(RabbitTemplate.java:1417)
	at org.springframework.amqp.rabbit.core.RabbitTemplate.execute(RabbitTemplate.java:1393)
	at org.springframework.amqp.rabbit.core.RabbitAdmin.getQueueProperties(RabbitAdmin.java:368)
	at org.springframework.amqp.rabbit.listener.SimpleMessageListenerContainer.redeclareElementsIfNecessary(SimpleMessageListenerContainer.java:1241)
	at org.springframework.amqp.rabbit.listener.SimpleMessageListenerContainer$AsyncMessageProcessingConsumer.run(SimpleMessageListenerContainer.java:1502)
	at java.lang.Thread.run(Thread.java:748)
Caused by: java.net.ConnectException: Connection refused: connect
	at java.net.DualStackPlainSocketImpl.waitForConnect(Native Method)
	at java.net.DualStackPlainSocketImpl.socketConnect(DualStackPlainSocketImpl.java:85)
	at java.net.AbstractPlainSocketImpl.doConnect(AbstractPlainSocketImpl.java:350)
	at java.net.AbstractPlainSocketImpl.connectToAddress(AbstractPlainSocketImpl.java:206)
	at java.net.AbstractPlainSocketImpl.connect(AbstractPlainSocketImpl.java:188)
	at java.net.PlainSocketImpl.connect(PlainSocketImpl.java:172)
	at java.net.SocksSocketImpl.connect(SocksSocketImpl.java:392)
	at java.net.Socket.connect(Socket.java:589)
	at com.rabbitmq.client.impl.SocketFrameHandlerFactory.create(SocketFrameHandlerFactory.java:50)
	at com.rabbitmq.client.ConnectionFactory.newConnection(ConnectionFactory.java:907)
	at com.rabbitmq.client.ConnectionFactory.newConnection(ConnectionFactory.java:859)
	at com.rabbitmq.client.ConnectionFactory.newConnection(ConnectionFactory.java:799)
	at org.springframework.amqp.rabbit.connection.AbstractConnectionFactory.createBareConnection(AbstractConnectionFactory.java:356)
	... 8 common frames omitted
2018-08-20 13:52:12.401 [SimpleAsyncTaskExecutor-2] INFO  o.s.a.rabbit.connection.CachingConnectionFactory -
				Attempting to connect to: [localhost:5672]
2018-08-20 13:52:19.465 [SimpleAsyncTaskExecutor-2] WARN  o.s.a.r.listener.SimpleMessageListenerContainer -
				Consumer raised exception, processing can restart if the connection factory supports it. Exception summary: org.springframework.amqp.AmqpConnectException: java.net.ConnectException: Connection refused: connect
2018-08-20 13:52:19.466 [SimpleAsyncTaskExecutor-2] INFO  o.s.a.r.listener.SimpleMessageListenerContainer -
				Restarting Consumer@b3485d3: tags=[{}], channel=null, acknowledgeMode=AUTO local queue size=0
2018-08-20 13:52:19.467 [SimpleAsyncTaskExecutor-3] INFO  o.s.a.rabbit.connection.CachingConnectionFactory -
				Attempting to connect to: [localhost:5672]
2018-08-20 13:52:21.511 [SimpleAsyncTaskExecutor-3] ERROR o.s.a.r.listener.SimpleMessageListenerContainer -
				Failed to check/redeclare auto-delete queue(s).
org.springframework.amqp.AmqpConnectException: java.net.ConnectException: Connection refused: connect
	at org.springframework.amqp.rabbit.support.RabbitExceptionTranslator.convertRabbitAccessException(RabbitExceptionTranslator.java:62)
	at org.springframework.amqp.rabbit.connection.AbstractConnectionFactory.createBareConnection(AbstractConnectionFactory.java:376)
	at org.springframework.amqp.rabbit.connection.CachingConnectionFactory.createConnection(CachingConnectionFactory.java:573)
	at org.springframework.amqp.rabbit.core.RabbitTemplate.doExecute(RabbitTemplate.java:1436)
	at org.springframework.amqp.rabbit.core.RabbitTemplate.execute(RabbitTemplate.java:1417)
	at org.springframework.amqp.rabbit.core.RabbitTemplate.execute(RabbitTemplate.java:1393)
	at org.springframework.amqp.rabbit.core.RabbitAdmin.getQueueProperties(RabbitAdmin.java:368)
	at org.springframework.amqp.rabbit.listener.SimpleMessageListenerContainer.redeclareElementsIfNecessary(SimpleMessageListenerContainer.java:1241)
	at org.springframework.amqp.rabbit.listener.SimpleMessageListenerContainer$AsyncMessageProcessingConsumer.run(SimpleMessageListenerContainer.java:1502)
	at java.lang.Thread.run(Thread.java:748)
Caused by: java.net.ConnectException: Connection refused: connect
	at java.net.DualStackPlainSocketImpl.waitForConnect(Native Method)
	at java.net.DualStackPlainSocketImpl.socketConnect(DualStackPlainSocketImpl.java:85)
	at java.net.AbstractPlainSocketImpl.doConnect(AbstractPlainSocketImpl.java:350)
	at java.net.AbstractPlainSocketImpl.connectToAddress(AbstractPlainSocketImpl.java:206)
	at java.net.AbstractPlainSocketImpl.connect(AbstractPlainSocketImpl.java:188)
	at java.net.PlainSocketImpl.connect(PlainSocketImpl.java:172)
	at java.net.SocksSocketImpl.connect(SocksSocketImpl.java:392)
	at java.net.Socket.connect(Socket.java:589)
	at com.rabbitmq.client.impl.SocketFrameHandlerFactory.create(SocketFrameHandlerFactory.java:50)
	at com.rabbitmq.client.ConnectionFactory.newConnection(ConnectionFactory.java:907)
	at com.rabbitmq.client.ConnectionFactory.newConnection(ConnectionFactory.java:859)
	at com.rabbitmq.client.ConnectionFactory.newConnection(ConnectionFactory.java:799)
	at org.springframework.amqp.rabbit.connection.AbstractConnectionFactory.createBareConnection(AbstractConnectionFactory.java:356)
	... 8 common frames omitted
2018-08-20 13:52:21.512 [SimpleAsyncTaskExecutor-3] INFO  o.s.a.rabbit.connection.CachingConnectionFactory -
				Attempting to connect to: [localhost:5672]
2018-08-20 13:52:28.601 [SimpleAsyncTaskExecutor-3] WARN  o.s.a.r.listener.SimpleMessageListenerContainer -
				Consumer raised exception, processing can restart if the connection factory supports it. Exception summary: org.springframework.amqp.AmqpConnectException: java.net.ConnectException: Connection refused: connect
2018-08-20 13:52:28.604 [SimpleAsyncTaskExecutor-3] INFO  o.s.a.r.listener.SimpleMessageListenerContainer -
				Restarting Consumer@90a18a2: tags=[{}], channel=null, acknowledgeMode=AUTO local queue size=0
2018-08-20 13:52:28.609 [SimpleAsyncTaskExecutor-4] INFO  o.s.a.rabbit.connection.CachingConnectionFactory -
				Attempting to connect to: [localhost:5672]
2018-08-20 13:52:30.324 [DiscoveryClient-CacheRefreshExecutor-0] INFO  com.netflix.discovery.DiscoveryClient -
				Disable delta property : false
2018-08-20 13:52:30.326 [DiscoveryClient-CacheRefreshExecutor-0] INFO  com.netflix.discovery.DiscoveryClient -
				Single vip registry refresh property : null
2018-08-20 13:52:30.326 [DiscoveryClient-CacheRefreshExecutor-0] INFO  com.netflix.discovery.DiscoveryClient -
				Force full registry fetch : false
2018-08-20 13:52:30.327 [DiscoveryClient-CacheRefreshExecutor-0] INFO  com.netflix.discovery.DiscoveryClient -
				Application is null : false
2018-08-20 13:52:30.330 [DiscoveryClient-CacheRefreshExecutor-0] INFO  com.netflix.discovery.DiscoveryClient -
				Registered Applications size is zero : true
2018-08-20 13:52:30.331 [DiscoveryClient-CacheRefreshExecutor-0] INFO  com.netflix.discovery.DiscoveryClient -
				Application version is -1: false
2018-08-20 13:52:30.332 [DiscoveryClient-CacheRefreshExecutor-0] INFO  com.netflix.discovery.DiscoveryClient -
				Getting all instance registry info from the eureka server
2018-08-20 13:52:30.377 [DiscoveryClient-CacheRefreshExecutor-0] INFO  com.netflix.discovery.DiscoveryClient -
				The response status is 200
2018-08-20 13:52:30.652 [SimpleAsyncTaskExecutor-4] ERROR o.s.a.r.listener.SimpleMessageListenerContainer -
				Failed to check/redeclare auto-delete queue(s).
org.springframework.amqp.AmqpConnectException: java.net.ConnectException: Connection refused: connect
	at org.springframework.amqp.rabbit.support.RabbitExceptionTranslator.convertRabbitAccessException(RabbitExceptionTranslator.java:62)
	at org.springframework.amqp.rabbit.connection.AbstractConnectionFactory.createBareConnection(AbstractConnectionFactory.java:376)
	at org.springframework.amqp.rabbit.connection.CachingConnectionFactory.createConnection(CachingConnectionFactory.java:573)
	at org.springframework.amqp.rabbit.core.RabbitTemplate.doExecute(RabbitTemplate.java:1436)
	at org.springframework.amqp.rabbit.core.RabbitTemplate.execute(RabbitTemplate.java:1417)
	at org.springframework.amqp.rabbit.core.RabbitTemplate.execute(RabbitTemplate.java:1393)
	at org.springframework.amqp.rabbit.core.RabbitAdmin.getQueueProperties(RabbitAdmin.java:368)
	at org.springframework.amqp.rabbit.listener.SimpleMessageListenerContainer.redeclareElementsIfNecessary(SimpleMessageListenerContainer.java:1241)
	at org.springframework.amqp.rabbit.listener.SimpleMessageListenerContainer$AsyncMessageProcessingConsumer.run(SimpleMessageListenerContainer.java:1502)
	at java.lang.Thread.run(Thread.java:748)
Caused by: java.net.ConnectException: Connection refused: connect
	at java.net.DualStackPlainSocketImpl.waitForConnect(Native Method)
	at java.net.DualStackPlainSocketImpl.socketConnect(DualStackPlainSocketImpl.java:85)
	at java.net.AbstractPlainSocketImpl.doConnect(AbstractPlainSocketImpl.java:350)
	at java.net.AbstractPlainSocketImpl.connectToAddress(AbstractPlainSocketImpl.java:206)
	at java.net.AbstractPlainSocketImpl.connect(AbstractPlainSocketImpl.java:188)
	at java.net.PlainSocketImpl.connect(PlainSocketImpl.java:172)
	at java.net.SocksSocketImpl.connect(SocksSocketImpl.java:392)
	at java.net.Socket.connect(Socket.java:589)
	at com.rabbitmq.client.impl.SocketFrameHandlerFactory.create(SocketFrameHandlerFactory.java:50)
	at com.rabbitmq.client.ConnectionFactory.newConnection(ConnectionFactory.java:907)
	at com.rabbitmq.client.ConnectionFactory.newConnection(ConnectionFactory.java:859)
	at com.rabbitmq.client.ConnectionFactory.newConnection(ConnectionFactory.java:799)
	at org.springframework.amqp.rabbit.connection.AbstractConnectionFactory.createBareConnection(AbstractConnectionFactory.java:356)
	... 8 common frames omitted
2018-08-20 13:52:30.652 [SimpleAsyncTaskExecutor-4] INFO  o.s.a.rabbit.connection.CachingConnectionFactory -
				Attempting to connect to: [localhost:5672]
2018-08-20 13:52:37.735 [SimpleAsyncTaskExecutor-4] WARN  o.s.a.r.listener.SimpleMessageListenerContainer -
				Consumer raised exception, processing can restart if the connection factory supports it. Exception summary: org.springframework.amqp.AmqpConnectException: java.net.ConnectException: Connection refused: connect
2018-08-20 13:52:37.736 [SimpleAsyncTaskExecutor-4] INFO  o.s.a.r.listener.SimpleMessageListenerContainer -
				Restarting Consumer@745785f0: tags=[{}], channel=null, acknowledgeMode=AUTO local queue size=0
2018-08-20 13:52:37.739 [SimpleAsyncTaskExecutor-5] INFO  o.s.a.rabbit.connection.CachingConnectionFactory -
				Attempting to connect to: [localhost:5672]
2018-08-20 13:52:39.783 [SimpleAsyncTaskExecutor-5] ERROR o.s.a.r.listener.SimpleMessageListenerContainer -
				Failed to check/redeclare auto-delete queue(s).
org.springframework.amqp.AmqpConnectException: java.net.ConnectException: Connection refused: connect
	at org.springframework.amqp.rabbit.support.RabbitExceptionTranslator.convertRabbitAccessException(RabbitExceptionTranslator.java:62)
	at org.springframework.amqp.rabbit.connection.AbstractConnectionFactory.createBareConnection(AbstractConnectionFactory.java:376)
	at org.springframework.amqp.rabbit.connection.CachingConnectionFactory.createConnection(CachingConnectionFactory.java:573)
	at org.springframework.amqp.rabbit.core.RabbitTemplate.doExecute(RabbitTemplate.java:1436)
	at org.springframework.amqp.rabbit.core.RabbitTemplate.execute(RabbitTemplate.java:1417)
	at org.springframework.amqp.rabbit.core.RabbitTemplate.execute(RabbitTemplate.java:1393)
	at org.springframework.amqp.rabbit.core.RabbitAdmin.getQueueProperties(RabbitAdmin.java:368)
	at org.springframework.amqp.rabbit.listener.SimpleMessageListenerContainer.redeclareElementsIfNecessary(SimpleMessageListenerContainer.java:1241)
	at org.springframework.amqp.rabbit.listener.SimpleMessageListenerContainer$AsyncMessageProcessingConsumer.run(SimpleMessageListenerContainer.java:1502)
	at java.lang.Thread.run(Thread.java:748)
Caused by: java.net.ConnectException: Connection refused: connect
	at java.net.DualStackPlainSocketImpl.waitForConnect(Native Method)
	at java.net.DualStackPlainSocketImpl.socketConnect(DualStackPlainSocketImpl.java:85)
	at java.net.AbstractPlainSocketImpl.doConnect(AbstractPlainSocketImpl.java:350)
	at java.net.AbstractPlainSocketImpl.connectToAddress(AbstractPlainSocketImpl.java:206)
	at java.net.AbstractPlainSocketImpl.connect(AbstractPlainSocketImpl.java:188)
	at java.net.PlainSocketImpl.connect(PlainSocketImpl.java:172)
	at java.net.SocksSocketImpl.connect(SocksSocketImpl.java:392)
	at java.net.Socket.connect(Socket.java:589)
	at com.rabbitmq.client.impl.SocketFrameHandlerFactory.create(SocketFrameHandlerFactory.java:50)
	at com.rabbitmq.client.ConnectionFactory.newConnection(ConnectionFactory.java:907)
	at com.rabbitmq.client.ConnectionFactory.newConnection(ConnectionFactory.java:859)
	at com.rabbitmq.client.ConnectionFactory.newConnection(ConnectionFactory.java:799)
	at org.springframework.amqp.rabbit.connection.AbstractConnectionFactory.createBareConnection(AbstractConnectionFactory.java:356)
	... 8 common frames omitted
2018-08-20 13:52:39.784 [SimpleAsyncTaskExecutor-5] INFO  o.s.a.rabbit.connection.CachingConnectionFactory -
				Attempting to connect to: [localhost:5672]
2018-08-20 13:52:46.880 [SimpleAsyncTaskExecutor-5] WARN  o.s.a.r.listener.SimpleMessageListenerContainer -
				Consumer raised exception, processing can restart if the connection factory supports it. Exception summary: org.springframework.amqp.AmqpConnectException: java.net.ConnectException: Connection refused: connect
2018-08-20 13:52:46.881 [SimpleAsyncTaskExecutor-5] INFO  o.s.a.r.listener.SimpleMessageListenerContainer -
				Restarting Consumer@3ce2571c: tags=[{}], channel=null, acknowledgeMode=AUTO local queue size=0
2018-08-20 13:52:46.882 [SimpleAsyncTaskExecutor-6] INFO  o.s.a.rabbit.connection.CachingConnectionFactory -
				Attempting to connect to: [localhost:5672]
2018-08-20 13:52:48.925 [SimpleAsyncTaskExecutor-6] ERROR o.s.a.r.listener.SimpleMessageListenerContainer -
				Failed to check/redeclare auto-delete queue(s).
org.springframework.amqp.AmqpConnectException: java.net.ConnectException: Connection refused: connect
	at org.springframework.amqp.rabbit.support.RabbitExceptionTranslator.convertRabbitAccessException(RabbitExceptionTranslator.java:62)
	at org.springframework.amqp.rabbit.connection.AbstractConnectionFactory.createBareConnection(AbstractConnectionFactory.java:376)
	at org.springframework.amqp.rabbit.connection.CachingConnectionFactory.createConnection(CachingConnectionFactory.java:573)
	at org.springframework.amqp.rabbit.core.RabbitTemplate.doExecute(RabbitTemplate.java:1436)
	at org.springframework.amqp.rabbit.core.RabbitTemplate.execute(RabbitTemplate.java:1417)
	at org.springframework.amqp.rabbit.core.RabbitTemplate.execute(RabbitTemplate.java:1393)
	at org.springframework.amqp.rabbit.core.RabbitAdmin.getQueueProperties(RabbitAdmin.java:368)
	at org.springframework.amqp.rabbit.listener.SimpleMessageListenerContainer.redeclareElementsIfNecessary(SimpleMessageListenerContainer.java:1241)
	at org.springframework.amqp.rabbit.listener.SimpleMessageListenerContainer$AsyncMessageProcessingConsumer.run(SimpleMessageListenerContainer.java:1502)
	at java.lang.Thread.run(Thread.java:748)
Caused by: java.net.ConnectException: Connection refused: connect
	at java.net.DualStackPlainSocketImpl.waitForConnect(Native Method)
	at java.net.DualStackPlainSocketImpl.socketConnect(DualStackPlainSocketImpl.java:85)
	at java.net.AbstractPlainSocketImpl.doConnect(AbstractPlainSocketImpl.java:350)
	at java.net.AbstractPlainSocketImpl.connectToAddress(AbstractPlainSocketImpl.java:206)
	at java.net.AbstractPlainSocketImpl.connect(AbstractPlainSocketImpl.java:188)
	at java.net.PlainSocketImpl.connect(PlainSocketImpl.java:172)
	at java.net.SocksSocketImpl.connect(SocksSocketImpl.java:392)
	at java.net.Socket.connect(Socket.java:589)
	at com.rabbitmq.client.impl.SocketFrameHandlerFactory.create(SocketFrameHandlerFactory.java:50)
	at com.rabbitmq.client.ConnectionFactory.newConnection(ConnectionFactory.java:907)
	at com.rabbitmq.client.ConnectionFactory.newConnection(ConnectionFactory.java:859)
	at com.rabbitmq.client.ConnectionFactory.newConnection(ConnectionFactory.java:799)
	at org.springframework.amqp.rabbit.connection.AbstractConnectionFactory.createBareConnection(AbstractConnectionFactory.java:356)
	... 8 common frames omitted
2018-08-20 13:52:48.926 [SimpleAsyncTaskExecutor-6] INFO  o.s.a.rabbit.connection.CachingConnectionFactory -
				Attempting to connect to: [localhost:5672]
2018-08-20 13:52:56.051 [SimpleAsyncTaskExecutor-6] WARN  o.s.a.r.listener.SimpleMessageListenerContainer -
				Consumer raised exception, processing can restart if the connection factory supports it. Exception summary: org.springframework.amqp.AmqpConnectException: java.net.ConnectException: Connection refused: connect
2018-08-20 13:52:56.053 [SimpleAsyncTaskExecutor-6] INFO  o.s.a.r.listener.SimpleMessageListenerContainer -
				Restarting Consumer@40155b17: tags=[{}], channel=null, acknowledgeMode=AUTO local queue size=0
2018-08-20 13:52:56.055 [SimpleAsyncTaskExecutor-7] INFO  o.s.a.rabbit.connection.CachingConnectionFactory -
				Attempting to connect to: [localhost:5672]
2018-08-20 13:52:58.089 [SimpleAsyncTaskExecutor-7] ERROR o.s.a.r.listener.SimpleMessageListenerContainer -
				Failed to check/redeclare auto-delete queue(s).
org.springframework.amqp.AmqpConnectException: java.net.ConnectException: Connection refused: connect
	at org.springframework.amqp.rabbit.support.RabbitExceptionTranslator.convertRabbitAccessException(RabbitExceptionTranslator.java:62)
	at org.springframework.amqp.rabbit.connection.AbstractConnectionFactory.createBareConnection(AbstractConnectionFactory.java:376)
	at org.springframework.amqp.rabbit.connection.CachingConnectionFactory.createConnection(CachingConnectionFactory.java:573)
	at org.springframework.amqp.rabbit.core.RabbitTemplate.doExecute(RabbitTemplate.java:1436)
	at org.springframework.amqp.rabbit.core.RabbitTemplate.execute(RabbitTemplate.java:1417)
	at org.springframework.amqp.rabbit.core.RabbitTemplate.execute(RabbitTemplate.java:1393)
	at org.springframework.amqp.rabbit.core.RabbitAdmin.getQueueProperties(RabbitAdmin.java:368)
	at org.springframework.amqp.rabbit.listener.SimpleMessageListenerContainer.redeclareElementsIfNecessary(SimpleMessageListenerContainer.java:1241)
	at org.springframework.amqp.rabbit.listener.SimpleMessageListenerContainer$AsyncMessageProcessingConsumer.run(SimpleMessageListenerContainer.java:1502)
	at java.lang.Thread.run(Thread.java:748)
Caused by: java.net.ConnectException: Connection refused: connect
	at java.net.DualStackPlainSocketImpl.waitForConnect(Native Method)
	at java.net.DualStackPlainSocketImpl.socketConnect(DualStackPlainSocketImpl.java:85)
	at java.net.AbstractPlainSocketImpl.doConnect(AbstractPlainSocketImpl.java:350)
	at java.net.AbstractPlainSocketImpl.connectToAddress(AbstractPlainSocketImpl.java:206)
	at java.net.AbstractPlainSocketImpl.connect(AbstractPlainSocketImpl.java:188)
	at java.net.PlainSocketImpl.connect(PlainSocketImpl.java:172)
	at java.net.SocksSocketImpl.connect(SocksSocketImpl.java:392)
	at java.net.Socket.connect(Socket.java:589)
	at com.rabbitmq.client.impl.SocketFrameHandlerFactory.create(SocketFrameHandlerFactory.java:50)
	at com.rabbitmq.client.ConnectionFactory.newConnection(ConnectionFactory.java:907)
	at com.rabbitmq.client.ConnectionFactory.newConnection(ConnectionFactory.java:859)
	at com.rabbitmq.client.ConnectionFactory.newConnection(ConnectionFactory.java:799)
	at org.springframework.amqp.rabbit.connection.AbstractConnectionFactory.createBareConnection(AbstractConnectionFactory.java:356)
	... 8 common frames omitted
2018-08-20 13:52:58.090 [SimpleAsyncTaskExecutor-7] INFO  o.s.a.rabbit.connection.CachingConnectionFactory -
				Attempting to connect to: [localhost:5672]
2018-08-20 13:53:05.226 [SimpleAsyncTaskExecutor-7] WARN  o.s.a.r.listener.SimpleMessageListenerContainer -
				Consumer raised exception, processing can restart if the connection factory supports it. Exception summary: org.springframework.amqp.AmqpConnectException: java.net.ConnectException: Connection refused: connect
2018-08-20 13:53:05.226 [SimpleAsyncTaskExecutor-7] INFO  o.s.a.r.listener.SimpleMessageListenerContainer -
				Restarting Consumer@96ca219: tags=[{}], channel=null, acknowledgeMode=AUTO local queue size=0
2018-08-20 13:53:05.226 [SimpleAsyncTaskExecutor-8] INFO  o.s.a.rabbit.connection.CachingConnectionFactory -
				Attempting to connect to: [localhost:5672]
2018-08-20 13:53:07.276 [SimpleAsyncTaskExecutor-8] ERROR o.s.a.r.listener.SimpleMessageListenerContainer -
				Failed to check/redeclare auto-delete queue(s).
org.springframework.amqp.AmqpConnectException: java.net.ConnectException: Connection refused: connect
	at org.springframework.amqp.rabbit.support.RabbitExceptionTranslator.convertRabbitAccessException(RabbitExceptionTranslator.java:62)
	at org.springframework.amqp.rabbit.connection.AbstractConnectionFactory.createBareConnection(AbstractConnectionFactory.java:376)
	at org.springframework.amqp.rabbit.connection.CachingConnectionFactory.createConnection(CachingConnectionFactory.java:573)
	at org.springframework.amqp.rabbit.core.RabbitTemplate.doExecute(RabbitTemplate.java:1436)
	at org.springframework.amqp.rabbit.core.RabbitTemplate.execute(RabbitTemplate.java:1417)
	at org.springframework.amqp.rabbit.core.RabbitTemplate.execute(RabbitTemplate.java:1393)
	at org.springframework.amqp.rabbit.core.RabbitAdmin.getQueueProperties(RabbitAdmin.java:368)
	at org.springframework.amqp.rabbit.listener.SimpleMessageListenerContainer.redeclareElementsIfNecessary(SimpleMessageListenerContainer.java:1241)
	at org.springframework.amqp.rabbit.listener.SimpleMessageListenerContainer$AsyncMessageProcessingConsumer.run(SimpleMessageListenerContainer.java:1502)
	at java.lang.Thread.run(Thread.java:748)
Caused by: java.net.ConnectException: Connection refused: connect
	at java.net.DualStackPlainSocketImpl.waitForConnect(Native Method)
	at java.net.DualStackPlainSocketImpl.socketConnect(DualStackPlainSocketImpl.java:85)
	at java.net.AbstractPlainSocketImpl.doConnect(AbstractPlainSocketImpl.java:350)
	at java.net.AbstractPlainSocketImpl.connectToAddress(AbstractPlainSocketImpl.java:206)
	at java.net.AbstractPlainSocketImpl.connect(AbstractPlainSocketImpl.java:188)
	at java.net.PlainSocketImpl.connect(PlainSocketImpl.java:172)
	at java.net.SocksSocketImpl.connect(SocksSocketImpl.java:392)
	at java.net.Socket.connect(Socket.java:589)
	at com.rabbitmq.client.impl.SocketFrameHandlerFactory.create(SocketFrameHandlerFactory.java:50)
	at com.rabbitmq.client.ConnectionFactory.newConnection(ConnectionFactory.java:907)
	at com.rabbitmq.client.ConnectionFactory.newConnection(ConnectionFactory.java:859)
	at com.rabbitmq.client.ConnectionFactory.newConnection(ConnectionFactory.java:799)
	at org.springframework.amqp.rabbit.connection.AbstractConnectionFactory.createBareConnection(AbstractConnectionFactory.java:356)
	... 8 common frames omitted
2018-08-20 13:53:07.277 [SimpleAsyncTaskExecutor-8] INFO  o.s.a.rabbit.connection.CachingConnectionFactory -
				Attempting to connect to: [localhost:5672]
2018-08-20 13:53:14.415 [SimpleAsyncTaskExecutor-8] WARN  o.s.a.r.listener.SimpleMessageListenerContainer -
				Consumer raised exception, processing can restart if the connection factory supports it. Exception summary: org.springframework.amqp.AmqpConnectException: java.net.ConnectException: Connection refused: connect
2018-08-20 13:53:14.420 [SimpleAsyncTaskExecutor-8] INFO  o.s.a.r.listener.SimpleMessageListenerContainer -
				Restarting Consumer@688ca1c2: tags=[{}], channel=null, acknowledgeMode=AUTO local queue size=0
2018-08-20 13:53:14.428 [SimpleAsyncTaskExecutor-9] INFO  o.s.a.rabbit.connection.CachingConnectionFactory -
				Attempting to connect to: [localhost:5672]
2018-08-20 13:53:16.497 [SimpleAsyncTaskExecutor-9] ERROR o.s.a.r.listener.SimpleMessageListenerContainer -
				Failed to check/redeclare auto-delete queue(s).
org.springframework.amqp.AmqpConnectException: java.net.ConnectException: Connection refused: connect
	at org.springframework.amqp.rabbit.support.RabbitExceptionTranslator.convertRabbitAccessException(RabbitExceptionTranslator.java:62)
	at org.springframework.amqp.rabbit.connection.AbstractConnectionFactory.createBareConnection(AbstractConnectionFactory.java:376)
	at org.springframework.amqp.rabbit.connection.CachingConnectionFactory.createConnection(CachingConnectionFactory.java:573)
	at org.springframework.amqp.rabbit.core.RabbitTemplate.doExecute(RabbitTemplate.java:1436)
	at org.springframework.amqp.rabbit.core.RabbitTemplate.execute(RabbitTemplate.java:1417)
	at org.springframework.amqp.rabbit.core.RabbitTemplate.execute(RabbitTemplate.java:1393)
	at org.springframework.amqp.rabbit.core.RabbitAdmin.getQueueProperties(RabbitAdmin.java:368)
	at org.springframework.amqp.rabbit.listener.SimpleMessageListenerContainer.redeclareElementsIfNecessary(SimpleMessageListenerContainer.java:1241)
	at org.springframework.amqp.rabbit.listener.SimpleMessageListenerContainer$AsyncMessageProcessingConsumer.run(SimpleMessageListenerContainer.java:1502)
	at java.lang.Thread.run(Thread.java:748)
Caused by: java.net.ConnectException: Connection refused: connect
	at java.net.DualStackPlainSocketImpl.waitForConnect(Native Method)
	at java.net.DualStackPlainSocketImpl.socketConnect(DualStackPlainSocketImpl.java:85)
	at java.net.AbstractPlainSocketImpl.doConnect(AbstractPlainSocketImpl.java:350)
	at java.net.AbstractPlainSocketImpl.connectToAddress(AbstractPlainSocketImpl.java:206)
	at java.net.AbstractPlainSocketImpl.connect(AbstractPlainSocketImpl.java:188)
	at java.net.PlainSocketImpl.connect(PlainSocketImpl.java:172)
	at java.net.SocksSocketImpl.connect(SocksSocketImpl.java:392)
	at java.net.Socket.connect(Socket.java:589)
	at com.rabbitmq.client.impl.SocketFrameHandlerFactory.create(SocketFrameHandlerFactory.java:50)
	at com.rabbitmq.client.ConnectionFactory.newConnection(ConnectionFactory.java:907)
	at com.rabbitmq.client.ConnectionFactory.newConnection(ConnectionFactory.java:859)
	at com.rabbitmq.client.ConnectionFactory.newConnection(ConnectionFactory.java:799)
	at org.springframework.amqp.rabbit.connection.AbstractConnectionFactory.createBareConnection(AbstractConnectionFactory.java:356)
	... 8 common frames omitted
2018-08-20 13:53:16.499 [SimpleAsyncTaskExecutor-9] INFO  o.s.a.rabbit.connection.CachingConnectionFactory -
				Attempting to connect to: [localhost:5672]
2018-08-20 13:53:23.587 [SimpleAsyncTaskExecutor-9] WARN  o.s.a.r.listener.SimpleMessageListenerContainer -
				Consumer raised exception, processing can restart if the connection factory supports it. Exception summary: org.springframework.amqp.AmqpConnectException: java.net.ConnectException: Connection refused: connect
2018-08-20 13:53:23.587 [SimpleAsyncTaskExecutor-9] INFO  o.s.a.r.listener.SimpleMessageListenerContainer -
				Restarting Consumer@4b6b2876: tags=[{}], channel=null, acknowledgeMode=AUTO local queue size=0
2018-08-20 13:53:23.589 [SimpleAsyncTaskExecutor-10] INFO  o.s.a.rabbit.connection.CachingConnectionFactory -
				Attempting to connect to: [localhost:5672]
2018-08-20 13:53:25.611 [SimpleAsyncTaskExecutor-10] ERROR o.s.a.r.listener.SimpleMessageListenerContainer -
				Failed to check/redeclare auto-delete queue(s).
org.springframework.amqp.AmqpConnectException: java.net.ConnectException: Connection refused: connect
	at org.springframework.amqp.rabbit.support.RabbitExceptionTranslator.convertRabbitAccessException(RabbitExceptionTranslator.java:62)
	at org.springframework.amqp.rabbit.connection.AbstractConnectionFactory.createBareConnection(AbstractConnectionFactory.java:376)
	at org.springframework.amqp.rabbit.connection.CachingConnectionFactory.createConnection(CachingConnectionFactory.java:573)
	at org.springframework.amqp.rabbit.core.RabbitTemplate.doExecute(RabbitTemplate.java:1436)
	at org.springframework.amqp.rabbit.core.RabbitTemplate.execute(RabbitTemplate.java:1417)
	at org.springframework.amqp.rabbit.core.RabbitTemplate.execute(RabbitTemplate.java:1393)
	at org.springframework.amqp.rabbit.core.RabbitAdmin.getQueueProperties(RabbitAdmin.java:368)
	at org.springframework.amqp.rabbit.listener.SimpleMessageListenerContainer.redeclareElementsIfNecessary(SimpleMessageListenerContainer.java:1241)
	at org.springframework.amqp.rabbit.listener.SimpleMessageListenerContainer$AsyncMessageProcessingConsumer.run(SimpleMessageListenerContainer.java:1502)
	at java.lang.Thread.run(Thread.java:748)
Caused by: java.net.ConnectException: Connection refused: connect
	at java.net.DualStackPlainSocketImpl.waitForConnect(Native Method)
	at java.net.DualStackPlainSocketImpl.socketConnect(DualStackPlainSocketImpl.java:85)
	at java.net.AbstractPlainSocketImpl.doConnect(AbstractPlainSocketImpl.java:350)
	at java.net.AbstractPlainSocketImpl.connectToAddress(AbstractPlainSocketImpl.java:206)
	at java.net.AbstractPlainSocketImpl.connect(AbstractPlainSocketImpl.java:188)
	at java.net.PlainSocketImpl.connect(PlainSocketImpl.java:172)
	at java.net.SocksSocketImpl.connect(SocksSocketImpl.java:392)
	at java.net.Socket.connect(Socket.java:589)
	at com.rabbitmq.client.impl.SocketFrameHandlerFactory.create(SocketFrameHandlerFactory.java:50)
	at com.rabbitmq.client.ConnectionFactory.newConnection(ConnectionFactory.java:907)
	at com.rabbitmq.client.ConnectionFactory.newConnection(ConnectionFactory.java:859)
	at com.rabbitmq.client.ConnectionFactory.newConnection(ConnectionFactory.java:799)
	at org.springframework.amqp.rabbit.connection.AbstractConnectionFactory.createBareConnection(AbstractConnectionFactory.java:356)
	... 8 common frames omitted
2018-08-20 13:53:25.612 [SimpleAsyncTaskExecutor-10] INFO  o.s.a.rabbit.connection.CachingConnectionFactory -
				Attempting to connect to: [localhost:5672]
2018-08-20 13:53:32.751 [SimpleAsyncTaskExecutor-10] WARN  o.s.a.r.listener.SimpleMessageListenerContainer -
				Consumer raised exception, processing can restart if the connection factory supports it. Exception summary: org.springframework.amqp.AmqpConnectException: java.net.ConnectException: Connection refused: connect
2018-08-20 13:53:32.751 [SimpleAsyncTaskExecutor-10] INFO  o.s.a.r.listener.SimpleMessageListenerContainer -
				Restarting Consumer@6e7162ad: tags=[{}], channel=null, acknowledgeMode=AUTO local queue size=0
2018-08-20 13:53:32.752 [SimpleAsyncTaskExecutor-11] INFO  o.s.a.rabbit.connection.CachingConnectionFactory -
				Attempting to connect to: [localhost:5672]
2018-08-20 13:53:34.779 [SimpleAsyncTaskExecutor-11] ERROR o.s.a.r.listener.SimpleMessageListenerContainer -
				Failed to check/redeclare auto-delete queue(s).
org.springframework.amqp.AmqpConnectException: java.net.ConnectException: Connection refused: connect
	at org.springframework.amqp.rabbit.support.RabbitExceptionTranslator.convertRabbitAccessException(RabbitExceptionTranslator.java:62)
	at org.springframework.amqp.rabbit.connection.AbstractConnectionFactory.createBareConnection(AbstractConnectionFactory.java:376)
	at org.springframework.amqp.rabbit.connection.CachingConnectionFactory.createConnection(CachingConnectionFactory.java:573)
	at org.springframework.amqp.rabbit.core.RabbitTemplate.doExecute(RabbitTemplate.java:1436)
	at org.springframework.amqp.rabbit.core.RabbitTemplate.execute(RabbitTemplate.java:1417)
	at org.springframework.amqp.rabbit.core.RabbitTemplate.execute(RabbitTemplate.java:1393)
	at org.springframework.amqp.rabbit.core.RabbitAdmin.getQueueProperties(RabbitAdmin.java:368)
	at org.springframework.amqp.rabbit.listener.SimpleMessageListenerContainer.redeclareElementsIfNecessary(SimpleMessageListenerContainer.java:1241)
	at org.springframework.amqp.rabbit.listener.SimpleMessageListenerContainer$AsyncMessageProcessingConsumer.run(SimpleMessageListenerContainer.java:1502)
	at java.lang.Thread.run(Thread.java:748)
Caused by: java.net.ConnectException: Connection refused: connect
	at java.net.DualStackPlainSocketImpl.waitForConnect(Native Method)
	at java.net.DualStackPlainSocketImpl.socketConnect(DualStackPlainSocketImpl.java:85)
	at java.net.AbstractPlainSocketImpl.doConnect(AbstractPlainSocketImpl.java:350)
	at java.net.AbstractPlainSocketImpl.connectToAddress(AbstractPlainSocketImpl.java:206)
	at java.net.AbstractPlainSocketImpl.connect(AbstractPlainSocketImpl.java:188)
	at java.net.PlainSocketImpl.connect(PlainSocketImpl.java:172)
	at java.net.SocksSocketImpl.connect(SocksSocketImpl.java:392)
	at java.net.Socket.connect(Socket.java:589)
	at com.rabbitmq.client.impl.SocketFrameHandlerFactory.create(SocketFrameHandlerFactory.java:50)
	at com.rabbitmq.client.ConnectionFactory.newConnection(ConnectionFactory.java:907)
	at com.rabbitmq.client.ConnectionFactory.newConnection(ConnectionFactory.java:859)
	at com.rabbitmq.client.ConnectionFactory.newConnection(ConnectionFactory.java:799)
	at org.springframework.amqp.rabbit.connection.AbstractConnectionFactory.createBareConnection(AbstractConnectionFactory.java:356)
	... 8 common frames omitted
2018-08-20 13:53:34.781 [SimpleAsyncTaskExecutor-11] INFO  o.s.a.rabbit.connection.CachingConnectionFactory -
				Attempting to connect to: [localhost:5672]
2018-08-20 13:53:40.391 [http-nio-8084-exec-1] INFO  o.a.c.core.ContainerBase.[Tomcat].[localhost].[/] -
				Initializing Spring FrameworkServlet 'dispatcherServlet'
2018-08-20 13:53:40.391 [http-nio-8084-exec-1] INFO  org.springframework.web.servlet.DispatcherServlet -
				FrameworkServlet 'dispatcherServlet': initialization started
2018-08-20 13:53:40.422 [http-nio-8084-exec-1] INFO  org.springframework.web.servlet.DispatcherServlet -
				FrameworkServlet 'dispatcherServlet': initialization completed in 31 ms
2018-08-20 13:53:41.887 [SimpleAsyncTaskExecutor-11] WARN  o.s.a.r.listener.SimpleMessageListenerContainer -
				Consumer raised exception, processing can restart if the connection factory supports it. Exception summary: org.springframework.amqp.AmqpConnectException: java.net.ConnectException: Connection refused: connect
2018-08-20 13:53:41.888 [SimpleAsyncTaskExecutor-11] INFO  o.s.a.r.listener.SimpleMessageListenerContainer -
				Restarting Consumer@64b1e573: tags=[{}], channel=null, acknowledgeMode=AUTO local queue size=0
2018-08-20 13:53:41.889 [SimpleAsyncTaskExecutor-12] INFO  o.s.a.rabbit.connection.CachingConnectionFactory -
				Attempting to connect to: [localhost:5672]
2018-08-20 13:53:43.913 [SimpleAsyncTaskExecutor-12] ERROR o.s.a.r.listener.SimpleMessageListenerContainer -
				Failed to check/redeclare auto-delete queue(s).
org.springframework.amqp.AmqpConnectException: java.net.ConnectException: Connection refused: connect
	at org.springframework.amqp.rabbit.support.RabbitExceptionTranslator.convertRabbitAccessException(RabbitExceptionTranslator.java:62)
	at org.springframework.amqp.rabbit.connection.AbstractConnectionFactory.createBareConnection(AbstractConnectionFactory.java:376)
	at org.springframework.amqp.rabbit.connection.CachingConnectionFactory.createConnection(CachingConnectionFactory.java:573)
	at org.springframework.amqp.rabbit.core.RabbitTemplate.doExecute(RabbitTemplate.java:1436)
	at org.springframework.amqp.rabbit.core.RabbitTemplate.execute(RabbitTemplate.java:1417)
	at org.springframework.amqp.rabbit.core.RabbitTemplate.execute(RabbitTemplate.java:1393)
	at org.springframework.amqp.rabbit.core.RabbitAdmin.getQueueProperties(RabbitAdmin.java:368)
	at org.springframework.amqp.rabbit.listener.SimpleMessageListenerContainer.redeclareElementsIfNecessary(SimpleMessageListenerContainer.java:1241)
	at org.springframework.amqp.rabbit.listener.SimpleMessageListenerContainer$AsyncMessageProcessingConsumer.run(SimpleMessageListenerContainer.java:1502)
	at java.lang.Thread.run(Thread.java:748)
Caused by: java.net.ConnectException: Connection refused: connect
	at java.net.DualStackPlainSocketImpl.waitForConnect(Native Method)
	at java.net.DualStackPlainSocketImpl.socketConnect(DualStackPlainSocketImpl.java:85)
	at java.net.AbstractPlainSocketImpl.doConnect(AbstractPlainSocketImpl.java:350)
	at java.net.AbstractPlainSocketImpl.connectToAddress(AbstractPlainSocketImpl.java:206)
	at java.net.AbstractPlainSocketImpl.connect(AbstractPlainSocketImpl.java:188)
	at java.net.PlainSocketImpl.connect(PlainSocketImpl.java:172)
	at java.net.SocksSocketImpl.connect(SocksSocketImpl.java:392)
	at java.net.Socket.connect(Socket.java:589)
	at com.rabbitmq.client.impl.SocketFrameHandlerFactory.create(SocketFrameHandlerFactory.java:50)
	at com.rabbitmq.client.ConnectionFactory.newConnection(ConnectionFactory.java:907)
	at com.rabbitmq.client.ConnectionFactory.newConnection(ConnectionFactory.java:859)
	at com.rabbitmq.client.ConnectionFactory.newConnection(ConnectionFactory.java:799)
	at org.springframework.amqp.rabbit.connection.AbstractConnectionFactory.createBareConnection(AbstractConnectionFactory.java:356)
	... 8 common frames omitted
2018-08-20 13:53:43.914 [SimpleAsyncTaskExecutor-12] INFO  o.s.a.rabbit.connection.CachingConnectionFactory -
				Attempting to connect to: [localhost:5672]
2018-08-20 13:53:51.040 [SimpleAsyncTaskExecutor-12] WARN  o.s.a.r.listener.SimpleMessageListenerContainer -
				Consumer raised exception, processing can restart if the connection factory supports it. Exception summary: org.springframework.amqp.AmqpConnectException: java.net.ConnectException: Connection refused: connect
2018-08-20 13:53:51.042 [SimpleAsyncTaskExecutor-12] INFO  o.s.a.r.listener.SimpleMessageListenerContainer -
				Restarting Consumer@667bfb38: tags=[{}], channel=null, acknowledgeMode=AUTO local queue size=0
2018-08-20 13:53:51.044 [SimpleAsyncTaskExecutor-13] INFO  o.s.a.rabbit.connection.CachingConnectionFactory -
				Attempting to connect to: [localhost:5672]
2018-08-20 13:53:52.210 [RMI TCP Connection(2)-127.0.0.1] INFO  o.s.b.a.SpringApplicationAdminMXBeanRegistrar$SpringApplicationAdmin -
				Application shutdown requested.
2018-08-20 13:53:52.211 [RMI TCP Connection(2)-127.0.0.1] INFO  o.s.b.c.e.AnnotationConfigEmbeddedWebApplicationContext -
				Closing org.springframework.boot.context.embedded.AnnotationConfigEmbeddedWebApplicationContext@8deb645: startup date [Mon Aug 20 13:51:48 CST 2018]; parent: org.springframework.context.annotation.AnnotationConfigApplicationContext@2a5b3fee
2018-08-20 13:53:52.213 [RMI TCP Connection(2)-127.0.0.1] INFO  o.s.c.n.e.serviceregistry.EurekaServiceRegistry -
				Unregistering application test-service with eureka with status DOWN
2018-08-20 13:53:52.213 [RMI TCP Connection(2)-127.0.0.1] WARN  com.netflix.discovery.DiscoveryClient -
				Saw local status change event StatusChangeEvent [timestamp=1534744432213, current=DOWN, previous=UP]
2018-08-20 13:53:52.213 [DiscoveryClient-InstanceInfoReplicator-0] INFO  com.netflix.discovery.DiscoveryClient -
				DiscoveryClient_TEST-SERVICE/test-service.172.21.140.48.8084: registering service...
2018-08-20 13:53:52.213 [RMI TCP Connection(2)-127.0.0.1] INFO  com.netflix.discovery.DiscoveryClient -
				Shutting down DiscoveryClient ...
2018-08-20 13:53:52.214 [RMI TCP Connection(2)-127.0.0.1] INFO  com.netflix.discovery.DiscoveryClient -
				Unregistering ...
2018-08-20 13:53:52.236 [DiscoveryClient-InstanceInfoReplicator-0] INFO  com.netflix.discovery.DiscoveryClient -
				DiscoveryClient_TEST-SERVICE/test-service.172.21.140.48.8084 - registration status: 204
2018-08-20 13:53:52.236 [RMI TCP Connection(2)-127.0.0.1] INFO  com.netflix.discovery.DiscoveryClient -
				DiscoveryClient_TEST-SERVICE/test-service.172.21.140.48.8084 - deregister  status: 200
2018-08-20 13:53:52.256 [RMI TCP Connection(2)-127.0.0.1] INFO  com.netflix.discovery.DiscoveryClient -
				Completed shut down of DiscoveryClient
2018-08-20 13:53:52.258 [RMI TCP Connection(2)-127.0.0.1] INFO  o.s.context.support.DefaultLifecycleProcessor -
				Stopping beans in phase 2147483647
2018-08-20 13:53:52.260 [RMI TCP Connection(2)-127.0.0.1] INFO  o.s.a.r.listener.SimpleMessageListenerContainer -
				Waiting for workers to finish.
2018-08-20 13:53:52.260 [RMI TCP Connection(2)-127.0.0.1] INFO  o.s.a.r.listener.SimpleMessageListenerContainer -
				Successfully waited for workers to finish.
2018-08-20 13:53:52.261 [RMI TCP Connection(2)-127.0.0.1] INFO  o.s.context.support.DefaultLifecycleProcessor -
				Stopping beans in phase 0
2018-08-20 13:53:52.263 [RMI TCP Connection(2)-127.0.0.1] INFO  o.s.a.r.listener.SimpleMessageListenerContainer -
				Shutdown ignored - container is not active already
2018-08-20 13:53:52.264 [RMI TCP Connection(2)-127.0.0.1] INFO  o.s.jmx.export.annotation.AnnotationMBeanExporter -
				Unregistering JMX-exposed beans on shutdown
2018-08-20 13:53:52.265 [RMI TCP Connection(2)-127.0.0.1] INFO  o.s.jmx.export.annotation.AnnotationMBeanExporter -
				Unregistering JMX-exposed beans
2018-08-20 13:53:53.086 [SimpleAsyncTaskExecutor-13] ERROR o.s.a.r.listener.SimpleMessageListenerContainer -
				Failed to check/redeclare auto-delete queue(s).
org.springframework.amqp.AmqpConnectException: java.net.ConnectException: Connection refused: connect
	at org.springframework.amqp.rabbit.support.RabbitExceptionTranslator.convertRabbitAccessException(RabbitExceptionTranslator.java:62)
	at org.springframework.amqp.rabbit.connection.AbstractConnectionFactory.createBareConnection(AbstractConnectionFactory.java:376)
	at org.springframework.amqp.rabbit.connection.CachingConnectionFactory.createConnection(CachingConnectionFactory.java:573)
	at org.springframework.amqp.rabbit.core.RabbitTemplate.doExecute(RabbitTemplate.java:1436)
	at org.springframework.amqp.rabbit.core.RabbitTemplate.execute(RabbitTemplate.java:1417)
	at org.springframework.amqp.rabbit.core.RabbitTemplate.execute(RabbitTemplate.java:1393)
	at org.springframework.amqp.rabbit.core.RabbitAdmin.getQueueProperties(RabbitAdmin.java:368)
	at org.springframework.amqp.rabbit.listener.SimpleMessageListenerContainer.redeclareElementsIfNecessary(SimpleMessageListenerContainer.java:1241)
	at org.springframework.amqp.rabbit.listener.SimpleMessageListenerContainer$AsyncMessageProcessingConsumer.run(SimpleMessageListenerContainer.java:1502)
	at java.lang.Thread.run(Thread.java:748)
Caused by: java.net.ConnectException: Connection refused: connect
	at java.net.DualStackPlainSocketImpl.waitForConnect(Native Method)
	at java.net.DualStackPlainSocketImpl.socketConnect(DualStackPlainSocketImpl.java:85)
	at java.net.AbstractPlainSocketImpl.doConnect(AbstractPlainSocketImpl.java:350)
	at java.net.AbstractPlainSocketImpl.connectToAddress(AbstractPlainSocketImpl.java:206)
	at java.net.AbstractPlainSocketImpl.connect(AbstractPlainSocketImpl.java:188)
	at java.net.PlainSocketImpl.connect(PlainSocketImpl.java:172)
	at java.net.SocksSocketImpl.connect(SocksSocketImpl.java:392)
	at java.net.Socket.connect(Socket.java:589)
	at com.rabbitmq.client.impl.SocketFrameHandlerFactory.create(SocketFrameHandlerFactory.java:50)
	at com.rabbitmq.client.ConnectionFactory.newConnection(ConnectionFactory.java:907)
	at com.rabbitmq.client.ConnectionFactory.newConnection(ConnectionFactory.java:859)
	at com.rabbitmq.client.ConnectionFactory.newConnection(ConnectionFactory.java:799)
	at org.springframework.amqp.rabbit.connection.AbstractConnectionFactory.createBareConnection(AbstractConnectionFactory.java:356)
	... 8 common frames omitted
2018-08-20 13:53:53.088 [RMI TCP Connection(2)-127.0.0.1] INFO  org.apache.coyote.http11.Http11NioProtocol -
				Pausing ProtocolHandler ["http-nio-8084"]
2018-08-20 13:53:53.428 [RMI TCP Connection(2)-127.0.0.1] INFO  org.apache.catalina.core.StandardService -
				Stopping service [Tomcat]
2018-08-20 13:53:53.446 [localhost-startStop-2] INFO  o.a.c.core.ContainerBase.[Tomcat].[localhost].[/] -
				Destroying Spring FrameworkServlet 'dispatcherServlet'
2018-08-20 13:53:53.479 [RMI TCP Connection(2)-127.0.0.1] INFO  org.apache.coyote.http11.Http11NioProtocol -
				Stopping ProtocolHandler ["http-nio-8084"]
2018-08-20 13:53:53.487 [RMI TCP Connection(2)-127.0.0.1] INFO  org.apache.coyote.http11.Http11NioProtocol -
				Destroying ProtocolHandler ["http-nio-8084"]
